
================================================================
======== txAdmin Starting - 1/31/2022, 8:13:34 PM               
================================================================

================================================================
======== Log Rotated - 1/31/2022, 8:13:34 PM                    
================================================================
[20:14:44] [Nick_Bottari] logged in via in-game ui
[20:16:23] [Nick_Bottari] logged in from 24.147.160.160 via citizenfx
[20:16:23] [Nick_Bottari] logged in via in-game ui
[20:16:38] [Nick_Bottari] ensure "nb-notification"
[20:27:55] [Nick_Bottari] STOP SERVER

================================================================
======== txAdmin Starting - 3/5/2022, 11:14:06 AM               
================================================================
[11:15:35] [Nick_Bottari] logged in via in-game ui

================================================================
======== txAdmin Starting - 3/5/2022, 1:16:14 PM                
================================================================
[13:16:47] [Nick_Bottari] logged in via in-game ui
[14:48:59] [Nick_Bottari] logged in via in-game ui
[14:50:46] [Nick_Bottari] logged in from 24.147.160.160 via citizenfx
[14:51:09] [Nick_Bottari] ensure "nb-spawn"
[14:51:42] [Nick_Bottari] logged in via in-game ui
[15:00:38] [Nick_Bottari] logged in via in-game ui
[15:01:01] [Nick_Bottari] restart nb-spawn
[15:05:50] [Nick_Bottari] logged in via in-game ui
[15:08:00] [Nick_Bottari] ensure nb-spawn
[15:08:04] [Nick_Bottari] ensure nui2
[15:08:36] [Nick_Bottari] logged in via in-game ui
[15:11:46] [Nick_Bottari] logged in via in-game ui
[15:16:35] [Nick_Bottari] logged in via in-game ui
[15:17:48] [Nick_Bottari] logged in via in-game ui

================================================================
======== txAdmin Starting - 3/5/2022, 3:31:50 PM                
================================================================
[15:32:47] [Nick_Bottari] logged in via in-game ui

================================================================
======== txAdmin Starting - 3/5/2022, 3:46:23 PM                
================================================================
[15:46:55] [Nick_Bottari] logged in via in-game ui
[15:50:24] [Nick_Bottari] logged in via in-game ui
[15:58:35] [Nick_Bottari] logged in via in-game ui
[16:00:03] [Nick_Bottari] logged in via in-game ui
[16:01:41] [Nick_Bottari] logged in via in-game ui
[16:02:28] [Nick_Bottari] logged in via in-game ui
[16:35:08] [Nick_Bottari] logged in via in-game ui
[16:38:23] [Nick_Bottari] logged in via in-game ui
[16:41:35] [Nick_Bottari] logged in via in-game ui
[16:48:14] [Nick_Bottari] logged in via in-game ui
[16:49:40] [Nick_Bottari] logged in from 51.91.137.120 via citizenfx
[16:50:01] [Nick_Bottari] ensure "nb-spawn"
[16:50:37] [Nick_Bottari] logged in via in-game ui
[16:51:33] [Nick_Bottari] logged in via in-game ui
