
================================================================
======== Log Rotated - 1/31/2022, 8:13:34 PM                    
================================================================

================================================================
======== FXServer Starting - 1/31/2022, 8:13:35 PM              
================================================================
[                 cmd] No such config file: database.cfg
[    c-scripting-core] Creating script environments for _cfx_internal
[ citizen-server-impl] Scanning resources.
[ citizen-server-impl] Found 35 resources.
[          svadhesive] Authenticating server license key...
[          svadhesive] Server license key authentication succeeded. Welcome!
[    c-scripting-core] Creating script environments for sessionmanager
[ citizen-server-impl] Started resource sessionmanager
[    c-scripting-core] Creating script environments for monitor
[      script:monitor] [txAdminClient] Version 4.11.0 starting...
[ citizen-server-impl] Started resource monitor
[    c-scripting-core] Creating script environments for mapmanager
[ citizen-server-impl] Started resource mapmanager
[    c-scripting-core] Creating script environments for yarn
[ citizen-server-impl] Started resource yarn
[    c-scripting-core] Creating script environments for webpack
[ citizen-server-impl] Started resource webpack
[    c-scripting-core] Creating script environments for chat
[ citizen-server-impl] Started resource chat
[ citizen-server-impl] Started resource spawnmanager
[   script:mapmanager] Started gametype Freeroam
[ citizen-server-impl] Started resource basic-gamemode
[    c-scripting-core] Creating script environments for hardcap
[ citizen-server-impl] Started resource hardcap
[    c-scripting-core] Creating script environments for rconlog
[ citizen-server-impl] Started resource rconlog
[ citizen-server-impl] Couldn't find resource mongodb.
[ citizen-server-impl] Started resource nb-spawn
[38;5;73m[ citizen-server-impl] Started resource nb-coords
[ citizen-server-impl] Started resource nb-tp
[                 cmd] No such config file: database.cfg
[      script:monitor] [txAdminClient] Threads and commands set up. All Ready.
[   script:mapmanager] Started map fivem-map-hipster
[ citizen-server-impl] Started resource fivem-map-hipster
[ citizen-server-impl]         fff                          
[ citizen-server-impl]   cccc ff   xx  xx     rr rr    eee  
[ citizen-server-impl] cc     ffff   xx       rrr  r ee   e 
[ citizen-server-impl] cc     ff     xx   ... rr     eeeee  
[ citizen-server-impl]  ccccc ff   xx  xx ... rr      eeeee 
[ citizen-server-impl]                                      
[ citizen-server-impl] Authenticated with cfx.re Nucleus: https://nick-bottari-jb47mp.users.cfx.re/
[ citizen-server-impl] -- [server notice: tebex_not_set]
[ citizen-server-impl] ================
[ citizen-server-impl] Monetize your server using Tebex! Visit https://tebex.io/fivem for more info.
[ citizen-server-impl] ================
[ citizen-server-impl] 
[ citizen-server-impl] A client has tried to authenticate using Steam, but `steam_webApiKey` is unset. Please set steam_webApiKey to a Steam Web API key as registered on Valve's https://steamcommunity.com/dev/apikey web page. Steam identifier information will be unavailable otherwise.
[ citizen-server-impl] To suppress this message, `set steam_webApiKey "none"`.
[      script:hardcap] Connecting: ComposedNebula2
[ citizen-server-impl] Server list query returned an error: System.Threading.Tasks.TaskCanceledException: The operation was canceled. <- System.TimeoutException: The operation was canceled. <- System.Threading.Tasks.TaskCanceledException: The request was canceled due to the configured HttpClient.Timeout of 30 seconds elapsing.
[ citizen-server-impl] Can't restart a stopped resource.
> txaEvent "adminsUpdated" "[1]"
> txaReportResources
[      script:monitor] [txAdminClient] Sending resources list to txAdmin.
> ensure "nb-notification"
[ citizen-server-impl] Started resource nb-notification
> txaReportResources
[      script:monitor] [txAdminClient] Sending resources list to txAdmin.
[ citizen-server-impl] Server list query returned an error: System.Threading.Tasks.TaskCanceledException: The operation was canceled. <- System.TimeoutException: The operation was canceled. <- System.Threading.Tasks.TaskCanceledException: The request was canceled due to the configured HttpClient.Timeout of 30 seconds elapsing.
[ citizen-server-impl] Stopping resource nb-notification
[ citizen-server-impl] Started resource nb-notification
[ citizen-server-impl] Server list query returned an error: System.Threading.Tasks.TaskCanceledException: The operation was canceled. <- System.TimeoutException: The operation was canceled. <- System.Threading.Tasks.TaskCanceledException: The request was canceled due to the configured HttpClient.Timeout of 30 seconds elapsing.
[ citizen-server-impl] Stopping resource nb-notification
[ citizen-server-impl] Started resource nb-notification
[ citizen-server-impl] Server list query returned an error: System.Threading.Tasks.TaskCanceledException: The operation was canceled. <- System.TimeoutException: The operation was canceled. <- System.Threading.Tasks.TaskCanceledException: The request was canceled due to the configured HttpClient.Timeout of 30 seconds elapsing.
[ citizen-server-impl] Stopping resource nb-notification
[ citizen-server-impl] Started resource nb-notification
[ citizen-server-impl] Server list query returned an error: System.Threading.Tasks.TaskCanceledException: The operation was canceled. <- System.TimeoutException: The operation was canceled. <- System.Threading.Tasks.TaskCanceledException: The request was canceled due to the configured HttpClient.Timeout of 30 seconds elapsing.
[ citizen-server-impl] Server list query returned an error: System.Threading.Tasks.TaskCanceledException: The operation was canceled. <- System.TimeoutException: The operation was canceled. <- System.Threading.Tasks.TaskCanceledException: The request was canceled due to the configured HttpClient.Timeout of 30 seconds elapsing.
> quit "Server shutting down (Nick_Bottari)."
[ citizen-server-main] -> Quitting: Server shutting down (Nick_Bottari).

================================================================
======== FXServer Starting - 3/5/2022, 11:14:07 AM              
================================================================
[                 cmd] No such config file: database.cfg
[    c-scripting-core] Creating script environments for _cfx_internal
[ citizen-server-impl] Scanning resources.
[    c-resources-core] Resource loading for node_modules failed:
[    c-resources-core] Could not open resource metadata file - no such file.
[    c-resources-core] Resource loading for src failed:
[    c-resources-core] Could not open resource metadata file - no such file.
[ citizen-server-impl] Found 29 resources.
[          svadhesive] Authenticating server license key...
[          svadhesive] Server license key authentication succeeded. Welcome!
[    c-scripting-core] Creating script environments for sessionmanager
[ citizen-server-impl] Started resource sessionmanager
[    c-scripting-core] Creating script environments for monitor
[      script:monitor] [txAdminClient] Version 4.11.0 starting...
[ citizen-server-impl] Started resource monitor
[              cmdsys] No such command database=fivem.
[              cmdsys] [97mNo such command userid=root.
[              cmdsys] No such command '.
[    c-scripting-core] Creating script environments for mapmanager
[ citizen-server-impl] Started resource mapmanager
[    c-scripting-core] Creating script environments for yarn
[ citizen-server-impl] Started resource yarn
[    c-scripting-core] Creating script environments for webpack
[ citizen-server-impl] Started resource webpack
[    c-scripting-core] Creating script environments for chat
[ citizen-server-impl] Started resource chat
[ citizen-server-impl] Started resource spawnmanager
[   script:mapmanager] Started gametype Freeroam
[ citizen-server-impl] Started resource basic-gamemode
[    c-scripting-core] [97mCreating script environments for hardcap
[ citizen-server-impl] Started resource hardcap
[    c-scripting-core] Creating script environments for rconlog
[ citizen-server-impl] Started resource rconlog
[    c-scripting-core] Creating script environments for mysql-async
[ citizen-server-impl] Started resource mysql-async
[ citizen-server-impl] Couldn't find resource nb-spawn.
[ citizen-server-impl] Couldn't find resource nb-coords.
[ citizen-server-impl] Couldn't find resource nb-tp.
[ citizen-server-impl] Couldn't find resource nb-car_spawn.
[ citizen-server-impl] Couldn't find resource nb-notification.
[ citizen-server-impl] Couldn't find resource np-chat.
[                 cmd] No such config file: database.cfg
[  script:mysql-async] [mysql-async] [ERROR] ER_ACCESS_DENIED_ERROR: Access denied for user 'root'@'localhost' (using password: NO)
[      script:monitor] [txAdminClient] Threads and commands set up. All Ready.
[   script:mapmanager] Started map fivem-map-hipster
[ citizen-server-impl] Started resource fivem-map-hipster
[ citizen-server-impl]         fff                          
[38;5;73m[ citizen-server-impl]   cccc ff   xx  xx     rr rr    eee  
[ citizen-server-impl] cc     ffff   xx       rrr  r ee   e 
[ citizen-server-impl] cc     ff     xx   ... rr     eeeee  
[ citizen-server-impl]  ccccc ff   xx  xx ... rr      eeeee 
[ citizen-server-impl]                                      
[ citizen-server-impl] Authenticated with cfx.re Nucleus: https://nick-bottari-jb47mp.users.cfx.re/
[ citizen-server-impl] -- [server notice: tebex_not_set]
[ citizen-server-impl] ================
[ citizen-server-impl] Monetize your server using Tebex! Visit https://tebex.io/fivem for more info.
[ citizen-server-impl] ================
[ citizen-server-impl] 
[ citizen-server-impl] A client has tried to authenticate using Steam, but `steam_webApiKey` is unset. Please set steam_webApiKey to a Steam Web API key as registered on Valve's https://steamcommunity.com/dev/apikey web page. Steam identifier information will be unavailable otherwise.
[ citizen-server-impl] To suppress this message, `set steam_webApiKey "none"`.
[      script:hardcap] Connecting: ComposedNebula2
[ citizen-server-impl] Server list query returned an error: System.Threading.Tasks.TaskCanceledException: The operation was canceled. <- System.TimeoutException: The operation was canceled. <- System.Threading.Tasks.TaskCanceledException: The request was canceled due to the configured HttpClient.Timeout of 30 seconds elapsing.
[ citizen-server-impl] Couldn't find resource nb-carspawn.
[ citizen-server-impl] Couldn't find resource nb-car_spawn.
[ citizen-server-impl] Scanning resources.
[    c-resources-core] [0mResource loading for node_modules failed:
[    c-resources-core] Could not open resource metadata file - no such file.
[    c-resources-core] [0mResource loading for src failed:
[    c-resources-core] Could not open resource metadata file - no such file.
[ citizen-server-impl] Found 2 new resources, and refreshed 0/27 resources.
[ citizen-server-impl] Couldn't find resource nb-car_spawn.
[ citizen-server-impl] Scanning resources.
[    c-resources-core] Resource loading for node_modules failed:
[    c-resources-core] Could not open resource metadata file - no such file.
[    c-resources-core] Resource loading for src failed:
[    c-resources-core] Could not open resource metadata file - no such file.
[ citizen-server-impl] Found 9 new resources, and refreshed 0/27 resources.
[ citizen-server-impl] Some resources have an outdated resource manifest:
[ citizen-server-impl]     - np-chat
[ citizen-server-impl] 
[ citizen-server-impl] Please update these resources.
[ citizen-server-impl] Server list query returned an error: System.Threading.Tasks.TaskCanceledException: The operation was canceled. <- System.TimeoutException: The operation was canceled. <- System.Threading.Tasks.TaskCanceledException: The request was canceled due to the configured HttpClient.Timeout of 30 seconds elapsing.
[ citizen-server-impl] Couldn't find resource nb-carspawn.
[ citizen-server-impl] Started resource nb-car_spawn
[ citizen-server-impl] Stopping resource nb-car_spawn
[ citizen-server-impl] Started resource nb-car_spawn
[ citizen-server-impl] Stopping resource nb-car_spawn
[ citizen-server-impl] Started resource nb-car_spawn
[ citizen-server-impl] Server list query returned an error: System.Threading.Tasks.TaskCanceledException: The operation was canceled. <- System.TimeoutException: The operation was canceled. <- System.Threading.Tasks.TaskCanceledException: The request was canceled due to the configured HttpClient.Timeout of 30 seconds elapsing.
[ citizen-server-impl] Server list query returned an error: System.Threading.Tasks.TaskCanceledException: The operation was canceled. <- System.TimeoutException: The operation was canceled. <- System.Threading.Tasks.TaskCanceledException: The request was canceled due to the configured HttpClient.Timeout of 30 seconds elapsing.
[ citizen-server-impl] Stopping resource nb-car_spawn
[ citizen-server-impl] Started resource nb-car_spawn
[ citizen-server-impl] Stopping resource nb-car_spawn
[ citizen-server-impl] Started resource nb-car_spawn
[ citizen-server-impl] Server list query returned an error: System.Threading.Tasks.TaskCanceledException: The operation was canceled. <- System.TimeoutException: The operation was canceled. <- System.Threading.Tasks.TaskCanceledException: The request was canceled due to the configured HttpClient.Timeout of 30 seconds elapsing.
[ citizen-server-impl] Stopping resource chat
[    c-scripting-core] Creating script environments for chat
[ citizen-server-impl] Started resource chat
[ citizen-server-impl] Stopping resource nb-car_spawn
[ citizen-server-impl] Started resource nb-car_spawn
[ citizen-server-impl] Stopping resource nb-car_spawn
[ citizen-server-impl] Started resource nb-car_spawn
[ citizen-server-impl] Server list query returned an error: System.Threading.Tasks.TaskCanceledException: The operation was canceled. <- System.TimeoutException: The operation was canceled. <- System.Threading.Tasks.TaskCanceledException: The request was canceled due to the configured HttpClient.Timeout of 30 seconds elapsing.
[ citizen-server-impl] Stopping resource nb-car_spawn
[ citizen-server-impl] Started resource nb-car_spawn
[ citizen-server-impl] Server list query returned an error: System.Threading.Tasks.TaskCanceledException: The operation was canceled. <- System.TimeoutException: The operation was canceled. <- System.Threading.Tasks.TaskCanceledException: The request was canceled due to the configured HttpClient.Timeout of 30 seconds elapsing.
[ citizen-server-impl] Stopping resource nb-car_spawn
[ citizen-server-impl] Started resource nb-car_spawn
[ citizen-server-impl] Couldn't find resource nb-notificatio.
[ citizen-server-impl] Started resource nb-notification
[ citizen-server-impl] Couldn't find resource nb-coordfs.
[ citizen-server-impl] Started resource nb-coords
[ citizen-server-impl] [0mCouldn't find resource nb-coordfs.
[ citizen-server-impl] Server list query returned an error: System.Threading.Tasks.TaskCanceledException: The operation was canceled. <- System.TimeoutException: The operation was canceled. <- System.Threading.Tasks.TaskCanceledException: The request was canceled due to the configured HttpClient.Timeout of 30 seconds elapsing.
[ citizen-server-impl] Stopping resource nb-coords
[ citizen-server-impl] Started resource nb-coords
[ citizen-server-impl] Couldn't find resource nb-teleprt.
[ citizen-server-impl] Couldn't find resource nb-teleport.[0m
[ citizen-server-impl] Started resource nb-tp
[ citizen-server-impl] Stopping resource nb-tp
[ citizen-server-impl] Started resource nb-tp
[ citizen-server-impl] Server list query returned an error: System.Threading.Tasks.TaskCanceledException: The operation was canceled. <- System.TimeoutException: The operation was canceled. <- System.Threading.Tasks.TaskCanceledException: The request was canceled due to the configured HttpClient.Timeout of 30 seconds elapsing.
[ citizen-server-impl] Stopping resource nb-tp
[ citizen-server-impl] Started resource nb-tp
[ citizen-server-impl] Stopping resource nb-tp
[ citizen-server-impl] Started resource nb-tp
[ citizen-server-impl] Stopping resource nb-tp
[ citizen-server-impl] Started resource nb-tp
[ citizen-server-impl] Stopping resource nb-tp
[ citizen-server-impl] Started resource nb-tp
[ citizen-server-impl] Stopping resource nb-tp
[ citizen-server-impl] Started resource nb-tp
[ citizen-server-impl] Stopping resource nb-tp
[ citizen-server-impl] Started resource nb-tp
[ citizen-server-impl] Server list query returned an error: System.Threading.Tasks.TaskCanceledException: The operation was canceled. <- System.TimeoutException: The operation was canceled. <- System.Threading.Tasks.TaskCanceledException: The request was canceled due to the configured HttpClient.Timeout of 30 seconds elapsing.
[ citizen-server-impl] Stopping resource nb-tp
[ citizen-server-impl] Started resource nb-tp
[ citizen-server-impl] Stopping resource nb-tp
[ citizen-server-impl] Started resource nb-tp
[ citizen-server-impl] Stopping resource nb-tp
[ citizen-server-impl] Started resource nb-tp
[ citizen-server-impl] Stopping resource nb-tp
[ citizen-server-impl] Started resource nb-tp
[ citizen-server-impl] Stopping resource nb-tp
[ citizen-server-impl] Started resource nb-tp
[ citizen-server-impl] Server list query returned an error: System.Threading.Tasks.TaskCanceledException: The operation was canceled. <- System.TimeoutException: The operation was canceled. <- System.Threading.Tasks.TaskCanceledException: The request was canceled due to the configured HttpClient.Timeout of 30 seconds elapsing.
[ citizen-server-impl] Stopping resource nb-tp
[ citizen-server-impl] Started resource nb-tp
[ citizen-server-impl] Couldn't find resource coderun.
[ citizen-server-impl] Couldn't find resource coderun.
[ citizen-server-impl] Scanning resources.
[    c-resources-core] Resource loading for node_modules failed:
[    c-resources-core] Could not open resource metadata file - no such file.
[    c-resources-core] [0mResource loading for src failed:
[    c-resources-core] Could not open resource metadata file - no such file.
[ citizen-server-impl] Found 3 new resources, and refreshed 2/34 resources.
[    c-scripting-core] Creating script environments for coderun
[ citizen-server-impl] Started resource coderun
[ citizen-server-impl] Server list query returned an error: System.Threading.Tasks.TaskCanceledException: The operation was canceled. <- System.TimeoutException: The operation was canceled. <- System.Threading.Tasks.TaskCanceledException: The request was canceled due to the configured HttpClient.Timeout of 30 seconds elapsing.
[         script:chat] ComposedNebula2: tp_saved casino
[ citizen-server-impl] Server list query returned an error: System.Threading.Tasks.TaskCanceledException: The operation was canceled. <- System.TimeoutException: The operation was canceled. <- System.Threading.Tasks.TaskCanceledException: The request was canceled due to the configured HttpClient.Timeout of 30 seconds elapsing.
[ citizen-server-impl] Stopping resource nb-car_spawn
[ citizen-server-impl] Started resource nb-car_spawn
[ citizen-server-impl] Stopping resource nb-coords
[ citizen-server-impl] Started resource nb-coords
[ citizen-server-impl] Server list query returned an error: System.Threading.Tasks.TaskCanceledException: The operation was canceled. <- System.TimeoutException: The operation was canceled. <- System.Threading.Tasks.TaskCanceledException: The request was canceled due to the configured HttpClient.Timeout of 30 seconds elapsing.
[ citizen-server-impl] Stopping resource nb-coords
[ citizen-server-impl] Started resource nb-coords
[ citizen-server-impl] Couldn't find resource nb-teleport.
[ citizen-server-impl] Stopping resource nb-tp
[ citizen-server-impl] Started resource nb-tp
[ citizen-server-impl] Server list query returned an error: System.Threading.Tasks.TaskCanceledException: The operation was canceled. <- System.TimeoutException: The operation was canceled. <- System.Threading.Tasks.TaskCanceledException: The request was canceled due to the configured HttpClient.Timeout of 30 seconds elapsing.
[ citizen-server-impl] Server list query returned an error: System.Threading.Tasks.TaskCanceledException: The operation was canceled. <- System.TimeoutException: The operation was canceled. <- System.Threading.Tasks.TaskCanceledException: The request was canceled due to the configured HttpClient.Timeout of 30 seconds elapsing.
[ citizen-server-impl] Server list query returned an error: System.Threading.Tasks.TaskCanceledException: The operation was canceled. <- System.TimeoutException: The operation was canceled. <- System.Threading.Tasks.TaskCanceledException: The request was canceled due to the configured HttpClient.Timeout of 30 seconds elapsing.
[ citizen-server-impl] Server list query returned an error: System.Threading.Tasks.TaskCanceledException: The operation was canceled. <- System.TimeoutException: The operation was canceled. <- System.Threading.Tasks.TaskCanceledException: The request was canceled due to the configured HttpClient.Timeout of 30 seconds elapsing.
[ citizen-server-impl] Scanning resources.
[    c-resources-core] Resource loading for node_modules failed:
[    c-resources-core] Could not open resource metadata file - no such file.
[    c-resources-core] Resource loading for src failed:
[    c-resources-core] Could not open resource metadata file - no such file.
[ citizen-server-impl] Found 3 new resources, and refreshed 0/35 resources.
[ citizen-server-impl] Started resource nui2
[ citizen-server-impl] Server list query returned an error: System.Threading.Tasks.TaskCanceledException: The operation was canceled. <- System.TimeoutException: The operation was canceled. <- System.Threading.Tasks.TaskCanceledException: The request was canceled due to the configured HttpClient.Timeout of 30 seconds elapsing.
[ citizen-server-impl] Server list query returned an error: System.Threading.Tasks.TaskCanceledException: The operation was canceled. <- System.TimeoutException: The operation was canceled. <- System.Threading.Tasks.TaskCanceledException: The request was canceled due to the configured HttpClient.Timeout of 30 seconds elapsing.
[ citizen-server-impl] Stopping resource nui2
[ citizen-server-impl] Started resource nui2
[ citizen-server-impl] Stopping resource nui2
[ citizen-server-impl] Started resource nui2
[ citizen-server-impl] Server list query returned an error: System.Threading.Tasks.TaskCanceledException: The operation was canceled. <- System.TimeoutException: The operation was canceled. <- System.Threading.Tasks.TaskCanceledException: The request was canceled due to the configured HttpClient.Timeout of 30 seconds elapsing.
[ citizen-server-impl] Stopping resource nui2
[ citizen-server-impl] Started resource nui2
[ citizen-server-impl] Server list query returned an error: System.Threading.Tasks.TaskCanceledException: The operation was canceled. <- System.TimeoutException: The operation was canceled. <- System.Threading.Tasks.TaskCanceledException: The request was canceled due to the configured HttpClient.Timeout of 30 seconds elapsing.
[ citizen-server-impl] Stopping resource nui2
[ citizen-server-impl] Started resource nui2
[ citizen-server-impl] Server list query returned an error: System.Threading.Tasks.TaskCanceledException: The operation was canceled. <- System.TimeoutException: The operation was canceled. <- System.Threading.Tasks.TaskCanceledException: The request was canceled due to the configured HttpClient.Timeout of 30 seconds elapsing.
[ citizen-server-impl] Stopping resource nui2
[ citizen-server-impl] Started resource nui2
[ citizen-server-impl] Stopping resource nui2
[ citizen-server-impl] Started resource nui2
[ citizen-server-impl] Server list query returned an error: System.Threading.Tasks.TaskCanceledException: The operation was canceled. <- System.TimeoutException: The operation was canceled. <- System.Threading.Tasks.TaskCanceledException: The request was canceled due to the configured HttpClient.Timeout of 30 seconds elapsing.
[ citizen-server-impl] Stopping resource nui2
[ citizen-server-impl] Started resource nui2
[ citizen-server-impl] Stopping resource nui2
[ citizen-server-impl] Started resource nui2
[ citizen-server-impl] Stopping resource nui2
[ citizen-server-impl] Started resource nui2
[ citizen-server-impl] Stopping resource nui2
[ citizen-server-impl] Started resource nui2
[         script:chat] ComposedNebula2: nui
[ citizen-server-impl] Server list query returned an error: System.Threading.Tasks.TaskCanceledException: The operation was canceled. <- System.TimeoutException: The operation was canceled. <- System.Threading.Tasks.TaskCanceledException: The request was canceled due to the configured HttpClient.Timeout of 30 seconds elapsing.
[ citizen-server-impl] Stopping resource nui2
[ citizen-server-impl] Started resource nui2
[ citizen-server-impl] Stopping resource nui2
[ citizen-server-impl] Started resource nui2
[ citizen-server-impl] Server list query returned an error: System.Threading.Tasks.TaskCanceledException: The operation was canceled. <- System.TimeoutException: The operation was canceled. <- System.Threading.Tasks.TaskCanceledException: The request was canceled due to the configured HttpClient.Timeout of 30 seconds elapsing.
[ citizen-server-impl] Server list query returned an error: System.Threading.Tasks.TaskCanceledException: The operation was canceled. <- System.TimeoutException: The operation was canceled. <- System.Threading.Tasks.TaskCanceledException: The request was canceled due to the configured HttpClient.Timeout of 30 seconds elapsing.
[ citizen-server-impl] Server list query returned an error: System.Threading.Tasks.TaskCanceledException: The operation was canceled. <- System.TimeoutException: The operation was canceled. <- System.Threading.Tasks.TaskCanceledException: The request was canceled due to the configured HttpClient.Timeout of 30 seconds elapsing.
[ citizen-server-impl] Server list query returned an error: System.Threading.Tasks.TaskCanceledException: The operation was canceled. <- System.TimeoutException: The operation was canceled. <- System.Threading.Tasks.TaskCanceledException: The request was canceled due to the configured HttpClient.Timeout of 30 seconds elapsing.
[ citizen-server-impl] Server list query returned an error: System.Threading.Tasks.TaskCanceledException: The operation was canceled. <- System.TimeoutException: The operation was canceled. <- System.Threading.Tasks.TaskCanceledException: The request was canceled due to the configured HttpClient.Timeout of 30 seconds elapsing.
[ citizen-server-impl] Stopping resource nui2
[ citizen-server-impl] Started resource nui2
[ citizen-server-impl] Couldn't find resource bui2.
[ citizen-server-impl] Couldn't find resource n\ui2.
[ citizen-server-impl] Stopping resource nui2
[ citizen-server-impl] Started resource nui2
[ citizen-server-impl] Server list query returned an error: System.Threading.Tasks.TaskCanceledException: The operation was canceled. <- System.TimeoutException: The operation was canceled. <- System.Threading.Tasks.TaskCanceledException: The request was canceled due to the configured HttpClient.Timeout of 30 seconds elapsing.
[ citizen-server-impl] Server list query returned an error: System.Threading.Tasks.TaskCanceledException: The operation was canceled. <- System.TimeoutException: The operation was canceled. <- System.Threading.Tasks.TaskCanceledException: The request was canceled due to the configured HttpClient.Timeout of 30 seconds elapsing.
[ citizen-server-impl] Server list query returned an error: System.Threading.Tasks.TaskCanceledException: The operation was canceled. <- System.TimeoutException: The operation was canceled. <- System.Threading.Tasks.TaskCanceledException: The request was canceled due to the configured HttpClient.Timeout of 30 seconds elapsing.
[ citizen-server-impl] Server list query returned an error: System.Threading.Tasks.TaskCanceledException: The operation was canceled. <- System.TimeoutException: The operation was canceled. <- System.Threading.Tasks.TaskCanceledException: The request was canceled due to the configured HttpClient.Timeout of 30 seconds elapsing.
[ citizen-server-impl] Server list query returned an error: System.Threading.Tasks.TaskCanceledException: The operation was canceled. <- System.TimeoutException: The operation was canceled. <- System.Threading.Tasks.TaskCanceledException: The request was canceled due to the configured HttpClient.Timeout of 30 seconds elapsing.
[ citizen-server-impl] Server list query returned an error: System.Threading.Tasks.TaskCanceledException: The operation was canceled. <- System.TimeoutException: The operation was canceled. <- System.Threading.Tasks.TaskCanceledException: The request was canceled due to the configured HttpClient.Timeout of 30 seconds elapsing.
[ citizen-server-impl] Server list query returned an error: System.Threading.Tasks.TaskCanceledException: The operation was canceled. <- System.TimeoutException: The operation was canceled. <- System.Threading.Tasks.TaskCanceledException: The request was canceled due to the configured HttpClient.Timeout of 30 seconds elapsing.
[ citizen-server-impl] Stopping resource nui2
[ citizen-server-impl] Started resource nui2
[ citizen-server-impl] Server list query returned an error: System.Threading.Tasks.TaskCanceledException: The operation was canceled. <- System.TimeoutException: The operation was canceled. <- System.Threading.Tasks.TaskCanceledException: The request was canceled due to the configured HttpClient.Timeout of 30 seconds elapsing.
[ citizen-server-impl] Server list query returned an error: System.Threading.Tasks.TaskCanceledException: The operation was canceled. <- System.TimeoutException: The operation was canceled. <- System.Threading.Tasks.TaskCanceledException: The request was canceled due to the configured HttpClient.Timeout of 30 seconds elapsing.
[ citizen-server-impl] Stopping resource nui2
[ citizen-server-impl] Started resource nui2
[ citizen-server-impl] Server list query returned an error: System.Threading.Tasks.TaskCanceledException: The operation was canceled. <- System.TimeoutException: The operation was canceled. <- System.Threading.Tasks.TaskCanceledException: The request was canceled due to the configured HttpClient.Timeout of 30 seconds elapsing.
[ citizen-server-impl] Stopping resource nui2
[ citizen-server-impl] Started resource nui2
[ citizen-server-impl] Server list query returned an error: System.Threading.Tasks.TaskCanceledException: The operation was canceled. <- System.TimeoutException: The operation was canceled. <- System.Threading.Tasks.TaskCanceledException: The request was canceled due to the configured HttpClient.Timeout of 30 seconds elapsing.
[ citizen-server-impl] Started resource nb-spawn
[ citizen-server-main] -> Quitting: SIGINT received

================================================================
======== FXServer Starting - 3/5/2022, 1:16:14 PM               
================================================================
[                 cmd] No such config file: database.cfg
[    c-scripting-core] Creating script environments for _cfx_internal
[ citizen-server-impl] Scanning resources.
[    c-resources-core] Resource loading for node_modules failed:
[    c-resources-core] Could not open resource metadata file - no such file.
[    c-resources-core] Resource loading for src failed:
[    c-resources-core] Could not open resource metadata file - no such file.
[ citizen-server-impl] Found 38 resources.
[ citizen-server-impl] Some resources have an outdated resource manifest:
[ citizen-server-impl]     - np-chat
[ citizen-server-impl] 
[ citizen-server-impl] Please update these resources.
[          svadhesive] Authenticating server license key...
[          svadhesive] Server license key authentication succeeded. Welcome!
[    c-scripting-core] Creating script environments for sessionmanager
[ citizen-server-impl] Started resource sessionmanager
[    c-scripting-core] Creating script environments for monitor
[      script:monitor] [txAdminClient] Version 4.11.0 starting...
[ citizen-server-impl] Started resource monitor
[              cmdsys] No such command database=fivem.
[              cmdsys] No such command userid=root.
[              cmdsys] No such command '.
[    c-scripting-core] Creating script environments for mapmanager
[ citizen-server-impl] Started resource mapmanager
[    c-scripting-core] Creating script environments for yarn
[ citizen-server-impl] Started resource yarn
[    c-scripting-core] Creating script environments for webpack
[ citizen-server-impl] Started resource webpack
[    c-scripting-core] Creating script environments for chat
[ citizen-server-impl] Started resource chat
[ citizen-server-impl] Started resource spawnmanager
[   script:mapmanager] Started gametype Freeroam
[ citizen-server-impl] Started resource basic-gamemode
[    c-scripting-core] Creating script environments for hardcap
[ citizen-server-impl] Started resource hardcap
[    c-scripting-core] Creating script environments for rconlog
[ citizen-server-impl] Started resource rconlog
[    c-scripting-core] Creating script environments for mysql-async
[ citizen-server-impl] Started resource mysql-async
[ citizen-server-impl] Started resource nb-spawn
[ citizen-server-impl] Started resource nb-coords
[ citizen-server-impl] Started resource nb-tp
[ citizen-server-impl] Started resource nb-car_spawn
[ citizen-server-impl] Started resource nb-notification
[           resources] [97mWarning: Resource np-chat does not specify an `fx_version` in fxmanifest.lua.
[           resources] Couldn't start resource np-chat.
[                 cmd] No such config file: database.cfg
[  script:mysql-async] [mysql-async] [ERROR] ER_ACCESS_DENIED_ERROR: Access denied for user 'root'@'localhost' (using password: NO)
[      script:monitor] [txAdminClient] Threads and commands set up. All Ready.
[   script:mapmanager] Started map fivem-map-hipster
[ citizen-server-impl] Started resource fivem-map-hipster
[ citizen-server-impl]         fff                          
[ citizen-server-impl]   cccc ff   xx  xx     rr rr    eee  
[ citizen-server-impl] cc     ffff   xx       rrr  r ee   e 
[ citizen-server-impl] cc     ff     xx   ... rr     eeeee  
[ citizen-server-impl]  ccccc ff   xx  xx ... rr      eeeee 
[ citizen-server-impl]                                      
[ citizen-server-impl] Authenticated with cfx.re Nucleus: https://nick-bottari-jb47mp.users.cfx.re/
[ citizen-server-impl] -- [server notice: tebex_not_set]
[ citizen-server-impl] ================
[ citizen-server-impl] Monetize your server using Tebex! Visit https://tebex.io/fivem for more info.
[ citizen-server-impl] ================
[ citizen-server-impl] 
[ citizen-server-impl] A client has tried to authenticate using Steam, but `steam_webApiKey` is unset. Please set steam_webApiKey to a Steam Web API key as registered on Valve's https://steamcommunity.com/dev/apikey web page. Steam identifier information will be unavailable otherwise.
[ citizen-server-impl] To suppress this message, `set steam_webApiKey "none"`.
[      script:hardcap] Connecting: ComposedNebula2
[ citizen-server-impl] Server list query returned an error: System.Threading.Tasks.TaskCanceledException: The operation was canceled. <- System.TimeoutException: The operation was canceled. <- System.Threading.Tasks.TaskCanceledException: The request was canceled due to the configured HttpClient.Timeout of 30 seconds elapsing.
[ citizen-server-impl] Server list query returned an error: System.Threading.Tasks.TaskCanceledException: The operation was canceled. <- System.TimeoutException: The operation was canceled. <- System.Threading.Tasks.TaskCanceledException: The request was canceled due to the configured HttpClient.Timeout of 30 seconds elapsing.
[ citizen-server-impl] Stopping resource nb-tp
[ citizen-server-impl] Started resource nb-tp
[ citizen-server-impl] Stopping resource nb-tp
[ citizen-server-impl] Started resource nb-tp
[ citizen-server-impl] Stopping resource nb-tp
[ citizen-server-impl] Started resource nb-tp
[ citizen-server-impl] Server list query returned an error: System.Threading.Tasks.TaskCanceledException: The operation was canceled. <- System.TimeoutException: The operation was canceled. <- System.Threading.Tasks.TaskCanceledException: The request was canceled due to the configured HttpClient.Timeout of 30 seconds elapsing.
[ citizen-server-impl] Stopping resource nb-tp
[ citizen-server-impl] [0mStarted resource nb-tp
[ citizen-server-impl] Stopping resource nb-tp
[ citizen-server-impl] Started resource nb-tp
[ citizen-server-impl] Stopping resource nb-tp
[ citizen-server-impl] Started resource nb-tp
[ citizen-server-impl] Server list query returned an error: System.Threading.Tasks.TaskCanceledException: The operation was canceled. <- System.TimeoutException: The operation was canceled. <- System.Threading.Tasks.TaskCanceledException: The request was canceled due to the configured HttpClient.Timeout of 30 seconds elapsing.
[ citizen-server-impl] Stopping resource nb-tp
[ citizen-server-impl] Started resource nb-tp
[ citizen-server-impl] Server list query returned an error: System.Threading.Tasks.TaskCanceledException: The operation was canceled. <- System.TimeoutException: The operation was canceled. <- System.Threading.Tasks.TaskCanceledException: The request was canceled due to the configured HttpClient.Timeout of 30 seconds elapsing.
[ citizen-server-impl] Stopping resource nb-tp
[ citizen-server-impl] Started resource nb-tp
[    c-scripting-core] Creating script environments for coderun
[ citizen-server-impl] Started resource coderun
[ citizen-server-impl] Server list query returned an error: System.Threading.Tasks.TaskCanceledException: The operation was canceled. <- System.TimeoutException: The operation was canceled. <- System.Threading.Tasks.TaskCanceledException: The request was canceled due to the configured HttpClient.Timeout of 30 seconds elapsing.
[ citizen-server-impl] Server list query returned an error: System.Threading.Tasks.TaskCanceledException: The operation was canceled. <- System.TimeoutException: The operation was canceled. <- System.Threading.Tasks.TaskCanceledException: The request was canceled due to the configured HttpClient.Timeout of 30 seconds elapsing.
[ citizen-server-impl] Server list query returned an error: System.Threading.Tasks.TaskCanceledException: The operation was canceled. <- System.TimeoutException: The operation was canceled. <- System.Threading.Tasks.TaskCanceledException: The request was canceled due to the configured HttpClient.Timeout of 30 seconds elapsing.
[ citizen-server-impl] Server list query returned an error: System.Threading.Tasks.TaskCanceledException: The operation was canceled. <- System.TimeoutException: The operation was canceled. <- System.Threading.Tasks.TaskCanceledException: The request was canceled due to the configured HttpClient.Timeout of 30 seconds elapsing.
[ citizen-server-impl] Server list query returned an error: System.Threading.Tasks.TaskCanceledException: The operation was canceled. <- System.TimeoutException: The operation was canceled. <- System.Threading.Tasks.TaskCanceledException: The request was canceled due to the configured HttpClient.Timeout of 30 seconds elapsing.
[ citizen-server-impl] Server list query returned an error: System.Threading.Tasks.TaskCanceledException: The operation was canceled. <- System.TimeoutException: The operation was canceled. <- System.Threading.Tasks.TaskCanceledException: The request was canceled due to the configured HttpClient.Timeout of 30 seconds elapsing.
[ citizen-server-impl] Server list query returned an error: System.Threading.Tasks.TaskCanceledException: The operation was canceled. <- System.TimeoutException: The operation was canceled. <- System.Threading.Tasks.TaskCanceledException: The request was canceled due to the configured HttpClient.Timeout of 30 seconds elapsing.
[ citizen-server-impl] Server list query returned an error: System.Threading.Tasks.TaskCanceledException: The operation was canceled. <- System.TimeoutException: The operation was canceled. <- System.Threading.Tasks.TaskCanceledException: The request was canceled due to the configured HttpClient.Timeout of 30 seconds elapsing.
[ citizen-server-impl] Server list query returned an error: System.Threading.Tasks.TaskCanceledException: The operation was canceled. <- System.TimeoutException: The operation was canceled. <- System.Threading.Tasks.TaskCanceledException: The request was canceled due to the configured HttpClient.Timeout of 30 seconds elapsing.
[ citizen-server-impl] Server list query returned an error: System.Threading.Tasks.TaskCanceledException: The operation was canceled. <- System.TimeoutException: The operation was canceled. <- System.Threading.Tasks.TaskCanceledException: The request was canceled due to the configured HttpClient.Timeout of 30 seconds elapsing.
[ citizen-server-impl] Server list query returned an error: System.Threading.Tasks.TaskCanceledException: The operation was canceled. <- System.TimeoutException: The operation was canceled. <- System.Threading.Tasks.TaskCanceledException: The request was canceled due to the configured HttpClient.Timeout of 30 seconds elapsing.
[ citizen-server-impl] Server list query returned an error: System.Threading.Tasks.TaskCanceledException: The operation was canceled. <- System.TimeoutException: The operation was canceled. <- System.Threading.Tasks.TaskCanceledException: The request was canceled due to the configured HttpClient.Timeout of 30 seconds elapsing.
[ citizen-server-impl] Server list query returned an error: System.Threading.Tasks.TaskCanceledException: The operation was canceled. <- System.TimeoutException: The operation was canceled. <- System.Threading.Tasks.TaskCanceledException: The request was canceled due to the configured HttpClient.Timeout of 30 seconds elapsing.
[ citizen-server-impl] Server list query returned an error: System.Threading.Tasks.TaskCanceledException: The operation was canceled. <- System.TimeoutException: The operation was canceled. <- System.Threading.Tasks.TaskCanceledException: The request was canceled due to the configured HttpClient.Timeout of 30 seconds elapsing.
[ citizen-server-impl] Server list query returned an error: System.Threading.Tasks.TaskCanceledException: The operation was canceled. <- System.TimeoutException: The operation was canceled. <- System.Threading.Tasks.TaskCanceledException: The request was canceled due to the configured HttpClient.Timeout of 30 seconds elapsing.
[ citizen-server-impl] Can't restart a stopped resource.
[ citizen-server-impl] Server list query returned an error: System.Threading.Tasks.TaskCanceledException: The operation was canceled. <- System.TimeoutException: The operation was canceled. <- System.Threading.Tasks.TaskCanceledException: The request was canceled due to the configured HttpClient.Timeout of 30 seconds elapsing.
[ citizen-server-impl] Started resource nui2
[ citizen-server-impl] Stopping resource nui2
[ citizen-server-impl] Started resource nui2
[ citizen-server-impl] Stopping resource nui2
[ citizen-server-impl] Started resource nui2
[ citizen-server-impl] Server list query returned an error: System.Threading.Tasks.TaskCanceledException: The operation was canceled. <- System.TimeoutException: The operation was canceled. <- System.Threading.Tasks.TaskCanceledException: The request was canceled due to the configured HttpClient.Timeout of 30 seconds elapsing.
[ citizen-server-impl] Server list query returned an error: System.Threading.Tasks.TaskCanceledException: The operation was canceled. <- System.TimeoutException: The operation was canceled. <- System.Threading.Tasks.TaskCanceledException: The request was canceled due to the configured HttpClient.Timeout of 30 seconds elapsing.
[ citizen-server-impl] Server list query returned an error: System.Threading.Tasks.TaskCanceledException: The operation was canceled. <- System.TimeoutException: The operation was canceled. <- System.Threading.Tasks.TaskCanceledException: The request was canceled due to the configured HttpClient.Timeout of 30 seconds elapsing.
[ citizen-server-impl] Stopping resource nui2
[ citizen-server-impl] Started resource nui2
[ citizen-server-impl] Stopping resource nb-spawn
[ citizen-server-impl] Started resource nb-spawn
[ citizen-server-impl] Stopping resource nui2
[ citizen-server-impl] Started resource nui2
[ citizen-server-impl] Server list query returned an error: System.Threading.Tasks.TaskCanceledException: The operation was canceled. <- System.TimeoutException: The operation was canceled. <- System.Threading.Tasks.TaskCanceledException: The request was canceled due to the configured HttpClient.Timeout of 30 seconds elapsing.
[ citizen-server-impl] Stopping resource nui2
[ citizen-server-impl] Started resource nui2
[ citizen-server-impl] Stopping resource nui2
[38;5;73m[ citizen-server-impl] Started resource nui2
[ citizen-server-impl] Server list query returned an error: System.Threading.Tasks.TaskCanceledException: The operation was canceled. <- System.TimeoutException: The operation was canceled. <- System.Threading.Tasks.TaskCanceledException: The request was canceled due to the configured HttpClient.Timeout of 30 seconds elapsing.
[ citizen-server-impl] Stopping resource nui2
[ citizen-server-impl] Started resource nui2
[ citizen-server-impl] Stopping resource nui2
[ citizen-server-impl] Started resource nui2
[ citizen-server-impl] Server list query returned an error: System.Threading.Tasks.TaskCanceledException: The operation was canceled. <- System.TimeoutException: The operation was canceled. <- System.Threading.Tasks.TaskCanceledException: The request was canceled due to the configured HttpClient.Timeout of 30 seconds elapsing.
[ citizen-server-impl] Server list query returned an error: System.Threading.Tasks.TaskCanceledException: The operation was canceled. <- System.TimeoutException: The operation was canceled. <- System.Threading.Tasks.TaskCanceledException: The request was canceled due to the configured HttpClient.Timeout of 30 seconds elapsing.
[         script:chat] ComposedNebula2: tp_coords 458.2932, -979-9022, 25.69981
[ citizen-server-impl] Stopping resource nb-tp
[ citizen-server-impl] Started resource nb-tp
[ citizen-server-impl] Stopping resource nui2
[ citizen-server-impl] Started resource nui2
[ citizen-server-impl] Stopping resource nui2
[ citizen-server-impl] [0mStarted resource nui2
[ citizen-server-impl] Stopping resource nui2
[ citizen-server-impl] Started resource nui2
[ citizen-server-impl] Server list query returned an error: System.Threading.Tasks.TaskCanceledException: The operation was canceled. <- System.TimeoutException: The operation was canceled. <- System.Threading.Tasks.TaskCanceledException: The request was canceled due to the configured HttpClient.Timeout of 30 seconds elapsing.
[    c-scripting-core] Creating script environments for money
[ citizen-server-impl] Started resource money
[        script:money] SCRIPT ERROR: citizen:/scripting/lua/scheduler.lua:867: No such export getPlayerId in resource cfx.re/playerData.v1alpha1
[ citizen-server-impl] Server list query returned an error: System.Threading.Tasks.TaskCanceledException: The operation was canceled. <- System.TimeoutException: The operation was canceled. <- System.Threading.Tasks.TaskCanceledException: The request was canceled due to the configured HttpClient.Timeout of 30 seconds elapsing.
[ citizen-server-impl] Server list query returned an error: System.Threading.Tasks.TaskCanceledException: The operation was canceled. <- System.TimeoutException: The operation was canceled. <- System.Threading.Tasks.TaskCanceledException: The request was canceled due to the configured HttpClient.Timeout of 30 seconds elapsing.
[ citizen-server-impl] Server list query returned an error: System.Threading.Tasks.TaskCanceledException: The operation was canceled. <- System.TimeoutException: The operation was canceled. <- System.Threading.Tasks.TaskCanceledException: The request was canceled due to the configured HttpClient.Timeout of 30 seconds elapsing.
[ citizen-server-impl] A client has tried to authenticate using Steam, but `steam_webApiKey` is unset. Please set steam_webApiKey to a Steam Web API key as registered on Valve's https://steamcommunity.com/dev/apikey web page. Steam identifier information will be unavailable otherwise.
[ citizen-server-impl] To suppress this message, `set steam_webApiKey "none"`.
[      script:hardcap] Connecting: ComposedNebula2
[ citizen-server-impl] Server list query returned an error: System.Threading.Tasks.TaskCanceledException: The operation was canceled. <- System.TimeoutException: The operation was canceled. <- System.Threading.Tasks.TaskCanceledException: The request was canceled due to the configured HttpClient.Timeout of 30 seconds elapsing.
[        script:money] SCRIPT ERROR: citizen:/scripting/lua/scheduler.lua:867: No such export getPlayerId in resource cfx.re/playerData.v1alpha1
[ citizen-server-impl] Server list query returned an error: System.Threading.Tasks.TaskCanceledException: The operation was canceled. <- System.TimeoutException: The operation was canceled. <- System.Threading.Tasks.TaskCanceledException: The request was canceled due to the configured HttpClient.Timeout of 30 seconds elapsing.
> txaEvent "adminsUpdated" "[]"
> txaReportResources
[      script:monitor] [txAdminClient] Sending resources list to txAdmin.
> ensure "nb-spawn"
[ citizen-server-impl] Stopping resource nb-spawn
[ citizen-server-impl] Started resource nb-spawn
> txaReportResources
[      script:monitor] [txAdminClient] Sending resources list to txAdmin.
[ citizen-server-impl] A client has tried to authenticate using Steam, but `steam_webApiKey` is unset. Please set steam_webApiKey to a Steam Web API key as registered on Valve's https://steamcommunity.com/dev/apikey web page. Steam identifier information will be unavailable otherwise.
[ citizen-server-impl] To suppress this message, `set steam_webApiKey "none"`.
[      script:hardcap] Connecting: ComposedNebula2
[ citizen-server-impl] [0mServer list query returned an error: System.Threading.Tasks.TaskCanceledException: The operation was canceled. <- System.TimeoutException: The operation was canceled. <- System.Threading.Tasks.TaskCanceledException: The request was canceled due to the configured HttpClient.Timeout of 30 seconds elapsing.
[        script:money] SCRIPT ERROR: citizen:/scripting/lua/scheduler.lua:867: No such export getPlayerId in resource cfx.re/playerData.v1alpha1
[ citizen-server-impl] Server list query returned an error: System.Threading.Tasks.TaskCanceledException: The operation was canceled. <- System.TimeoutException: The operation was canceled. <- System.Threading.Tasks.TaskCanceledException: The request was canceled due to the configured HttpClient.Timeout of 30 seconds elapsing.
[ citizen-server-impl] Server list query returned an error: System.Threading.Tasks.TaskCanceledException: The operation was canceled. <- System.TimeoutException: The operation was canceled. <- System.Threading.Tasks.TaskCanceledException: The request was canceled due to the configured HttpClient.Timeout of 30 seconds elapsing.
[ citizen-server-impl] A client has tried to authenticate using Steam, but `steam_webApiKey` is unset. Please set steam_webApiKey to a Steam Web API key as registered on Valve's https://steamcommunity.com/dev/apikey web page. Steam identifier information will be unavailable otherwise.
[ citizen-server-impl] To suppress this message, `set steam_webApiKey "none"`.
[      script:hardcap] Connecting: ComposedNebula2
[ citizen-server-impl] Server list query returned an error: System.Threading.Tasks.TaskCanceledException: The operation was canceled. <- System.TimeoutException: The operation was canceled. <- System.Threading.Tasks.TaskCanceledException: The request was canceled due to the configured HttpClient.Timeout of 30 seconds elapsing.
[        script:money] SCRIPT ERROR: citizen:/scripting/lua/scheduler.lua:867: No such export getPlayerId in resource cfx.re/playerData.v1alpha1
> restart nb-spawn
[ citizen-server-impl] Stopping resource nb-spawn
[ citizen-server-impl] Started resource nb-spawn
[ citizen-server-impl] Server list query returned an error: System.Threading.Tasks.TaskCanceledException: The operation was canceled. <- System.TimeoutException: The operation was canceled. <- System.Threading.Tasks.TaskCanceledException: The request was canceled due to the configured HttpClient.Timeout of 30 seconds elapsing.
[ citizen-server-impl] Stopping resource nui2
[ citizen-server-impl] Started resource nui2
[ citizen-server-impl] Stopping resource nb-spawn
[ citizen-server-impl] Started resource nb-spawn
[ citizen-server-impl] Server list query returned an error: System.Threading.Tasks.TaskCanceledException: The operation was canceled. <- System.TimeoutException: The operation was canceled. <- System.Threading.Tasks.TaskCanceledException: The request was canceled due to the configured HttpClient.Timeout of 30 seconds elapsing.
[ citizen-server-impl] A client has tried to authenticate using Steam, but `steam_webApiKey` is unset. Please set steam_webApiKey to a Steam Web API key as registered on Valve's https://steamcommunity.com/dev/apikey web page. Steam identifier information will be unavailable otherwise.
[ citizen-server-impl] To suppress this message, `set steam_webApiKey "none"`.
[      script:hardcap] Connecting: ComposedNebula2
[ citizen-server-impl] Server list query returned an error: System.Threading.Tasks.TaskCanceledException: The operation was canceled. <- System.TimeoutException: The operation was canceled. <- System.Threading.Tasks.TaskCanceledException: The request was canceled due to the configured HttpClient.Timeout of 30 seconds elapsing.
[        script:money] SCRIPT ERROR: citizen:/scripting/lua/scheduler.lua:867: No such export getPlayerId in resource cfx.re/playerData.v1alpha1
> ensure nb-spawn
[ citizen-server-impl] Stopping resource nb-spawn
[ citizen-server-impl] Started resource nb-spawn
[ citizen-server-impl] Server list query returned an error: System.Threading.Tasks.TaskCanceledException: The operation was canceled. <- System.TimeoutException: The operation was canceled. <- System.Threading.Tasks.TaskCanceledException: The request was canceled due to the configured HttpClient.Timeout of 30 seconds elapsing.
> ensure nui2
[ citizen-server-impl] Stopping resource nui2
[ citizen-server-impl] Started resource nui2
[ citizen-server-impl] A client has tried to authenticate using Steam, but `steam_webApiKey` is unset. Please set steam_webApiKey to a Steam Web API key as registered on Valve's https://steamcommunity.com/dev/apikey web page. Steam identifier information will be unavailable otherwise.
[ citizen-server-impl] To suppress this message, `set steam_webApiKey "none"`.
[      script:hardcap] Connecting: ComposedNebula2
[ citizen-server-impl] Server list query returned an error: System.Threading.Tasks.TaskCanceledException: The operation was canceled. <- System.TimeoutException: The operation was canceled. <- System.Threading.Tasks.TaskCanceledException: The request was canceled due to the configured HttpClient.Timeout of 30 seconds elapsing.
[        script:money] SCRIPT ERROR: citizen:/scripting/lua/scheduler.lua:867: No such export getPlayerId in resource cfx.re/playerData.v1alpha1
[ citizen-server-impl] Stopping resource nb-spawn
[ citizen-server-impl] Started resource nb-spawn
[ citizen-server-impl] A client has tried to authenticate using Steam, but `steam_webApiKey` is unset. Please set steam_webApiKey to a Steam Web API key as registered on Valve's https://steamcommunity.com/dev/apikey web page. Steam identifier information will be unavailable otherwise.
[ citizen-server-impl] To suppress this message, `set steam_webApiKey "none"`.
[      script:hardcap] Connecting: ComposedNebula2
[ citizen-server-impl] Server list query returned an error: System.Threading.Tasks.TaskCanceledException: The operation was canceled. <- System.TimeoutException: The operation was canceled. <- System.Threading.Tasks.TaskCanceledException: The request was canceled due to the configured HttpClient.Timeout of 30 seconds elapsing.
[        script:money] SCRIPT ERROR: citizen:/scripting/lua/scheduler.lua:867: No such export getPlayerId in resource cfx.re/playerData.v1alpha1
[ citizen-server-impl] Server list query returned an error: System.Threading.Tasks.TaskCanceledException: The operation was canceled. <- System.TimeoutException: The operation was canceled. <- System.Threading.Tasks.TaskCanceledException: The request was canceled due to the configured HttpClient.Timeout of 30 seconds elapsing.
[ citizen-server-impl] Stopping resource nb-spawn
[ citizen-server-impl] Started resource nb-spawn
[ citizen-server-impl] Stopping resource nui2
[ citizen-server-impl] Started resource nui2
[ citizen-server-impl] A client has tried to authenticate using Steam, but `steam_webApiKey` is unset. Please set steam_webApiKey to a Steam Web API key as registered on Valve's https://steamcommunity.com/dev/apikey web page. Steam identifier information will be unavailable otherwise.
[ citizen-server-impl] [0mTo suppress this message, `set steam_webApiKey "none"`.
[      script:hardcap] [0mConnecting: ComposedNebula2
[ citizen-server-impl] Server list query returned an error: System.Threading.Tasks.TaskCanceledException: The operation was canceled. <- System.TimeoutException: The operation was canceled. <- System.Threading.Tasks.TaskCanceledException: The request was canceled due to the configured HttpClient.Timeout of 30 seconds elapsing.
[        script:money] SCRIPT ERROR: citizen:/scripting/lua/scheduler.lua:867: No such export getPlayerId in resource cfx.re/playerData.v1alpha1
[ citizen-server-impl] Couldn't find resource spawn.
[ citizen-server-impl] Stopping resource nb-spawn
[ citizen-server-impl] Started resource nb-spawn
[ citizen-server-impl] A client has tried to authenticate using Steam, but `steam_webApiKey` is unset. Please set steam_webApiKey to a Steam Web API key as registered on Valve's https://steamcommunity.com/dev/apikey web page. Steam identifier information will be unavailable otherwise.
[ citizen-server-impl] To suppress this message, `set steam_webApiKey "none"`.
[      script:hardcap] Connecting: ComposedNebula2
[ citizen-server-impl] Server list query returned an error: System.Threading.Tasks.TaskCanceledException: The operation was canceled. <- System.TimeoutException: The operation was canceled. <- System.Threading.Tasks.TaskCanceledException: The request was canceled due to the configured HttpClient.Timeout of 30 seconds elapsing.
[        script:money] SCRIPT ERROR: citizen:/scripting/lua/scheduler.lua:867: No such export getPlayerId in resource cfx.re/playerData.v1alpha1

================================================================
======== FXServer Starting - 3/5/2022, 3:31:52 PM               
================================================================
[                 cmd] No such config file: database.cfg
[    c-scripting-core] Creating script environments for _cfx_internal
[ citizen-server-impl] Scanning resources.
[    c-resources-core] Resource loading for node_modules failed:
[    c-resources-core] Could not open resource metadata file - no such file.
[    c-resources-core] Resource loading for src failed:
[    c-resources-core] Could not open resource metadata file - no such file.
[ citizen-server-impl] Found 37 resources.
[ citizen-server-impl] Some resources have an outdated resource manifest:
[ citizen-server-impl]     - np-chat
[ citizen-server-impl] 
[ citizen-server-impl] Please update these resources.
[          svadhesive] Authenticating server license key...
[          svadhesive] Server license key authentication succeeded. Welcome!
[    c-scripting-core] Creating script environments for sessionmanager
[ citizen-server-impl] Started resource sessionmanager
[    c-scripting-core] Creating script environments for monitor
[      script:monitor] [txAdminClient] Version 4.11.0 starting...
[ citizen-server-impl] Started resource monitor
[              cmdsys] No such command database=fivem.
[              cmdsys] No such command userid=root.
[              cmdsys] No such command '.
[    c-scripting-core] Creating script environments for mapmanager
[ citizen-server-impl] Started resource mapmanager
[    c-scripting-core] Creating script environments for yarn
[ citizen-server-impl] Started resource yarn
[    c-scripting-core] Creating script environments for webpack
[ citizen-server-impl] Started resource webpack
[    c-scripting-core] Creating script environments for chat
[ citizen-server-impl] Started resource chat
[ citizen-server-impl] Started resource spawnmanager
[   script:mapmanager] Started gametype Freeroam
[ citizen-server-impl] Started resource basic-gamemode
[    c-scripting-core] Creating script environments for hardcap
[ citizen-server-impl] Started resource hardcap
[    c-scripting-core] Creating script environments for rconlog
[ citizen-server-impl] Started resource rconlog
[    c-scripting-core] Creating script environments for mysql-async
[ citizen-server-impl] Started resource mysql-async
[ citizen-server-impl] Started resource nb-spawn
[ citizen-server-impl] Started resource nb-coords
[ citizen-server-impl] Started resource nb-tp
[ citizen-server-impl] Started resource nb-car_spawn
[ citizen-server-impl] Started resource nb-notification
[           resources] Warning: Resource np-chat does not specify an `fx_version` in fxmanifest.lua.
[           resources] Couldn't start resource np-chat.
[                 cmd] No such config file: database.cfg
[  script:mysql-async] [mysql-async] [ERROR] ER_ACCESS_DENIED_ERROR: Access denied for user 'root'@'localhost' (using password: NO)
[      script:monitor] [txAdminClient] Threads and commands set up. All Ready.
[   script:mapmanager] Started map fivem-map-hipster
[ citizen-server-impl] Started resource fivem-map-hipster
[ citizen-server-impl]         fff                          
[ citizen-server-impl]   cccc ff   xx  xx     rr rr    eee  
[ citizen-server-impl] cc     ffff   xx       rrr  r ee   e 
[ citizen-server-impl] cc     ff     xx   ... rr     eeeee  
[ citizen-server-impl]  ccccc ff   xx  xx ... rr      eeeee 
[ citizen-server-impl]                                      
[ citizen-server-impl] Authenticated with cfx.re Nucleus: https://nick-bottari-jb47mp.users.cfx.re/
[ citizen-server-impl] -- [server notice: tebex_not_set]
[ citizen-server-impl] ================
[ citizen-server-impl] Monetize your server using Tebex! Visit https://tebex.io/fivem for more info.
[ citizen-server-impl] ================
[ citizen-server-impl] 
[ citizen-server-impl] A client has tried to authenticate using Steam, but `steam_webApiKey` is unset. Please set steam_webApiKey to a Steam Web API key as registered on Valve's https://steamcommunity.com/dev/apikey web page. Steam identifier information will be unavailable otherwise.
[ citizen-server-impl] To suppress this message, `set steam_webApiKey "none"`.
[      script:hardcap] Connecting: ComposedNebula2
[ citizen-server-impl] Server list query returned an error: System.Threading.Tasks.TaskCanceledException: The operation was canceled. <- System.TimeoutException: The operation was canceled. <- System.Threading.Tasks.TaskCanceledException: The request was canceled due to the configured HttpClient.Timeout of 30 seconds elapsing.
[ citizen-server-impl] Stopping resource nb-spawn
[ citizen-server-impl] Started resource nb-spawn
[ citizen-server-impl] Stopping resource nb-spawn
[ citizen-server-impl] Started resource nb-spawn
[ citizen-server-impl] Stopping resource nb-spawn
[ citizen-server-impl] Started resource nb-spawn
[ citizen-server-impl] Server list query returned an error: System.Threading.Tasks.TaskCanceledException: The operation was canceled. <- System.TimeoutException: The operation was canceled. <- System.Threading.Tasks.TaskCanceledException: The request was canceled due to the configured HttpClient.Timeout of 30 seconds elapsing.
[ citizen-server-impl] Stopping resource nb-spawn
[ citizen-server-impl] Started resource nb-spawn
[ citizen-server-impl] Stopping resource nb-spawn
[ citizen-server-impl] Started resource nb-spawn
[ citizen-server-impl] Server list query returned an error: System.Threading.Tasks.TaskCanceledException: The operation was canceled. <- System.TimeoutException: The operation was canceled. <- System.Threading.Tasks.TaskCanceledException: The request was canceled due to the configured HttpClient.Timeout of 30 seconds elapsing.
[ citizen-server-impl] Stopping resource nb-spawn
[ citizen-server-impl] Started resource nb-spawn
[ citizen-server-impl] Stopping resource nb-spawn
[ citizen-server-impl] Started resource nb-spawn
[ citizen-server-impl] Stopping resource nb-spawn
[ citizen-server-impl] Started resource nb-spawn
[ citizen-server-impl] Stopping resource nb-spawn
[ citizen-server-impl] Started resource nb-spawn
[ citizen-server-impl] Stopping resource nb-spawn
[ citizen-server-impl] Started resource nb-spawn
[ citizen-server-impl] Stopping resource nb-spawn
[ citizen-server-impl] Started resource nb-spawn
[ citizen-server-impl] Stopping resource nb-spawn
[ citizen-server-impl] Started resource nb-spawn
[ citizen-server-impl] Scanning resources.
[    c-resources-core] Resource loading for node_modules failed:
[38;5;163m[    c-resources-core] Could not open resource metadata file - no such file.
[    c-resources-core] Resource loading for src failed:
[38;5;163m[    c-resources-core] Could not open resource metadata file - no such file.
[ citizen-server-impl] Found 2 new resources, and refreshed 1/35 resources.
[ citizen-server-impl] Stopping resource nb-spawn
[ citizen-server-impl] Started resource nb-spawn
[ citizen-server-impl] Scanning resources.[0m
[    c-resources-core] Resource loading for node_modules failed:
[    c-resources-core] Could not open resource metadata file - no such file.
[    c-resources-core] Resource loading for src failed:
[    c-resources-core] Could not open resource metadata file - no such file.
[ citizen-server-impl] Found 2 new resources, and refreshed 0/35 resources.
[ citizen-server-impl] Stopping resource nb-spawn
[ citizen-server-impl] Started resource nb-spawn
[ citizen-server-impl] Server list query returned an error: System.Threading.Tasks.TaskCanceledException: The operation was canceled. <- System.TimeoutException: The operation was canceled. <- System.Threading.Tasks.TaskCanceledException: The request was canceled due to the configured HttpClient.Timeout of 30 seconds elapsing.
[ citizen-server-impl] Stopping resource nb-spawn
[ citizen-server-impl] Started resource nb-spawn
[ citizen-server-impl] Scanning resources.
[    c-resources-core] Resource loading for node_modules failed:
[    c-resources-core] Could not open resource metadata file - no such file.
[    c-resources-core] Resource loading for src failed:
[    c-resources-core] Could not open resource metadata file - no such file.
[ citizen-server-impl] Found 2 new resources, and refreshed 1/35 resources.
[ citizen-server-impl] Stopping resource nb-spawn
[ citizen-server-impl] Started resource nb-spawn
[ citizen-server-impl] [0mStopping resource nb-spawn
[ citizen-server-impl] Started resource nb-spawn
[ citizen-server-impl] Stopping resource nb-spawn
[ citizen-server-impl] Started resource nb-spawn
[ citizen-server-impl] Server list query returned an error: System.Threading.Tasks.TaskCanceledException: The operation was canceled. <- System.TimeoutException: The operation was canceled. <- System.Threading.Tasks.TaskCanceledException: The request was canceled due to the configured HttpClient.Timeout of 30 seconds elapsing.
[ citizen-server-impl] Server list query returned an error: System.Threading.Tasks.TaskCanceledException: The operation was canceled. <- System.TimeoutException: The operation was canceled. <- System.Threading.Tasks.TaskCanceledException: The request was canceled due to the configured HttpClient.Timeout of 30 seconds elapsing.

================================================================
======== FXServer Starting - 3/5/2022, 3:46:23 PM               
================================================================
[                 cmd] No such config file: database.cfg
[    c-scripting-core] Creating script environments for _cfx_internal
[ citizen-server-impl] Scanning resources.
[    c-resources-core] Resource loading for node_modules failed:
[    c-resources-core] Could not open resource metadata file - no such file.
[    c-resources-core] Resource loading for src failed:
[    c-resources-core] Could not open resource metadata file - no such file.
[ citizen-server-impl] Found 37 resources.
[ citizen-server-impl] Some resources have an outdated resource manifest:
[ citizen-server-impl]     - np-chat
[ citizen-server-impl] 
[ citizen-server-impl] Please update these resources.
[          svadhesive] Authenticating server license key...
[          svadhesive] Server license key authentication succeeded. Welcome!
[    c-scripting-core] Creating script environments for sessionmanager
[ citizen-server-impl] Started resource sessionmanager
[    c-scripting-core] Creating script environments for monitor
[      script:monitor] [txAdminClient] Version 4.11.0 starting...
[ citizen-server-impl] Started resource monitor
[              cmdsys] No such command database=fivem.
[              cmdsys] No such command userid=root.
[              cmdsys] No such command '.
[    c-scripting-core] Creating script environments for mapmanager
[ citizen-server-impl] Started resource mapmanager
[    c-scripting-core] Creating script environments for yarn
[ citizen-server-impl] Started resource yarn
[    c-scripting-core] Creating script environments for webpack
[ citizen-server-impl] Started resource webpack
[    c-scripting-core] Creating script environments for chat
[ citizen-server-impl] Started resource chat
[ citizen-server-impl] Started resource spawnmanager
[   script:mapmanager] Started gametype Freeroam
[ citizen-server-impl] Started resource basic-gamemode
[    c-scripting-core] Creating script environments for hardcap
[ citizen-server-impl] Started resource hardcap
[    c-scripting-core] Creating script environments for rconlog
[ citizen-server-impl] Started resource rconlog
[    c-scripting-core] Creating script environments for mysql-async
[ citizen-server-impl] Started resource mysql-async
[ citizen-server-impl] Started resource nb-spawn
[ citizen-server-impl] Started resource nb-coords
[ citizen-server-impl] Started resource nb-tp
[ citizen-server-impl] Started resource nb-car_spawn
[ citizen-server-impl] Started resource nb-notification
[           resources] Warning: Resource np-chat does not specify an `fx_version` in fxmanifest.lua.
[           resources] Couldn't start resource np-chat.
[                 cmd] No such config file: database.cfg
[  script:mysql-async] [mysql-async] [ERROR] ER_ACCESS_DENIED_ERROR: Access denied for user 'root'@'localhost' (using password: NO)
[      script:monitor] [txAdminClient] Threads and commands set up. All Ready.
[   script:mapmanager] Started map fivem-map-hipster
[ citizen-server-impl] Started resource fivem-map-hipster
[ citizen-server-impl]         fff                          
[ citizen-server-impl]   cccc ff   xx  xx     rr rr    eee  
[ citizen-server-impl] cc     ffff   xx       rrr  r ee   e 
[ citizen-server-impl] cc     ff     xx   ... rr     eeeee  
[ citizen-server-impl]  ccccc ff   xx  xx ... rr      eeeee 
[ citizen-server-impl]                                      
[ citizen-server-impl] Authenticated with cfx.re Nucleus: https://nick-bottari-jb47mp.users.cfx.re/
[ citizen-server-impl] -- [server notice: tebex_not_set]
[ citizen-server-impl] ================
[ citizen-server-impl] Monetize your server using Tebex! Visit https://tebex.io/fivem for more info.
[ citizen-server-impl] ================
[ citizen-server-impl] 
[ citizen-server-impl] A client has tried to authenticate using Steam, but `steam_webApiKey` is unset. Please set steam_webApiKey to a Steam Web API key as registered on Valve's https://steamcommunity.com/dev/apikey web page. Steam identifier information will be unavailable otherwise.
[ citizen-server-impl] To suppress this message, `set steam_webApiKey "none"`.
[      script:hardcap] Connecting: ComposedNebula2
[ citizen-server-impl] Server list query returned an error: System.Threading.Tasks.TaskCanceledException: The operation was canceled. <- System.TimeoutException: The operation was canceled. <- System.Threading.Tasks.TaskCanceledException: The request was canceled due to the configured HttpClient.Timeout of 30 seconds elapsing.
[ citizen-server-impl] Stopping resource nb-spawn
[ citizen-server-impl] Started resource nb-spawn
[ citizen-server-impl] Stopping resource nb-spawn
[ citizen-server-impl] Started resource nb-spawn
[           resources] Warning: Resource np-chat does not specify an `fx_version` in fxmanifest.lua.
[           resources] Couldn't start resource np-chat.
[ citizen-server-impl] Scanning resources.
[    c-resources-core] Resource loading for node_modules failed:
[38;5;163m[    c-resources-core] Could not open resource metadata file - no such file.
[    c-resources-core] Resource loading for src failed:
[    c-resources-core] Could not open resource metadata file - no such file.
[ citizen-server-impl] Found 2 new resources, and refreshed 1/35 resources.
[    c-scripting-core] Creating script environments for np-chat
[ citizen-server-impl] Started resource np-chat
[ citizen-server-impl] Stopping resource chat
[ citizen-server-impl] Stopping resource np-chat
[    c-scripting-core] Creating script environments for np-chat
[ citizen-server-impl] Started resource np-chat
[ citizen-server-impl] Server list query returned an error: System.Threading.Tasks.TaskCanceledException: The operation was canceled. <- System.TimeoutException: The operation was canceled. <- System.Threading.Tasks.TaskCanceledException: The request was canceled due to the configured HttpClient.Timeout of 30 seconds elapsing.
[ citizen-server-impl] A client has tried to authenticate using Steam, but `steam_webApiKey` is unset. Please set steam_webApiKey to a Steam Web API key as registered on Valve's https://steamcommunity.com/dev/apikey web page. Steam identifier information will be unavailable otherwise.
[ citizen-server-impl] To suppress this message, `set steam_webApiKey "none"`.
[      script:hardcap] Connecting: ComposedNebula2
[ citizen-server-impl] Server list query returned an error: System.Threading.Tasks.TaskCanceledException: The operation was canceled. <- System.TimeoutException: The operation was canceled. <- System.Threading.Tasks.TaskCanceledException: The request was canceled due to the configured HttpClient.Timeout of 30 seconds elapsing.
[ citizen-server-impl] Stopping resource nb-spawn
[ citizen-server-impl] Started resource nb-spawn
[ citizen-server-impl] Server list query returned an error: System.Threading.Tasks.TaskCanceledException: The operation was canceled. <- System.TimeoutException: The operation was canceled. <- System.Threading.Tasks.TaskCanceledException: The request was canceled due to the configured HttpClient.Timeout of 30 seconds elapsing.
[ citizen-server-impl] Stopping resource np-chat
[    c-scripting-core] Creating script environments for chat
[ citizen-server-impl] Started resource chat
[ citizen-server-impl] Server list query returned an error: System.Threading.Tasks.TaskCanceledException: The operation was canceled. <- System.TimeoutException: The operation was canceled. <- System.Threading.Tasks.TaskCanceledException: The request was canceled due to the configured HttpClient.Timeout of 30 seconds elapsing.
[ citizen-server-impl] Stopping resource nb-spawn
[ citizen-server-impl] Started resource nb-spawn
[ citizen-server-impl] Server list query returned an error: System.Threading.Tasks.TaskCanceledException: The operation was canceled. <- System.TimeoutException: The operation was canceled. <- System.Threading.Tasks.TaskCanceledException: The request was canceled due to the configured HttpClient.Timeout of 30 seconds elapsing.
[ citizen-server-impl] A client has tried to authenticate using Steam, but `steam_webApiKey` is unset. Please set steam_webApiKey to a Steam Web API key as registered on Valve's https://steamcommunity.com/dev/apikey web page. Steam identifier information will be unavailable otherwise.
[ citizen-server-impl] To suppress this message, `set steam_webApiKey "none"`.
[      script:hardcap] Connecting: ComposedNebula2
[ citizen-server-impl] Server list query returned an error: System.Threading.Tasks.TaskCanceledException: The operation was canceled. <- System.TimeoutException: The operation was canceled. <- System.Threading.Tasks.TaskCanceledException: The request was canceled due to the configured HttpClient.Timeout of 30 seconds elapsing.
[ citizen-server-impl] Stopping resource nb-spawn
[ citizen-server-impl] Started resource nb-spawn
[ citizen-server-impl] A client has tried to authenticate using Steam, but `steam_webApiKey` is unset. Please set steam_webApiKey to a Steam Web API key as registered on Valve's https://steamcommunity.com/dev/apikey web page. Steam identifier information will be unavailable otherwise.
[ citizen-server-impl] To suppress this message, `set steam_webApiKey "none"`.
[      script:hardcap] Connecting: ComposedNebula2
[ citizen-server-impl] Server list query returned an error: System.Threading.Tasks.TaskCanceledException: The operation was canceled. <- System.TimeoutException: The operation was canceled. <- System.Threading.Tasks.TaskCanceledException: The request was canceled due to the configured HttpClient.Timeout of 30 seconds elapsing.
[ citizen-server-impl] Server list query returned an error: System.Threading.Tasks.TaskCanceledException: The operation was canceled. <- System.TimeoutException: The operation was canceled. <- System.Threading.Tasks.TaskCanceledException: The request was canceled due to the configured HttpClient.Timeout of 30 seconds elapsing.
[ citizen-server-impl] A client has tried to authenticate using Steam, but `steam_webApiKey` is unset. Please set steam_webApiKey to a Steam Web API key as registered on Valve's https://steamcommunity.com/dev/apikey web page. Steam identifier information will be unavailable otherwise.
[ citizen-server-impl] To suppress this message, `set steam_webApiKey "none"`.
[38;5;134m[      script:hardcap] Connecting: ComposedNebula2
[ citizen-server-impl] Server list query returned an error: System.Threading.Tasks.TaskCanceledException: The operation was canceled. <- System.TimeoutException: The operation was canceled. <- System.Threading.Tasks.TaskCanceledException: The request was canceled due to the configured HttpClient.Timeout of 30 seconds elapsing.
[ citizen-server-impl] Stopping resource nb-spawn
[ citizen-server-impl] Started resource nb-spawn
[ citizen-server-impl] Server list query returned an error: System.Threading.Tasks.TaskCanceledException: The operation was canceled. <- System.TimeoutException: The operation was canceled. <- System.Threading.Tasks.TaskCanceledException: The request was canceled due to the configured HttpClient.Timeout of 30 seconds elapsing.
[ citizen-server-impl] A client has tried to authenticate using Steam, but `steam_webApiKey` is unset. Please set steam_webApiKey to a Steam Web API key as registered on Valve's https://steamcommunity.com/dev/apikey web page. Steam identifier information will be unavailable otherwise.
[ citizen-server-impl] To suppress this message, `set steam_webApiKey "none"`.
[      script:hardcap] Connecting: ComposedNebula2
[ citizen-server-impl] Server list query returned an error: System.Threading.Tasks.TaskCanceledException: The operation was canceled. <- System.TimeoutException: The operation was canceled. <- System.Threading.Tasks.TaskCanceledException: The request was canceled due to the configured HttpClient.Timeout of 30 seconds elapsing.
[ citizen-server-impl] Server list query returned an error: System.Threading.Tasks.TaskCanceledException: The operation was canceled. <- System.TimeoutException: The operation was canceled. <- System.Threading.Tasks.TaskCanceledException: The request was canceled due to the configured HttpClient.Timeout of 30 seconds elapsing.
[ citizen-server-impl] Stopping resource nb-spawn
[ citizen-server-impl] Started resource nb-spawn
[ citizen-server-impl] Server list query returned an error: System.Threading.Tasks.TaskCanceledException: The operation was canceled. <- System.TimeoutException: The operation was canceled. <- System.Threading.Tasks.TaskCanceledException: The request was canceled due to the configured HttpClient.Timeout of 30 seconds elapsing.
[38;5;73m[ citizen-server-impl] Scanning resources.
[    c-resources-core] Resource loading for node_modules failed:
[    c-resources-core] Could not open resource metadata file - no such file.
[    c-resources-core] Resource loading for src failed:
[    c-resources-core] Could not open resource metadata file - no such file.
[ citizen-server-impl] Found 2 new resources, and refreshed 0/35 resources.
[ citizen-server-impl] Stopping resource nb-spawn
[ citizen-server-impl] Started resource nb-spawn
[ citizen-server-impl] Stopping resource nb-spawn
[ citizen-server-impl] Started resource nb-spawn
[ citizen-server-impl] Stopping resource nb-spawn
[ citizen-server-impl] Started resource nb-spawn
[ citizen-server-impl] Server list query returned an error: System.Threading.Tasks.TaskCanceledException: The operation was canceled. <- System.TimeoutException: The operation was canceled. <- System.Threading.Tasks.TaskCanceledException: The request was canceled due to the configured HttpClient.Timeout of 30 seconds elapsing.
[ citizen-server-impl] Stopping resource nb-spawn
[ citizen-server-impl] Started resource nb-spawn
[ citizen-server-impl] Server list query returned an error: System.Threading.Tasks.TaskCanceledException: The operation was canceled. <- System.TimeoutException: The operation was canceled. <- System.Threading.Tasks.TaskCanceledException: The request was canceled due to the configured HttpClient.Timeout of 30 seconds elapsing.
[ citizen-server-impl] [0mStopping resource nb-spawn
[ citizen-server-impl] Started resource nb-spawn
[    c-scripting-core] Creating script environments for coderun
[ citizen-server-impl] Started resource coderun
[ citizen-server-impl] Server list query returned an error: System.Threading.Tasks.TaskCanceledException: The operation was canceled. <- System.TimeoutException: The operation was canceled. <- System.Threading.Tasks.TaskCanceledException: The request was canceled due to the configured HttpClient.Timeout of 30 seconds elapsing.
[ citizen-server-impl] [91mServer list query returned an error: System.Threading.Tasks.TaskCanceledException: The operation was canceled. <- System.TimeoutException: The operation was canceled. <- System.Threading.Tasks.TaskCanceledException: The request was canceled due to the configured HttpClient.Timeout of 30 seconds elapsing.
[ citizen-server-impl] Stopping resource nb-spawn
[ citizen-server-impl] Started resource nb-spawn
[ citizen-server-impl] Server list query returned an error: System.Threading.Tasks.TaskCanceledException: The operation was canceled. <- System.TimeoutException: The operation was canceled. <- System.Threading.Tasks.TaskCanceledException: The request was canceled due to the configured HttpClient.Timeout of 30 seconds elapsing.
[ citizen-server-impl] Server list query returned an error: System.Threading.Tasks.TaskCanceledException: The operation was canceled. <- System.TimeoutException: The operation was canceled. <- System.Threading.Tasks.TaskCanceledException: The request was canceled due to the configured HttpClient.Timeout of 30 seconds elapsing.
[ citizen-server-impl] Server list query returned an error: System.Threading.Tasks.TaskCanceledException: The operation was canceled. <- System.TimeoutException: The operation was canceled. <- System.Threading.Tasks.TaskCanceledException: The request was canceled due to the configured HttpClient.Timeout of 30 seconds elapsing.
[ citizen-server-impl] Stopping resource nb-spawn
[ citizen-server-impl] Started resource nb-spawn
[ citizen-server-impl] Server list query returned an error: System.Threading.Tasks.TaskCanceledException: The operation was canceled. <- System.TimeoutException: The operation was canceled. <- System.Threading.Tasks.TaskCanceledException: The request was canceled due to the configured HttpClient.Timeout of 30 seconds elapsing.
[ citizen-server-impl] Stopping resource nb-spawn
[ citizen-server-impl] Started resource nb-spawn
[ citizen-server-impl] Stopping resource nb-spawn
[ citizen-server-impl] Started resource nb-spawn
[ citizen-server-impl] A client has tried to authenticate using Steam, but `steam_webApiKey` is unset. Please set steam_webApiKey to a Steam Web API key as registered on Valve's https://steamcommunity.com/dev/apikey web page. Steam identifier information will be unavailable otherwise.
[ citizen-server-impl] To suppress this message, `set steam_webApiKey "none"`.
[      script:hardcap] Connecting: ComposedNebula2
[ citizen-server-impl] Server list query returned an error: System.Threading.Tasks.TaskCanceledException: The operation was canceled. <- System.TimeoutException: The operation was canceled. <- System.Threading.Tasks.TaskCanceledException: The request was canceled due to the configured HttpClient.Timeout of 30 seconds elapsing.
[ citizen-server-impl] Stopping resource nb-spawn
[ citizen-server-impl] Started resource nb-spawn
[ citizen-server-impl] Server list query returned an error: System.Threading.Tasks.TaskCanceledException: The operation was canceled. <- System.TimeoutException: The operation was canceled. <- System.Threading.Tasks.TaskCanceledException: The request was canceled due to the configured HttpClient.Timeout of 30 seconds elapsing.
[ citizen-server-impl] A client has tried to authenticate using Steam, but `steam_webApiKey` is unset. Please set steam_webApiKey to a Steam Web API key as registered on Valve's https://steamcommunity.com/dev/apikey web page. Steam identifier information will be unavailable otherwise.
[ citizen-server-impl] To suppress this message, `set steam_webApiKey "none"`.
[      script:hardcap] Connecting: ComposedNebula2
[ citizen-server-impl] Server list query returned an error: System.Threading.Tasks.TaskCanceledException: The operation was canceled. <- System.TimeoutException: The operation was canceled. <- System.Threading.Tasks.TaskCanceledException: The request was canceled due to the configured HttpClient.Timeout of 30 seconds elapsing.
[ citizen-server-impl] Stopping resource nb-spawn
[ citizen-server-impl] Started resource nb-spawn
[ citizen-server-impl] A client has tried to authenticate using Steam, but `steam_webApiKey` is unset. Please set steam_webApiKey to a Steam Web API key as registered on Valve's https://steamcommunity.com/dev/apikey web page. Steam identifier information will be unavailable otherwise.
[ citizen-server-impl] To suppress this message, `set steam_webApiKey "none"`.
[      script:hardcap] Connecting: ComposedNebula2
[ citizen-server-impl] Server list query returned an error: System.Threading.Tasks.TaskCanceledException: The operation was canceled. <- System.TimeoutException: The operation was canceled. <- System.Threading.Tasks.TaskCanceledException: The request was canceled due to the configured HttpClient.Timeout of 30 seconds elapsing.
[    c-scripting-core] Creating script environments for runcode
[ citizen-server-impl] Started resource runcode
[ citizen-server-impl] Stopping resource coderun
[ citizen-server-impl] Server list query returned an error: System.Threading.Tasks.TaskCanceledException: The operation was canceled. <- System.TimeoutException: The operation was canceled. <- System.Threading.Tasks.TaskCanceledException: The request was canceled due to the configured HttpClient.Timeout of 30 seconds elapsing.
[ citizen-server-impl] Server list query returned an error: System.Threading.Tasks.TaskCanceledException: The operation was canceled. <- System.TimeoutException: The operation was canceled. <- System.Threading.Tasks.TaskCanceledException: The request was canceled due to the configured HttpClient.Timeout of 30 seconds elapsing.
[ citizen-server-impl] A client has tried to authenticate using Steam, but `steam_webApiKey` is unset. Please set steam_webApiKey to a Steam Web API key as registered on Valve's https://steamcommunity.com/dev/apikey web page. Steam identifier information will be unavailable otherwise.
[ citizen-server-impl] To suppress this message, `set steam_webApiKey "none"`.
[      script:hardcap] [0mConnecting: ComposedNebula2
[ citizen-server-impl] Server list query returned an error: System.Threading.Tasks.TaskCanceledException: The operation was canceled. <- System.TimeoutException: The operation was canceled. <- System.Threading.Tasks.TaskCanceledException: The request was canceled due to the configured HttpClient.Timeout of 30 seconds elapsing.
[ citizen-server-impl] Stopping resource nb-spawn
[ citizen-server-impl] Started resource nb-spawn
[ citizen-server-impl] A client has tried to authenticate using Steam, but `steam_webApiKey` is unset. Please set steam_webApiKey to a Steam Web API key as registered on Valve's https://steamcommunity.com/dev/apikey web page. Steam identifier information will be unavailable otherwise.
[ citizen-server-impl] To suppress this message, `set steam_webApiKey "none"`.
[      script:hardcap] Connecting: ComposedNebula2
[ citizen-server-impl] Server list query returned an error: System.Threading.Tasks.TaskCanceledException: The operation was canceled. <- System.TimeoutException: The operation was canceled. <- System.Threading.Tasks.TaskCanceledException: The request was canceled due to the configured HttpClient.Timeout of 30 seconds elapsing.
[ citizen-server-impl] Server list query returned an error: System.Threading.Tasks.TaskCanceledException: The operation was canceled. <- System.TimeoutException: The operation was canceled. <- System.Threading.Tasks.TaskCanceledException: The request was canceled due to the configured HttpClient.Timeout of 30 seconds elapsing.
[ citizen-server-impl] Server list query returned an error: System.Threading.Tasks.TaskCanceledException: The operation was canceled. <- System.TimeoutException: The operation was canceled. <- System.Threading.Tasks.TaskCanceledException: The request was canceled due to the configured HttpClient.Timeout of 30 seconds elapsing.
> txaEvent "adminsUpdated" "[]"
> txaReportResources
[      script:monitor] [txAdminClient] Sending resources list to txAdmin.
> ensure "nb-spawn"
[ citizen-server-impl] Stopping resource nb-spawn
[ citizen-server-impl] Started resource nb-spawn
> txaReportResources
[      script:monitor] [txAdminClient] Sending resources list to txAdmin.
[ citizen-server-impl] A client has tried to authenticate using Steam, but `steam_webApiKey` is unset. Please set steam_webApiKey to a Steam Web API key as registered on Valve's https://steamcommunity.com/dev/apikey web page. Steam identifier information will be unavailable otherwise.
[ citizen-server-impl] To suppress this message, `set steam_webApiKey "none"`.
[      script:hardcap] Connecting: ComposedNebula2
[ citizen-server-impl] Server list query returned an error: System.Threading.Tasks.TaskCanceledException: The operation was canceled. <- System.TimeoutException: The operation was canceled. <- System.Threading.Tasks.TaskCanceledException: The request was canceled due to the configured HttpClient.Timeout of 30 seconds elapsing.
[ citizen-server-impl] Stopping resource nb-spawn
[ citizen-server-impl] Started resource nb-spawn
[ citizen-server-impl] [0mA client has tried to authenticate using Steam, but `steam_webApiKey` is unset. Please set steam_webApiKey to a Steam Web API key as registered on Valve's https://steamcommunity.com/dev/apikey web page. Steam identifier information will be unavailable otherwise.
[ citizen-server-impl] To suppress this message, `set steam_webApiKey "none"`.
[      script:hardcap] Connecting: ComposedNebula2
[ citizen-server-impl] Server list query returned an error: System.Threading.Tasks.TaskCanceledException: The operation was canceled. <- System.TimeoutException: The operation was canceled. <- System.Threading.Tasks.TaskCanceledException: The request was canceled due to the configured HttpClient.Timeout of 30 seconds elapsing.
