
================================================================
======== FXServer starting - 1/30/2022, 1:11:06 PM
================================================================
[38;5;161m[    c-scripting-core] Creating script environments for _cfx_internal
[38;5;73m[ citizen-server-impl] Scanning resources.
[38;5;73m[ citizen-server-impl] Found 32 resources.
[38;5;161m[    c-scripting-core] Creating script environments for sessionmanager
[38;5;73m[ citizen-server-impl] Started resource sessionmanager
[38;5;161m[    c-scripting-core] Creating script environments for monitor
[38;5;84m[      script:monitor] [txAdminClient] Version 4.4.1 starting...
[38;5;73m[ citizen-server-impl] Started resource monitor
[38;5;161m[    c-scripting-core] Creating script environments for mapmanager
[38;5;73m[ citizen-server-impl] Started resource mapmanager
[38;5;161m[    c-scripting-core] Creating script environments for yarn
[38;5;73m[ citizen-server-impl] Started resource yarn
[38;5;161m[    c-scripting-core] Creating script environments for webpack
[38;5;73m[ citizen-server-impl] Started resource webpack
[38;5;161m[    c-scripting-core] Creating script environments for chat
[38;5;73m[ citizen-server-impl] Started resource chat
[38;5;73m[ citizen-server-impl] Started resource spawnmanager
[38;5;154m[   script:mapmanager] Started gametype Freeroam
[38;5;73m[ citizen-server-impl] Started resource basic-gamemode
[38;5;161m[    c-scripting-core] Creating script environments for hardcap
[38;5;73m[ citizen-server-impl] Started resource hardcap
[38;5;161m[    c-scripting-core] Creating script environments for rconlog
[38;5;73m[ citizen-server-impl] Started resource rconlog
[38;5;66m[          svadhesive] Authenticating server license key...
[38;5;84m[      script:monitor] [txAdminClient] Threads and commands set up. All Ready.
[38;5;154m[   script:mapmanager] Started map fivem-map-skater
[38;5;73m[ citizen-server-impl] Started resource fivem-map-skater
[38;5;66m[          svadhesive] Server license key authentication succeeded. Welcome!
[38;5;73m[ citizen-server-impl]         fff                          
[38;5;73m[ citizen-server-impl]   cccc ff   xx  xx     rr rr    eee  
[38;5;73m[ citizen-server-impl] cc     ffff   xx       rrr  r ee   e 
[38;5;73m[ citizen-server-impl] cc     ff     xx   ... rr     eeeee  
[38;5;73m[ citizen-server-impl]  ccccc ff   xx  xx ... rr      eeeee 
[38;5;73m[ citizen-server-impl]                                      
[38;5;73m[ citizen-server-impl] Authenticated with cfx.re Nucleus: https://nick-bottari-jb47mp.users.cfx.re/
[38;5;73m[ citizen-server-impl] -- [server notice: tebex_not_set]
[38;5;73m[ citizen-server-impl] ================
[38;5;73m[ citizen-server-impl] Monetize your server using Tebex! Visit https://tebex.io/fivem for more info.
[38;5;73m[ citizen-server-impl] ================
[38;5;73m[ citizen-server-impl] 
[38;5;73m[ citizen-server-impl] A client has tried to authenticate using Steam, but `steam_webApiKey` is unset. Please set steam_webApiKey to a Steam Web API key as registered on Valve's https://steamcommunity.com/dev/apikey web page. Steam identifier information will be unavailable otherwise.
[38;5;73m[ citizen-server-impl] To suppress this message, `set steam_webApiKey "none"`.
[38;5;134m[      script:hardcap] Connecting: ComposedNebula2
[38;5;84m[      script:monitor] [txAdminClient] Sending resources list to txAdmin.
[38;5;73m[ citizen-server-impl] Started resource nb-coords
[38;5;73m[ citizen-server-impl] Started resource nb-spawn
[38;5;84m[      script:monitor] [txAdminClient] Sending resources list to txAdmin.
[38;5;73m[ citizen-server-impl] Stopping resource nb-coords
[38;5;84m[      script:monitor] [txAdminClient] Sending resources list to txAdmin.
[38;5;73m[ citizen-server-impl] Started resource nb-coords
[38;5;84m[      script:monitor] [txAdminClient] Sending resources list to txAdmin.
[38;5;73m[ citizen-server-impl] A client has tried to authenticate using Steam, but `steam_webApiKey` is unset. Please set steam_webApiKey to a Steam Web API key as registered on Valve's https://steamcommunity.com/dev/apikey web page. Steam identifier information will be unavailable otherwise.
[38;5;73m[ citizen-server-impl] To suppress this message, `set steam_webApiKey "none"`.
[38;5;134m[      script:hardcap] Connecting: ComposedNebula2
[38;5;73m[ citizen-server-impl] A client has tried to authenticate using Steam, but `steam_webApiKey` is unset. Please set steam_webApiKey to a Steam Web API key as registered on Valve's https://steamcommunity.com/dev/apikey web page. Steam identifier information will be unavailable otherwise.
[38;5;73m[ citizen-server-impl] To suppress this message, `set steam_webApiKey "none"`.
[38;5;134m[      script:hardcap] Connecting: ComposedNebula2
[38;5;73m[ citizen-server-impl] A client has tried to authenticate using Steam, but `steam_webApiKey` is unset. Please set steam_webApiKey to a Steam Web API key as registered on Valve's https://steamcommunity.com/dev/apikey web page. Steam identifier information will be unavailable otherwise.
[38;5;73m[ citizen-server-impl] To suppress this message, `set steam_webApiKey "none"`.
[38;5;134m[      script:hardcap] Connecting: ComposedNebula2
[38;5;73m[ citizen-server-impl] Stopping resource nb-coords
[38;5;73m[ citizen-server-impl] Started resource nb-coords
[38;5;84m[      script:monitor] [txAdminClient] Sending resources list to txAdmin.
[38;5;73m[ citizen-server-impl] Stopping resource nb-coords
[38;5;73m[ citizen-server-impl] Started resource nb-coords

================================================================
======== FXServer starting - 1/30/2022, 1:56:38 PM
================================================================
[38;5;163m[    c-resources-core] Resource loading for nb-mongodb failed:
[38;5;163m[    c-resources-core] Could not open resource metadata file - no such file.
[38;5;73m[ citizen-server-impl] Found 33 resources.
[38;5;161m[    c-scripting-core] Creating script environments for sessionmanager
[38;5;73m[ citizen-server-impl] Started resource sessionmanager
[38;5;161m[    c-scripting-core] Creating script environments for monitor
[38;5;84m[      script:monitor] [txAdminClient] Version 4.4.1 starting...
[38;5;73m[ citizen-server-impl] Started resource monitor
[38;5;161m[    c-scripting-core] Creating script environments for mapmanager
[38;5;73m[ citizen-server-impl] Started resource mapmanager
[38;5;161m[    c-scripting-core] Creating script environments for yarn
[38;5;73m[ citizen-server-impl] Started resource yarn
[38;5;161m[    c-scripting-core] Creating script environments for webpack
[38;5;73m[ citizen-server-impl] Started resource webpack
[38;5;161m[    c-scripting-core] Creating script environments for chat
[38;5;73m[ citizen-server-impl] Started resource chat
[38;5;73m[ citizen-server-impl] Started resource spawnmanager
[38;5;154m[   script:mapmanager] Started gametype Freeroam
[38;5;73m[ citizen-server-impl] Started resource basic-gamemode
[38;5;161m[    c-scripting-core] Creating script environments for hardcap
[38;5;73m[ citizen-server-impl] Started resource hardcap
[38;5;161m[    c-scripting-core] Creating script environments for rconlog
[38;5;73m[ citizen-server-impl] Started resource rconlog
[38;5;73m[ citizen-server-impl] Couldn't find resource mongodb.
[38;5;171m[                 cmd] No such config file: database.cfg
[38;5;66m[          svadhesive] Authenticating server license key...
[38;5;84m[      script:monitor] [txAdminClient] Threads and commands set up. All Ready.
[38;5;154m[   script:mapmanager] Started map fivem-map-hipster
[38;5;73m[ citizen-server-impl] Started resource fivem-map-hipster
[38;5;66m[          svadhesive] Server license key authentication succeeded. Welcome!
[38;5;73m[ citizen-server-impl]         fff                          
[38;5;73m[ citizen-server-impl]   cccc ff   xx  xx     rr rr    eee  
[38;5;73m[ citizen-server-impl] cc     ffff   xx       rrr  r ee   e 
[38;5;73m[ citizen-server-impl] cc     ff     xx   ... rr     eeeee  
[38;5;73m[ citizen-server-impl]  ccccc ff   xx  xx ... rr      eeeee 
[38;5;73m[ citizen-server-impl]                                      
[38;5;73m[ citizen-server-impl] Authenticated with cfx.re Nucleus: https://nick-bottari-jb47mp.users.cfx.re/
[38;5;73m[ citizen-server-impl] -- [server notice: tebex_not_set]
[38;5;73m[ citizen-server-impl] ================
[38;5;73m[ citizen-server-impl] Monetize your server using Tebex! Visit https://tebex.io/fivem for more info.
[38;5;73m[ citizen-server-impl] ================
[38;5;73m[ citizen-server-impl] 
[38;5;73m[ citizen-server-impl] A client has tried to authenticate using Steam, but `steam_webApiKey` is unset. Please set steam_webApiKey to a Steam Web API key as registered on Valve's https://steamcommunity.com/dev/apikey web page. Steam identifier information will be unavailable otherwise.
[38;5;73m[ citizen-server-impl] To suppress this message, `set steam_webApiKey "none"`.
[38;5;134m[      script:hardcap] Connecting: ComposedNebula2
[38;5;84m[      script:monitor] [txAdminClient] Sending resources list to txAdmin.
[38;5;73m[ citizen-server-impl] Scanning resources.
[38;5;163m[    c-resources-core] Resource loading for nb-mongodb failed:
[38;5;163m[    c-resources-core] Could not open resource metadata file - no such file.
[38;5;73m[ citizen-server-impl] Found 1 resources, and refreshed 32 resources.
[38;5;84m[      script:monitor] [txAdminClient] Sending resources list to txAdmin.

================================================================
======== FXServer starting - 1/30/2022, 2:06:08 PM
================================================================
[38;5;171m[                 cmd] No such config file: database.cfg
[38;5;161m[    c-scripting-core] Creating script environments for _cfx_internal
[38;5;73m[ citizen-server-impl] Scanning resources.
[38;5;163m[    c-resources-core] Resource loading for nb-mongodb failed:
[38;5;163m[    c-resources-core] Could not open resource metadata file - no such file.
[38;5;73m[ citizen-server-impl] Found 33 resources.
[38;5;161m[    c-scripting-core] Creating script environments for sessionmanager
[38;5;73m[ citizen-server-impl] Started resource sessionmanager
[38;5;161m[    c-scripting-core] Creating script environments for monitor
[38;5;84m[      script:monitor] [txAdminClient] Version 4.4.1 starting...
[38;5;73m[ citizen-server-impl] Started resource monitor
[38;5;161m[    c-scripting-core] Creating script environments for mapmanager
[38;5;73m[ citizen-server-impl] Started resource mapmanager
[38;5;161m[    c-scripting-core] Creating script environments for yarn
[38;5;73m[ citizen-server-impl] Started resource yarn
[38;5;161m[    c-scripting-core] Creating script environments for webpack
[38;5;73m[ citizen-server-impl] Started resource webpack
[38;5;161m[    c-scripting-core] Creating script environments for chat
[38;5;73m[ citizen-server-impl] Started resource chat
[38;5;73m[ citizen-server-impl] Started resource spawnmanager
[38;5;154m[   script:mapmanager] Started gametype Freeroam
[38;5;73m[ citizen-server-impl] Started resource basic-gamemode
[38;5;161m[    c-scripting-core] Creating script environments for hardcap
[38;5;73m[ citizen-server-impl] Started resource hardcap
[38;5;161m[    c-scripting-core] Creating script environments for rconlog
[38;5;73m[ citizen-server-impl] Started resource rconlog
[38;5;73m[ citizen-server-impl] Couldn't find resource mongodb.
[38;5;171m[                 cmd] No such config file: database.cfg
[38;5;66m[          svadhesive] Authenticating server license key...
[38;5;84m[      script:monitor] [txAdminClient] Threads and commands set up. All Ready.
[38;5;154m[   script:mapmanager] Started map fivem-map-hipster
[38;5;73m[ citizen-server-impl] Started resource fivem-map-hipster
[38;5;66m[          svadhesive] Server license key authentication succeeded. Welcome!
[38;5;73m[ citizen-server-impl]         fff                          
[38;5;73m[ citizen-server-impl]   cccc ff   xx  xx     rr rr    eee  
[38;5;73m[ citizen-server-impl] cc     ffff   xx       rrr  r ee   e 
[38;5;73m[ citizen-server-impl] cc     ff     xx   ... rr     eeeee  
[38;5;73m[ citizen-server-impl]  ccccc ff   xx  xx ... rr      eeeee 
[38;5;73m[ citizen-server-impl]                                      
[38;5;73m[ citizen-server-impl] Authenticated with cfx.re Nucleus: https://nick-bottari-jb47mp.users.cfx.re/
[38;5;73m[ citizen-server-impl] -- [server notice: tebex_not_set]
[38;5;73m[ citizen-server-impl] ================
[38;5;73m[ citizen-server-impl] Monetize your server using Tebex! Visit https://tebex.io/fivem for more info.
[38;5;73m[ citizen-server-impl] ================
[38;5;73m[ citizen-server-impl] 

================================================================
======== FXServer starting - 1/30/2022, 2:08:07 PM
================================================================
[38;5;171m[                 cmd] No such config file: database.cfg
[38;5;161m[    c-scripting-core] Creating script environments for _cfx_internal
[38;5;73m[ citizen-server-impl] Scanning resources.
[38;5;163m[    c-resources-core] Resource loading for nb-mongodb failed:
[38;5;163m[    c-resources-core] Could not open resource metadata file - no such file.
[38;5;73m[ citizen-server-impl] Found 33 resources.
[38;5;161m[    c-scripting-core] Creating script environments for sessionmanager
[38;5;73m[ citizen-server-impl] Started resource sessionmanager
[38;5;161m[    c-scripting-core] Creating script environments for monitor
[38;5;84m[      script:monitor] [txAdminClient] Version 4.4.1 starting...
[38;5;73m[ citizen-server-impl] Started resource monitor
[38;5;161m[    c-scripting-core] Creating script environments for mapmanager
[38;5;73m[ citizen-server-impl] Started resource mapmanager
[38;5;161m[    c-scripting-core] Creating script environments for yarn
[38;5;73m[ citizen-server-impl] Started resource yarn
[38;5;161m[    c-scripting-core] Creating script environments for webpack
[38;5;73m[ citizen-server-impl] Started resource webpack
[38;5;161m[    c-scripting-core] Creating script environments for chat
[38;5;73m[ citizen-server-impl] Started resource chat
[38;5;73m[ citizen-server-impl] Started resource spawnmanager
[38;5;154m[   script:mapmanager] Started gametype Freeroam
[38;5;73m[ citizen-server-impl] Started resource basic-gamemode
[38;5;161m[    c-scripting-core] Creating script environments for hardcap
[38;5;73m[ citizen-server-impl] Started resource hardcap
[38;5;161m[    c-scripting-core] Creating script environments for rconlog
[38;5;73m[ citizen-server-impl] Started resource rconlog
[38;5;73m[ citizen-server-impl] Couldn't find resource mongodb.
[38;5;171m[                 cmd] No such config file: database.cfg
[38;5;66m[          svadhesive] Authenticating server license key...
[38;5;84m[      script:monitor] [txAdminClient] Threads and commands set up. All Ready.
[38;5;154m[   script:mapmanager] Started map fivem-map-hipster
[38;5;73m[ citizen-server-impl] Started resource fivem-map-hipster
[38;5;66m[          svadhesive] Server license key authentication succeeded. Welcome!
[38;5;73m[ citizen-server-impl]         fff                          
[38;5;73m[ citizen-server-impl]   cccc ff   xx  xx     rr rr    eee  
[38;5;73m[ citizen-server-impl] cc     ffff   xx       rrr  r ee   e 
[38;5;73m[ citizen-server-impl] cc     ff     xx   ... rr     eeeee  
[38;5;73m[ citizen-server-impl]  ccccc ff   xx  xx ... rr      eeeee 
[38;5;73m[ citizen-server-impl]                                      
[38;5;73m[ citizen-server-impl] Authenticated with cfx.re Nucleus: https://nick-bottari-jb47mp.users.cfx.re/
[38;5;73m[ citizen-server-impl] -- [server notice: tebex_not_set]
[38;5;73m[ citizen-server-impl] ================
[38;5;73m[ citizen-server-impl] Monetize your server using Tebex! Visit https://tebex.io/fivem for more info.
[38;5;73m[ citizen-server-impl] ================
[38;5;73m[ citizen-server-impl] 
[38;5;73m[ citizen-server-impl] A client has tried to authenticate using Steam, but `steam_webApiKey` is unset. Please set steam_webApiKey to a Steam Web API key as registered on Valve's https://steamcommunity.com/dev/apikey web page. Steam identifier information will be unavailable otherwise.
[38;5;73m[ citizen-server-impl] To suppress this message, `set steam_webApiKey "none"`.
[38;5;134m[      script:hardcap] Connecting: ComposedNebula2

================================================================
======== FXServer starting - 1/30/2022, 2:15:57 PM
================================================================
[38;5;171m[                 cmd] No such config file: database.cfg
[38;5;161m[    c-scripting-core] Creating script environments for _cfx_internal
[38;5;73m[ citizen-server-impl] Scanning resources.
[38;5;163m[    c-resources-core] Resource loading for nb-mongodb failed:
[38;5;163m[    c-resources-core] Could not open resource metadata file - no such file.
[38;5;73m[ citizen-server-impl] Found 33 resources.
[38;5;161m[    c-scripting-core] Creating script environments for sessionmanager
[38;5;73m[ citizen-server-impl] Started resource sessionmanager
[38;5;161m[    c-scripting-core] Creating script environments for monitor
[38;5;84m[      script:monitor] [txAdminClient] Version 4.4.1 starting...
[38;5;73m[ citizen-server-impl] Started resource monitor
[38;5;161m[    c-scripting-core] Creating script environments for mapmanager
[38;5;73m[ citizen-server-impl] Started resource mapmanager
[38;5;161m[    c-scripting-core] Creating script environments for yarn
[38;5;73m[ citizen-server-impl] Started resource yarn
[38;5;161m[    c-scripting-core] Creating script environments for webpack
[38;5;73m[ citizen-server-impl] Started resource webpack
[38;5;161m[    c-scripting-core] Creating script environments for chat
[38;5;73m[ citizen-server-impl] Started resource chat
[38;5;73m[ citizen-server-impl] Started resource spawnmanager
[38;5;154m[   script:mapmanager] Started gametype Freeroam
[38;5;73m[ citizen-server-impl] Started resource basic-gamemode
[38;5;161m[    c-scripting-core] Creating script environments for hardcap
[38;5;73m[ citizen-server-impl] Started resource hardcap
[38;5;161m[    c-scripting-core] Creating script environments for rconlog
[38;5;73m[ citizen-server-impl] Started resource rconlog
[38;5;73m[ citizen-server-impl] Couldn't find resource mongodb.
[38;5;73m[ citizen-server-impl] Started resource nb-spawn
[38;5;73m[ citizen-server-impl] Started resource nb-coords
[38;5;171m[                 cmd] No such config file: database.cfg
[38;5;66m[          svadhesive] Authenticating server license key...
[38;5;84m[      script:monitor] [txAdminClient] Threads and commands set up. All Ready.
[38;5;154m[   script:mapmanager] Started map fivem-map-hipster
[38;5;73m[ citizen-server-impl] Started resource fivem-map-hipster
[38;5;66m[          svadhesive] Server license key authentication succeeded. Welcome!
[38;5;73m[ citizen-server-impl]         fff                          
[38;5;73m[ citizen-server-impl]   cccc ff   xx  xx     rr rr    eee  
[38;5;73m[ citizen-server-impl] cc     ffff   xx       rrr  r ee   e 
[38;5;73m[ citizen-server-impl] cc     ff     xx   ... rr     eeeee  
[38;5;73m[ citizen-server-impl]  ccccc ff   xx  xx ... rr      eeeee 
[38;5;73m[ citizen-server-impl]                                      
[38;5;73m[ citizen-server-impl] Authenticated with cfx.re Nucleus: https://nick-bottari-jb47mp.users.cfx.re/
[38;5;73m[ citizen-server-impl] -- [server notice: tebex_not_set]
[38;5;73m[ citizen-server-impl] ================
[38;5;73m[ citizen-server-impl] Monetize your server using Tebex! Visit https://tebex.io/fivem for more info.
[38;5;73m[ citizen-server-impl] ================
[38;5;73m[ citizen-server-impl] 
[38;5;73m[ citizen-server-impl] A client has tried to authenticate using Steam, but `steam_webApiKey` is unset. Please set steam_webApiKey to a Steam Web API key as registered on Valve's https://steamcommunity.com/dev/apikey web page. Steam identifier information will be unavailable otherwise.
[38;5;73m[ citizen-server-impl] To suppress this message, `set steam_webApiKey "none"`.
[38;5;134m[      script:hardcap] Connecting: ComposedNebula2
[38;5;73m[ citizen-server-impl] A client has tried to authenticate using Steam, but `steam_webApiKey` is unset. Please set steam_webApiKey to a Steam Web API key as registered on Valve's https://steamcommunity.com/dev/apikey web page. Steam identifier information will be unavailable otherwise.
[38;5;73m[ citizen-server-impl] To suppress this message, `set steam_webApiKey "none"`.
[38;5;134m[      script:hardcap] Connecting: ComposedNebula2

================================================================
======== FXServer Starting - 1/30/2022, 2:32:54 PM              
================================================================
[                 cmd] No such config file: database.cfg
[    c-scripting-core] Creating script environments for _cfx_internal
[ citizen-server-impl] Scanning resources.
[ citizen-server-impl] Found 32 resources.
[          svadhesive] Authenticating server license key...
[          svadhesive] Server license key authentication succeeded. Welcome!
[    c-scripting-core] Creating script environments for sessionmanager
[ citizen-server-impl] Started resource sessionmanager
[    c-scripting-core] Creating script environments for monitor
[      script:monitor] [txAdminClient] Version 4.11.0 starting...
[ citizen-server-impl] Started resource monitor
[    c-scripting-core] Creating script environments for mapmanager
[ citizen-server-impl] Started resource mapmanager
[    c-scripting-core] [97mCreating script environments for yarn
[ citizen-server-impl] Started resource yarn
[    c-scripting-core] Creating script environments for webpack
[ citizen-server-impl] Started resource webpack
[    c-scripting-core] Creating script environments for chat
[ citizen-server-impl] Started resource chat
[ citizen-server-impl] Started resource spawnmanager
[   script:mapmanager] Started gametype Freeroam
[ citizen-server-impl] Started resource basic-gamemode
[    c-scripting-core] Creating script environments for hardcap
[ citizen-server-impl] Started resource hardcap
[    c-scripting-core] [0mCreating script environments for rconlog
[ citizen-server-impl] Started resource rconlog
[ citizen-server-impl] Couldn't find resource mongodb.
[ citizen-server-impl] Started resource nb-spawn
[ citizen-server-impl] Started resource nb-coords
[                 cmd] No such config file: database.cfg
[      script:monitor] [txAdminClient] Threads and commands set up. All Ready.
[   script:mapmanager] Started map fivem-map-skater
[ citizen-server-impl] Started resource fivem-map-skater
[ citizen-server-impl]         fff                          
[38;5;73m[ citizen-server-impl]   cccc ff   xx  xx     rr rr    eee  
[ citizen-server-impl] cc     ffff   xx       rrr  r ee   e 
[ citizen-server-impl] cc     ff     xx   ... rr     eeeee  
[ citizen-server-impl]  ccccc ff   xx  xx ... rr      eeeee 
[ citizen-server-impl]                                      
[ citizen-server-impl] Authenticated with cfx.re Nucleus: https://nick-bottari-jb47mp.users.cfx.re/
[ citizen-server-impl] -- [server notice: tebex_not_set]
[ citizen-server-impl] ================
[ citizen-server-impl] Monetize your server using Tebex! Visit https://tebex.io/fivem for more info.
[ citizen-server-impl] ================
[ citizen-server-impl] 
> txaEvent "adminsUpdated" "[]"
[ citizen-server-impl] A client has tried to authenticate using Steam, but `steam_webApiKey` is unset. Please set steam_webApiKey to a Steam Web API key as registered on Valve's https://steamcommunity.com/dev/apikey web page. Steam identifier information will be unavailable otherwise.
[ citizen-server-impl] To suppress this message, `set steam_webApiKey "none"`.
[      script:hardcap] Connecting: ComposedNebula2
> txaReportResources
[      script:monitor] [txAdminClient] Sending resources list to txAdmin.
[ citizen-server-impl] Server list query returned an error: System.Threading.Tasks.TaskCanceledException: The operation was canceled. <- System.TimeoutException: The operation was canceled. <- System.Threading.Tasks.TaskCanceledException: The request was canceled due to the configured HttpClient.Timeout of 30 seconds elapsing.
[ citizen-server-impl] Server list query returned an error: System.Threading.Tasks.TaskCanceledException: The operation was canceled. <- System.TimeoutException: The operation was canceled. <- System.Threading.Tasks.TaskCanceledException: The request was canceled due to the configured HttpClient.Timeout of 30 seconds elapsing.
[ citizen-server-impl] Stopping resource nb-spawn
[ citizen-server-impl] Started resource nb-spawn
[ citizen-server-impl] Server list query returned an error: System.Threading.Tasks.TaskCanceledException: The operation was canceled. <- System.TimeoutException: The operation was canceled. <- System.Threading.Tasks.TaskCanceledException: The request was canceled due to the configured HttpClient.Timeout of 30 seconds elapsing.
[ citizen-server-impl] A client has tried to authenticate using Steam, but `steam_webApiKey` is unset. Please set steam_webApiKey to a Steam Web API key as registered on Valve's https://steamcommunity.com/dev/apikey web page. Steam identifier information will be unavailable otherwise.
[ citizen-server-impl] To suppress this message, `set steam_webApiKey "none"`.
[      script:hardcap] Connecting: ComposedNebula2
[ citizen-server-impl] Server list query returned an error: System.Threading.Tasks.TaskCanceledException: The operation was canceled. <- System.TimeoutException: The operation was canceled. <- System.Threading.Tasks.TaskCanceledException: The request was canceled due to the configured HttpClient.Timeout of 30 seconds elapsing.
[ citizen-server-impl] Server list query returned an error: System.Threading.Tasks.TaskCanceledException: The operation was canceled. <- System.TimeoutException: The operation was canceled. <- System.Threading.Tasks.TaskCanceledException: The request was canceled due to the configured HttpClient.Timeout of 30 seconds elapsing.
> txaReportResources
[      script:monitor] [txAdminClient] Sending resources list to txAdmin.
[ citizen-server-impl] Server list query returned an error: System.Threading.Tasks.TaskCanceledException: The operation was canceled. <- System.TimeoutException: The operation was canceled. <- System.Threading.Tasks.TaskCanceledException: The request was canceled due to the configured HttpClient.Timeout of 30 seconds elapsing.
[ citizen-server-impl] Server list query returned an error: System.Threading.Tasks.TaskCanceledException: The operation was canceled. <- System.TimeoutException: The operation was canceled. <- System.Threading.Tasks.TaskCanceledException: The request was canceled due to the configured HttpClient.Timeout of 30 seconds elapsing.
[ citizen-server-impl] Server list query returned an error: System.Threading.Tasks.TaskCanceledException: The operation was canceled. <- System.TimeoutException: The operation was canceled. <- System.Threading.Tasks.TaskCanceledException: The request was canceled due to the configured HttpClient.Timeout of 30 seconds elapsing.
[ citizen-server-impl] Server list query returned an error: System.Threading.Tasks.TaskCanceledException: The operation was canceled. <- System.TimeoutException: The operation was canceled. <- System.Threading.Tasks.TaskCanceledException: The request was canceled due to the configured HttpClient.Timeout of 30 seconds elapsing.
> refresh
[ citizen-server-impl] Scanning resources.
[ citizen-server-impl] Found 1 new resources, and refreshed 0/32 resources.
> txaReportResources
[      script:monitor] [txAdminClient] Sending resources list to txAdmin.
> ensure "nb-tp"
[ citizen-server-impl] Started resource nb-tp
> txaReportResources
[      script:monitor] [txAdminClient] Sending resources list to txAdmin.
[ citizen-server-impl] Stopping resource nb-tp
[ citizen-server-impl] Started resource nb-tp
[ citizen-server-impl] Stopping resource nb-tp
[ citizen-server-impl] Started resource nb-tp
[ citizen-server-impl] Server list query returned an error: System.Threading.Tasks.TaskCanceledException: The operation was canceled. <- System.TimeoutException: The operation was canceled. <- System.Threading.Tasks.TaskCanceledException: The request was canceled due to the configured HttpClient.Timeout of 30 seconds elapsing.
[ citizen-server-impl] Stopping resource nb-tp
[ citizen-server-impl] Started resource nb-tp
[ citizen-server-impl] Stopping resource nb-tp
[ citizen-server-impl] Started resource nb-tp
[ citizen-server-impl] Server list query returned an error: System.Threading.Tasks.TaskCanceledException: The operation was canceled. <- System.TimeoutException: The operation was canceled. <- System.Threading.Tasks.TaskCanceledException: The request was canceled due to the configured HttpClient.Timeout of 30 seconds elapsing.
[ citizen-server-impl] Server list query returned an error: System.Threading.Tasks.TaskCanceledException: The operation was canceled. <- System.TimeoutException: The operation was canceled. <- System.Threading.Tasks.TaskCanceledException: The request was canceled due to the configured HttpClient.Timeout of 30 seconds elapsing.
[ citizen-server-impl] Stopping resource nb-tp
[ citizen-server-impl] Started resource nb-tp
[ citizen-server-impl] Stopping resource nb-tp
[ citizen-server-impl] Started resource nb-tp
[ citizen-server-impl] Server list query returned an error: System.Threading.Tasks.TaskCanceledException: The operation was canceled. <- System.TimeoutException: The operation was canceled. <- System.Threading.Tasks.TaskCanceledException: The request was canceled due to the configured HttpClient.Timeout of 30 seconds elapsing.
[ citizen-server-impl] Stopping resource nb-tp
[ citizen-server-impl] Started resource nb-tp
[ citizen-server-impl] Stopping resource nb-tp
[ citizen-server-impl] Started resource nb-tp
[ citizen-server-impl] Server list query returned an error: System.Threading.Tasks.TaskCanceledException: The operation was canceled. <- System.TimeoutException: The operation was canceled. <- System.Threading.Tasks.TaskCanceledException: The request was canceled due to the configured HttpClient.Timeout of 30 seconds elapsing.
[ citizen-server-impl] Server list query returned an error: System.Threading.Tasks.TaskCanceledException: The operation was canceled. <- System.TimeoutException: The operation was canceled. <- System.Threading.Tasks.TaskCanceledException: The request was canceled due to the configured HttpClient.Timeout of 30 seconds elapsing.
[ citizen-server-impl] Stopping resource nb-tp
[ citizen-server-impl] Started resource nb-tp
[ citizen-server-impl] Stopping resource nb-tp
[ citizen-server-impl] Started resource nb-tp
[ citizen-server-impl] Server list query returned an error: System.Threading.Tasks.TaskCanceledException: The operation was canceled. <- System.TimeoutException: The operation was canceled. <- System.Threading.Tasks.TaskCanceledException: The request was canceled due to the configured HttpClient.Timeout of 30 seconds elapsing.
[ citizen-server-impl] Stopping resource nb-tp
[ citizen-server-impl] Started resource nb-tp
[ citizen-server-impl] Stopping resource nb-tp
[ citizen-server-impl] Started resource nb-tp
[ citizen-server-impl] Stopping resource nb-tp
[ citizen-server-impl] Started resource nb-tp
[ citizen-server-impl] Server list query returned an error: System.Threading.Tasks.TaskCanceledException: The operation was canceled. <- System.TimeoutException: The operation was canceled. <- System.Threading.Tasks.TaskCanceledException: The request was canceled due to the configured HttpClient.Timeout of 30 seconds elapsing.
[ citizen-server-impl] Stopping resource nb-tp
[ citizen-server-impl] Started resource nb-tp
[ citizen-server-impl] Stopping resource nb-tp
[ citizen-server-impl] Started resource nb-tp
[ citizen-server-impl] Stopping resource nb-tp
[ citizen-server-impl] Started resource nb-tp
[ citizen-server-impl] Stopping resource nb-tp
[ citizen-server-impl] Started resource nb-tp
[ citizen-server-impl] Server list query returned an error: System.Threading.Tasks.TaskCanceledException: The operation was canceled. <- System.TimeoutException: The operation was canceled. <- System.Threading.Tasks.TaskCanceledException: The request was canceled due to the configured HttpClient.Timeout of 30 seconds elapsing.
[ citizen-server-impl] Stopping resource nb-tp
[38;5;73m[ citizen-server-impl] Started resource nb-tp
[ citizen-server-impl] Server list query returned an error: System.Threading.Tasks.TaskCanceledException: The operation was canceled. <- System.TimeoutException: The operation was canceled. <- System.Threading.Tasks.TaskCanceledException: The request was canceled due to the configured HttpClient.Timeout of 30 seconds elapsing.
[ citizen-server-impl] Stopping resource nb-tp
[ citizen-server-impl] Started resource nb-tp
[ citizen-server-impl] Server list query returned an error: System.Threading.Tasks.TaskCanceledException: The operation was canceled. <- System.TimeoutException: The operation was canceled. <- System.Threading.Tasks.TaskCanceledException: The request was canceled due to the configured HttpClient.Timeout of 30 seconds elapsing.
[ citizen-server-impl] Server list query returned an error: System.Threading.Tasks.TaskCanceledException: The operation was canceled. <- System.TimeoutException: The operation was canceled. <- System.Threading.Tasks.TaskCanceledException: The request was canceled due to the configured HttpClient.Timeout of 30 seconds elapsing.
[ citizen-server-impl] Stopping resource nb-tp
[ citizen-server-impl] Started resource nb-tp
[ citizen-server-impl] Server list query returned an error: System.Threading.Tasks.TaskCanceledException: The operation was canceled. <- System.TimeoutException: The operation was canceled. <- System.Threading.Tasks.TaskCanceledException: The request was canceled due to the configured HttpClient.Timeout of 30 seconds elapsing.
[ citizen-server-impl] Stopping resource nb-tp
[ citizen-server-impl] Started resource nb-tp
[ citizen-server-impl] Stopping resource nb-tp
[ citizen-server-impl] Started resource nb-tp
[ citizen-server-impl] Stopping resource nb-tp
[ citizen-server-impl] Started resource nb-tp
[ citizen-server-impl] Server list query returned an error: System.Threading.Tasks.TaskCanceledException: The operation was canceled. <- System.TimeoutException: The operation was canceled. <- System.Threading.Tasks.TaskCanceledException: The request was canceled due to the configured HttpClient.Timeout of 30 seconds elapsing.
[ citizen-server-impl] Stopping resource nb-tp
[ citizen-server-impl] Started resource nb-tp
[ citizen-server-impl] Server list query returned an error: System.Threading.Tasks.TaskCanceledException: The operation was canceled. <- System.TimeoutException: The operation was canceled. <- System.Threading.Tasks.TaskCanceledException: The request was canceled due to the configured HttpClient.Timeout of 30 seconds elapsing.
[ citizen-server-impl] Stopping resource nb-tp
[ citizen-server-impl] Started resource nb-tp
[ citizen-server-impl] Stopping resource nb-tp
[ citizen-server-impl] Started resource nb-tp
[ citizen-server-impl] Stopping resource nb-tp
[ citizen-server-impl] Started resource nb-tp
[ citizen-server-impl] Stopping resource nb-tp
[ citizen-server-impl] Started resource nb-tp
[ citizen-server-impl] Server list query returned an error: System.Threading.Tasks.TaskCanceledException: The operation was canceled. <- System.TimeoutException: The operation was canceled. <- System.Threading.Tasks.TaskCanceledException: The request was canceled due to the configured HttpClient.Timeout of 30 seconds elapsing.
[ citizen-server-impl] Stopping resource nb-tp
[ citizen-server-impl] Started resource nb-tp
[ citizen-server-impl] Stopping resource nb-tp
[ citizen-server-impl] Started resource nb-tp
[ citizen-server-impl] Server list query returned an error: System.Threading.Tasks.TaskCanceledException: The operation was canceled. <- System.TimeoutException: The operation was canceled. <- System.Threading.Tasks.TaskCanceledException: The request was canceled due to the configured HttpClient.Timeout of 30 seconds elapsing.
[ citizen-server-impl] Stopping resource nb-tp
[ citizen-server-impl] Started resource nb-tp
[ citizen-server-impl] Server list query returned an error: System.Threading.Tasks.TaskCanceledException: The operation was canceled. <- System.TimeoutException: The operation was canceled. <- System.Threading.Tasks.TaskCanceledException: The request was canceled due to the configured HttpClient.Timeout of 30 seconds elapsing.
[ citizen-server-impl] Stopping resource nb-tp
[ citizen-server-impl] Started resource nb-tp
[ citizen-server-impl] Stopping resource nb-tp
[ citizen-server-impl] Started resource nb-tp
[ citizen-server-impl] Stopping resource nb-tp
[ citizen-server-impl] Started resource nb-tp
[ citizen-server-impl] Stopping resource nb-tp
[ citizen-server-impl] Started resource nb-tp
[ citizen-server-impl] Stopping resource nb-tp
[ citizen-server-impl] Started resource nb-tp
[ citizen-server-impl] Server list query returned an error: System.Threading.Tasks.TaskCanceledException: The operation was canceled. <- System.TimeoutException: The operation was canceled. <- System.Threading.Tasks.TaskCanceledException: The request was canceled due to the configured HttpClient.Timeout of 30 seconds elapsing.
[ citizen-server-impl] Stopping resource nb-tp
[ citizen-server-impl] Started resource nb-tp
[ citizen-server-impl] Stopping resource nb-tp
[ citizen-server-impl] Started resource nb-tp
[ citizen-server-impl] Stopping resource nb-tp
[ citizen-server-impl] Started resource nb-tp
[ citizen-server-impl] Stopping resource nb-tp
[ citizen-server-impl] Started resource nb-tp
[ citizen-server-impl] Stopping resource nb-tp
[ citizen-server-impl] Started resource nb-tp
[ citizen-server-impl] Stopping resource nb-tp
[ citizen-server-impl] Started resource nb-tp
[ citizen-server-impl] Server list query returned an error: System.Threading.Tasks.TaskCanceledException: The operation was canceled. <- System.TimeoutException: The operation was canceled. <- System.Threading.Tasks.TaskCanceledException: The request was canceled due to the configured HttpClient.Timeout of 30 seconds elapsing.
> stop "nb-tp"
[ citizen-server-impl] Stopping resource nb-tp
> txaReportResources
[      script:monitor] [txAdminClient] Sending resources list to txAdmin.
> ensure "nb-tp"
[ citizen-server-impl] Started resource nb-tp
> txaReportResources
[      script:monitor] [txAdminClient] Sending resources list to txAdmin.
[ citizen-server-impl] Stopping resource nb-tp
[ citizen-server-impl] Started resource nb-tp
[ citizen-server-impl] Stopping resource nb-tp
[ citizen-server-impl] Started resource nb-tp
[ citizen-server-impl] Stopping resource nb-tp
[ citizen-server-impl] Started resource nb-tp
[ citizen-server-impl] Stopping resource nb-tp
[ citizen-server-impl] Started resource nb-tp
[ citizen-server-impl] Stopping resource nb-tp
[ citizen-server-impl] Started resource nb-tp
[ citizen-server-impl] Server list query returned an error: System.Threading.Tasks.TaskCanceledException: The operation was canceled. <- System.TimeoutException: The operation was canceled. <- System.Threading.Tasks.TaskCanceledException: The request was canceled due to the configured HttpClient.Timeout of 30 seconds elapsing.
[ citizen-server-impl] Stopping resource nb-tp
[ citizen-server-impl] Started resource nb-tp
[ citizen-server-impl] Stopping resource nb-tp
[ citizen-server-impl] Started resource nb-tp
[ citizen-server-impl] Stopping resource nb-tp
[ citizen-server-impl] Started resource nb-tp
[ citizen-server-impl] Stopping resource nb-tp
[ citizen-server-impl] Started resource nb-tp
[ citizen-server-impl] Server list query returned an error: System.Threading.Tasks.TaskCanceledException: The operation was canceled. <- System.TimeoutException: The operation was canceled. <- System.Threading.Tasks.TaskCanceledException: The request was canceled due to the configured HttpClient.Timeout of 30 seconds elapsing.
[ citizen-server-impl] Stopping resource nb-tp
[ citizen-server-impl] Started resource nb-tp
[ citizen-server-impl] Stopping resource nb-tp
[ citizen-server-impl] Started resource nb-tp
[ citizen-server-impl] Server list query returned an error: System.Threading.Tasks.TaskCanceledException: The operation was canceled. <- System.TimeoutException: The operation was canceled. <- System.Threading.Tasks.TaskCanceledException: The request was canceled due to the configured HttpClient.Timeout of 30 seconds elapsing.
[ citizen-server-impl] Stopping resource nb-tp
[ citizen-server-impl] Started resource nb-tp
[ citizen-server-impl] Stopping resource nb-tp
[ citizen-server-impl] Started resource nb-tp
[ citizen-server-impl] Server list query returned an error: System.Threading.Tasks.TaskCanceledException: The operation was canceled. <- System.TimeoutException: The operation was canceled. <- System.Threading.Tasks.TaskCanceledException: The request was canceled due to the configured HttpClient.Timeout of 30 seconds elapsing.
[ citizen-server-impl] Stopping resource nb-tp
[ citizen-server-impl] Started resource nb-tp
[ citizen-server-impl] Stopping resource nb-tp
[ citizen-server-impl] Started resource nb-tp
[ citizen-server-impl] Stopping resource nb-tp
[ citizen-server-impl] Started resource nb-tp
[ citizen-server-impl] Stopping resource nb-tp
[ citizen-server-impl] Started resource nb-tp
[ citizen-server-impl] Scanning resources.
[ citizen-server-impl] Found 0 new resources, and refreshed 1/33 resources.
[ citizen-server-impl] Stopping resource nb-tp
[ citizen-server-impl] Started resource nb-tp
[ citizen-server-impl] Stopping resource nb-tp
[ citizen-server-impl] Started resource nb-tp
[ citizen-server-impl] Scanning resources.
[ citizen-server-impl] Found 0 new resources, and refreshed 1/33 resources.
[ citizen-server-impl] Stopping resource nb-tp
[ citizen-server-impl] Started resource nb-tp
[ citizen-server-impl] Server list query returned an error: System.Threading.Tasks.TaskCanceledException: The operation was canceled. <- System.TimeoutException: The operation was canceled. <- System.Threading.Tasks.TaskCanceledException: The request was canceled due to the configured HttpClient.Timeout of 30 seconds elapsing.
[ citizen-server-impl] Server list query returned an error: System.Threading.Tasks.TaskCanceledException: The operation was canceled. <- System.TimeoutException: The operation was canceled. <- System.Threading.Tasks.TaskCanceledException: The request was canceled due to the configured HttpClient.Timeout of 30 seconds elapsing.
[ citizen-server-impl] Server list query returned an error: System.Threading.Tasks.TaskCanceledException: The operation was canceled. <- System.TimeoutException: The operation was canceled. <- System.Threading.Tasks.TaskCanceledException: The request was canceled due to the configured HttpClient.Timeout of 30 seconds elapsing.
[ citizen-server-impl] Server list query returned an error: System.Threading.Tasks.TaskCanceledException: The operation was canceled. <- System.TimeoutException: The operation was canceled. <- System.Threading.Tasks.TaskCanceledException: The request was canceled due to the configured HttpClient.Timeout of 30 seconds elapsing.
[ citizen-server-impl] Server list query returned an error: System.Threading.Tasks.TaskCanceledException: The operation was canceled. <- System.TimeoutException: The operation was canceled. <- System.Threading.Tasks.TaskCanceledException: The request was canceled due to the configured HttpClient.Timeout of 30 seconds elapsing.
[ citizen-server-impl] Server list query returned an error: System.Threading.Tasks.TaskCanceledException: The operation was canceled. <- System.TimeoutException: The operation was canceled. <- System.Threading.Tasks.TaskCanceledException: The request was canceled due to the configured HttpClient.Timeout of 30 seconds elapsing.
[ citizen-server-impl] Server list query returned an error: System.Threading.Tasks.TaskCanceledException: The operation was canceled. <- System.TimeoutException: The operation was canceled. <- System.Threading.Tasks.TaskCanceledException: The request was canceled due to the configured HttpClient.Timeout of 30 seconds elapsing.
[ citizen-server-impl] Server list query returned an error: System.Threading.Tasks.TaskCanceledException: The operation was canceled. <- System.TimeoutException: The operation was canceled. <- System.Threading.Tasks.TaskCanceledException: The request was canceled due to the configured HttpClient.Timeout of 30 seconds elapsing.
[ citizen-server-impl] Server list query returned an error: System.Threading.Tasks.TaskCanceledException: The operation was canceled. <- System.TimeoutException: The operation was canceled. <- System.Threading.Tasks.TaskCanceledException: The request was canceled due to the configured HttpClient.Timeout of 30 seconds elapsing.
[ citizen-server-impl] Server list query returned an error: System.Threading.Tasks.TaskCanceledException: The operation was canceled. <- System.TimeoutException: The operation was canceled. <- System.Threading.Tasks.TaskCanceledException: The request was canceled due to the configured HttpClient.Timeout of 30 seconds elapsing.
[ citizen-server-impl] Server list query returned an error: System.Threading.Tasks.TaskCanceledException: The operation was canceled. <- System.TimeoutException: The operation was canceled. <- System.Threading.Tasks.TaskCanceledException: The request was canceled due to the configured HttpClient.Timeout of 30 seconds elapsing.
[ citizen-server-impl] Server list query returned an error: System.Threading.Tasks.TaskCanceledException: The operation was canceled. <- System.TimeoutException: The operation was canceled. <- System.Threading.Tasks.TaskCanceledException: The request was canceled due to the configured HttpClient.Timeout of 30 seconds elapsing.
[ citizen-server-impl] A client has tried to authenticate using Steam, but `steam_webApiKey` is unset. Please set steam_webApiKey to a Steam Web API key as registered on Valve's https://steamcommunity.com/dev/apikey web page. Steam identifier information will be unavailable otherwise.
[ citizen-server-impl] To suppress this message, `set steam_webApiKey "none"`.
[      script:hardcap] Connecting: ComposedNebula2
[ citizen-server-impl] Server list query returned an error: System.Threading.Tasks.TaskCanceledException: The operation was canceled. <- System.TimeoutException: The operation was canceled. <- System.Threading.Tasks.TaskCanceledException: The request was canceled due to the configured HttpClient.Timeout of 30 seconds elapsing.
[ citizen-server-impl] Server list query returned an error: System.Threading.Tasks.TaskCanceledException: The operation was canceled. <- System.TimeoutException: The operation was canceled. <- System.Threading.Tasks.TaskCanceledException: The request was canceled due to the configured HttpClient.Timeout of 30 seconds elapsing.
[ citizen-server-impl] Server list query returned an error: System.Threading.Tasks.TaskCanceledException: The operation was canceled. <- System.TimeoutException: The operation was canceled. <- System.Threading.Tasks.TaskCanceledException: The request was canceled due to the configured HttpClient.Timeout of 30 seconds elapsing.
[ citizen-server-impl] Server list query returned an error: System.Threading.Tasks.TaskCanceledException: The operation was canceled. <- System.TimeoutException: The operation was canceled. <- System.Threading.Tasks.TaskCanceledException: The request was canceled due to the configured HttpClient.Timeout of 30 seconds elapsing.
[ citizen-server-impl] A client has tried to authenticate using Steam, but `steam_webApiKey` is unset. Please set steam_webApiKey to a Steam Web API key as registered on Valve's https://steamcommunity.com/dev/apikey web page. Steam identifier information will be unavailable otherwise.
[ citizen-server-impl] To suppress this message, `set steam_webApiKey "none"`.
[      script:hardcap] Connecting: ComposedNebula2
[ citizen-server-impl] Server list query returned an error: System.Threading.Tasks.TaskCanceledException: The operation was canceled. <- System.TimeoutException: The operation was canceled. <- System.Threading.Tasks.TaskCanceledException: The request was canceled due to the configured HttpClient.Timeout of 30 seconds elapsing.
[ citizen-server-impl] Stopping resource nb-tp
[ citizen-server-impl] Started resource nb-tp
[ citizen-server-impl] Stopping resource nb-tp
[ citizen-server-impl] Started resource nb-tp
[ citizen-server-impl] Stopping resource nb-tp
[ citizen-server-impl] Started resource nb-tp
[ citizen-server-impl] Stopping resource nb-tp
[ citizen-server-impl] Started resource nb-tp
[ citizen-server-impl] Server list query returned an error: System.Threading.Tasks.TaskCanceledException: The operation was canceled. <- System.TimeoutException: The operation was canceled. <- System.Threading.Tasks.TaskCanceledException: The request was canceled due to the configured HttpClient.Timeout of 30 seconds elapsing.
[ citizen-server-impl] Stopping resource nb-tp
[ citizen-server-impl] Started resource nb-tp
> quit "Server restarting (Nick_Bottari)."
[ citizen-server-main] -> Quitting: Server restarting (Nick_Bottari).

================================================================
======== FXServer Starting - 1/30/2022, 4:58:04 PM              
================================================================
[                 cmd] No such config file: database.cfg
[    c-scripting-core] Creating script environments for _cfx_internal
[ citizen-server-impl] Scanning resources.
[ citizen-server-impl] Found 33 resources.
[          svadhesive] Authenticating server license key...
[          svadhesive] Server license key authentication succeeded. Welcome!
[    c-scripting-core] Creating script environments for sessionmanager
[ citizen-server-impl] Started resource sessionmanager
[    c-scripting-core] Creating script environments for monitor
[      script:monitor] [txAdminClient] Version 4.11.0 starting...
[ citizen-server-impl] Started resource monitor
[    c-scripting-core] Creating script environments for mapmanager
[ citizen-server-impl] Started resource mapmanager
[    c-scripting-core] [97mCreating script environments for yarn
[ citizen-server-impl] Started resource yarn
[    c-scripting-core] Creating script environments for webpack
[ citizen-server-impl] Started resource webpack
[    c-scripting-core] Creating script environments for chat
[ citizen-server-impl] Started resource chat
[ citizen-server-impl] Started resource spawnmanager
[   script:mapmanager] Started gametype Freeroam
[ citizen-server-impl] Started resource basic-gamemode
[    c-scripting-core] Creating script environments for hardcap
[ citizen-server-impl] Started resource hardcap
[    c-scripting-core] Creating script environments for rconlog
[ citizen-server-impl] Started resource rconlog
[ citizen-server-impl] Couldn't find resource mongodb.
[ citizen-server-impl] Started resource nb-spawn
[ citizen-server-impl] Started resource nb-coords
[                 cmd] No such config file: database.cfg
[38;5;84m[      script:monitor] [txAdminClient] Threads and commands set up. All Ready.
[   script:mapmanager] Started map fivem-map-hipster
[ citizen-server-impl] Started resource fivem-map-hipster
[ citizen-server-impl]         fff                          
[ citizen-server-impl]   cccc ff   xx  xx     rr rr    eee  
[ citizen-server-impl] cc     ffff   xx       rrr  r ee   e 
[ citizen-server-impl] cc     ff     xx   ... rr     eeeee  
[ citizen-server-impl]  ccccc ff   xx  xx ... rr      eeeee 
[ citizen-server-impl]                                      
[ citizen-server-impl] Authenticated with cfx.re Nucleus: https://nick-bottari-jb47mp.users.cfx.re/
[ citizen-server-impl] -- [server notice: tebex_not_set]
[ citizen-server-impl] ================
[ citizen-server-impl] Monetize your server using Tebex! Visit https://tebex.io/fivem for more info.
[ citizen-server-impl] ================
[ citizen-server-impl] 
[ citizen-server-impl] A client has tried to authenticate using Steam, but `steam_webApiKey` is unset. Please set steam_webApiKey to a Steam Web API key as registered on Valve's https://steamcommunity.com/dev/apikey web page. Steam identifier information will be unavailable otherwise.
[ citizen-server-impl] To suppress this message, `set steam_webApiKey "none"`.
[      script:hardcap] Connecting: ComposedNebula2
[ citizen-server-impl] Server list query returned an error: System.Threading.Tasks.TaskCanceledException: The operation was canceled. <- System.TimeoutException: The operation was canceled. <- System.Threading.Tasks.TaskCanceledException: The request was canceled due to the configured HttpClient.Timeout of 30 seconds elapsing.
> txaReportResources
[      script:monitor] [txAdminClient] Sending resources list to txAdmin.
> ensure "nb-tp"
[ citizen-server-impl] Started resource nb-tp
> txaReportResources
[      script:monitor] [txAdminClient] Sending resources list to txAdmin.
[ citizen-server-impl] A client has tried to authenticate using Steam, but `steam_webApiKey` is unset. Please set steam_webApiKey to a Steam Web API key as registered on Valve's https://steamcommunity.com/dev/apikey web page. Steam identifier information will be unavailable otherwise.
[ citizen-server-impl] To suppress this message, `set steam_webApiKey "none"`.
[      script:hardcap] Connecting: ComposedNebula2
[ citizen-server-impl] Server list query returned an error: System.Threading.Tasks.TaskCanceledException: The operation was canceled. <- System.TimeoutException: The operation was canceled. <- System.Threading.Tasks.TaskCanceledException: The request was canceled due to the configured HttpClient.Timeout of 30 seconds elapsing.
[ citizen-server-impl] Server list query returned an error: System.Threading.Tasks.TaskCanceledException: The operation was canceled. <- System.TimeoutException: The operation was canceled. <- System.Threading.Tasks.TaskCanceledException: The request was canceled due to the configured HttpClient.Timeout of 30 seconds elapsing.
> txaReportResources
[      script:monitor] [txAdminClient] Sending resources list to txAdmin.
> ensure "nb-tp"
[ citizen-server-impl] Stopping resource nb-tp
[ citizen-server-impl] Started resource nb-tp
> txaReportResources
[      script:monitor] [txAdminClient] Sending resources list to txAdmin.
[ citizen-server-impl] Server list query returned an error: System.Threading.Tasks.TaskCanceledException: The operation was canceled. <- System.TimeoutException: The operation was canceled. <- System.Threading.Tasks.TaskCanceledException: The request was canceled due to the configured HttpClient.Timeout of 30 seconds elapsing.
[ citizen-server-impl] Server list query returned an error: System.Threading.Tasks.TaskCanceledException: The operation was canceled. <- System.TimeoutException: The operation was canceled. <- System.Threading.Tasks.TaskCanceledException: The request was canceled due to the configured HttpClient.Timeout of 30 seconds elapsing.
[ citizen-server-impl] Server list query returned an error: System.Threading.Tasks.TaskCanceledException: The operation was canceled. <- System.TimeoutException: The operation was canceled. <- System.Threading.Tasks.TaskCanceledException: The request was canceled due to the configured HttpClient.Timeout of 30 seconds elapsing.
[ citizen-server-impl] Stopping resource nb-tp
[ citizen-server-impl] Started resource nb-tp
[ citizen-server-impl] Server list query returned an error: System.Threading.Tasks.TaskCanceledException: The operation was canceled. <- System.TimeoutException: The operation was canceled. <- System.Threading.Tasks.TaskCanceledException: The request was canceled due to the configured HttpClient.Timeout of 30 seconds elapsing.
[ citizen-server-impl] Server list query returned an error: System.Threading.Tasks.TaskCanceledException: The operation was canceled. <- System.TimeoutException: The operation was canceled. <- System.Threading.Tasks.TaskCanceledException: The request was canceled due to the configured HttpClient.Timeout of 30 seconds elapsing.
[ citizen-server-impl] Stopping resource nb-tp
[ citizen-server-impl] Started resource nb-tp
[ citizen-server-impl] Server list query returned an error: System.Threading.Tasks.TaskCanceledException: The operation was canceled. <- System.TimeoutException: The operation was canceled. <- System.Threading.Tasks.TaskCanceledException: The request was canceled due to the configured HttpClient.Timeout of 30 seconds elapsing.
[ citizen-server-impl] Server list query returned an error: System.Threading.Tasks.TaskCanceledException: The operation was canceled. <- System.TimeoutException: The operation was canceled. <- System.Threading.Tasks.TaskCanceledException: The request was canceled due to the configured HttpClient.Timeout of 30 seconds elapsing.
[ citizen-server-impl] Server list query returned an error: System.Threading.Tasks.TaskCanceledException: The operation was canceled. <- System.TimeoutException: The operation was canceled. <- System.Threading.Tasks.TaskCanceledException: The request was canceled due to the configured HttpClient.Timeout of 30 seconds elapsing.
[ citizen-server-impl] Server list query returned an error: System.Threading.Tasks.TaskCanceledException: The operation was canceled. <- System.TimeoutException: The operation was canceled. <- System.Threading.Tasks.TaskCanceledException: The request was canceled due to the configured HttpClient.Timeout of 30 seconds elapsing.
[ citizen-server-impl] Server list query returned an error: System.Threading.Tasks.TaskCanceledException: The operation was canceled. <- System.TimeoutException: The operation was canceled. <- System.Threading.Tasks.TaskCanceledException: The request was canceled due to the configured HttpClient.Timeout of 30 seconds elapsing.
[ citizen-server-impl] Stopping resource nb-tp
[ citizen-server-impl] Started resource nb-tp
[ citizen-server-impl] Server list query returned an error: System.Threading.Tasks.TaskCanceledException: The operation was canceled. <- System.TimeoutException: The operation was canceled. <- System.Threading.Tasks.TaskCanceledException: The request was canceled due to the configured HttpClient.Timeout of 30 seconds elapsing.
[ citizen-server-impl] Stopping resource nb-tp
[ citizen-server-impl] Started resource nb-tp
[ citizen-server-impl] Stopping resource nb-tp
[ citizen-server-impl] Started resource nb-tp
[ citizen-server-impl] Stopping resource nb-tp
[ citizen-server-impl] Started resource nb-tp
[ citizen-server-impl] Server list query returned an error: System.Threading.Tasks.TaskCanceledException: The operation was canceled. <- System.TimeoutException: The operation was canceled. <- System.Threading.Tasks.TaskCanceledException: The request was canceled due to the configured HttpClient.Timeout of 30 seconds elapsing.
[ citizen-server-impl] Server list query returned an error: System.Threading.Tasks.TaskCanceledException: The operation was canceled. <- System.TimeoutException: The operation was canceled. <- System.Threading.Tasks.TaskCanceledException: The request was canceled due to the configured HttpClient.Timeout of 30 seconds elapsing.
[ citizen-server-impl] Server list query returned an error: System.Threading.Tasks.TaskCanceledException: The operation was canceled. <- System.TimeoutException: The operation was canceled. <- System.Threading.Tasks.TaskCanceledException: The request was canceled due to the configured HttpClient.Timeout of 30 seconds elapsing.
[ citizen-server-impl] Server list query returned an error: System.Threading.Tasks.TaskCanceledException: The operation was canceled. <- System.TimeoutException: The operation was canceled. <- System.Threading.Tasks.TaskCanceledException: The request was canceled due to the configured HttpClient.Timeout of 30 seconds elapsing.
[ citizen-server-impl] Server list query returned an error: System.Threading.Tasks.TaskCanceledException: The operation was canceled. <- System.TimeoutException: The operation was canceled. <- System.Threading.Tasks.TaskCanceledException: The request was canceled due to the configured HttpClient.Timeout of 30 seconds elapsing.
[ citizen-server-impl] Server list query returned an error: System.Threading.Tasks.TaskCanceledException: The operation was canceled. <- System.TimeoutException: The operation was canceled. <- System.Threading.Tasks.TaskCanceledException: The request was canceled due to the configured HttpClient.Timeout of 30 seconds elapsing.
[ citizen-server-impl] Server list query returned an error: System.Threading.Tasks.TaskCanceledException: The operation was canceled. <- System.TimeoutException: The operation was canceled. <- System.Threading.Tasks.TaskCanceledException: The request was canceled due to the configured HttpClient.Timeout of 30 seconds elapsing.
[ citizen-server-impl] Server list query returned an error: System.Threading.Tasks.TaskCanceledException: The operation was canceled. <- System.TimeoutException: The operation was canceled. <- System.Threading.Tasks.TaskCanceledException: The request was canceled due to the configured HttpClient.Timeout of 30 seconds elapsing.
[ citizen-server-impl] Server list query returned an error: System.Threading.Tasks.TaskCanceledException: The operation was canceled. <- System.TimeoutException: The operation was canceled. <- System.Threading.Tasks.TaskCanceledException: The request was canceled due to the configured HttpClient.Timeout of 30 seconds elapsing.
[ citizen-server-impl] Stopping resource nb-tp
[ citizen-server-impl] Started resource nb-tp
[ citizen-server-impl] Server list query returned an error: System.Threading.Tasks.TaskCanceledException: The operation was canceled. <- System.TimeoutException: The operation was canceled. <- System.Threading.Tasks.TaskCanceledException: The request was canceled due to the configured HttpClient.Timeout of 30 seconds elapsing.
[ citizen-server-impl] Stopping resource nb-tp
[ citizen-server-impl] Started resource nb-tp
[ citizen-server-impl] Stopping resource nb-tp
[ citizen-server-impl] Started resource nb-tp
[ citizen-server-impl] Server list query returned an error: System.Threading.Tasks.TaskCanceledException: The operation was canceled. <- System.TimeoutException: The operation was canceled. <- System.Threading.Tasks.TaskCanceledException: The request was canceled due to the configured HttpClient.Timeout of 30 seconds elapsing.
[ citizen-server-impl] Server list query returned an error: System.Threading.Tasks.TaskCanceledException: The operation was canceled. <- System.TimeoutException: The operation was canceled. <- System.Threading.Tasks.TaskCanceledException: The request was canceled due to the configured HttpClient.Timeout of 30 seconds elapsing.
[ citizen-server-impl] Server list query returned an error: System.Threading.Tasks.TaskCanceledException: The operation was canceled. <- System.TimeoutException: The operation was canceled. <- System.Threading.Tasks.TaskCanceledException: The request was canceled due to the configured HttpClient.Timeout of 30 seconds elapsing.
[ citizen-server-impl] Stopping resource nb-tp
[ citizen-server-impl] Started resource nb-tp
[ citizen-server-impl] Stopping resource nb-tp
[ citizen-server-impl] Started resource nb-tp
[ citizen-server-impl] Stopping resource nb-tp
[ citizen-server-impl] Started resource nb-tp
[ citizen-server-impl] Stopping resource nb-tp
[ citizen-server-impl] Started resource nb-tp
[ citizen-server-impl] Server list query returned an error: System.Threading.Tasks.TaskCanceledException: The operation was canceled. <- System.TimeoutException: The operation was canceled. <- System.Threading.Tasks.TaskCanceledException: The request was canceled due to the configured HttpClient.Timeout of 30 seconds elapsing.
[ citizen-server-impl] Server list query returned an error: System.Threading.Tasks.TaskCanceledException: The operation was canceled. <- System.TimeoutException: The operation was canceled. <- System.Threading.Tasks.TaskCanceledException: The request was canceled due to the configured HttpClient.Timeout of 30 seconds elapsing.
[ citizen-server-impl] Stopping resource nb-tp
[ citizen-server-impl] Started resource nb-tp
[ citizen-server-impl] Server list query returned an error: System.Threading.Tasks.TaskCanceledException: The operation was canceled. <- System.TimeoutException: The operation was canceled. <- System.Threading.Tasks.TaskCanceledException: The request was canceled due to the configured HttpClient.Timeout of 30 seconds elapsing.
[ citizen-server-impl] Stopping resource nb-tp
[ citizen-server-impl] Started resource nb-tp
[ citizen-server-impl] Stopping resource nb-tp
[ citizen-server-impl] Started resource nb-tp
[ citizen-server-impl] Stopping resource nb-tp
[ citizen-server-impl] Started resource nb-tp
[ citizen-server-impl] Stopping resource nb-tp
[ citizen-server-impl] Started resource nb-tp
[ citizen-server-impl] Server list query returned an error: System.Threading.Tasks.TaskCanceledException: The operation was canceled. <- System.TimeoutException: The operation was canceled. <- System.Threading.Tasks.TaskCanceledException: The request was canceled due to the configured HttpClient.Timeout of 30 seconds elapsing.
[ citizen-server-impl] Stopping resource nb-tp
[ citizen-server-impl] Started resource nb-tp
[ citizen-server-impl] Stopping resource nb-tp
[ citizen-server-impl] Started resource nb-tp
[ citizen-server-impl] Stopping resource nb-tp
[ citizen-server-impl] Started resource nb-tp
[ citizen-server-impl] Stopping resource nb-tp
[ citizen-server-impl] Started resource nb-tp
[ citizen-server-impl] Server list query returned an error: System.Threading.Tasks.TaskCanceledException: The operation was canceled. <- System.TimeoutException: The operation was canceled. <- System.Threading.Tasks.TaskCanceledException: The request was canceled due to the configured HttpClient.Timeout of 30 seconds elapsing.
[ citizen-server-impl] Stopping resource nb-tp
[ citizen-server-impl] Started resource nb-tp
[ citizen-server-impl] Stopping resource nb-tp
[ citizen-server-impl] Started resource nb-tp
[ citizen-server-impl] Server list query returned an error: System.Threading.Tasks.TaskCanceledException: The operation was canceled. <- System.TimeoutException: The operation was canceled. <- System.Threading.Tasks.TaskCanceledException: The request was canceled due to the configured HttpClient.Timeout of 30 seconds elapsing.
[ citizen-server-impl] Stopping resource nb-tp
[ citizen-server-impl] Started resource nb-tp
[ citizen-server-impl] Server list query returned an error: System.Threading.Tasks.TaskCanceledException: The operation was canceled. <- System.TimeoutException: The operation was canceled. <- System.Threading.Tasks.TaskCanceledException: The request was canceled due to the configured HttpClient.Timeout of 30 seconds elapsing.

================================================================
======== FXServer Starting - 1/30/2022, 6:36:39 PM              
================================================================
[                 cmd] No such config file: database.cfg
[    c-scripting-core] Creating script environments for _cfx_internal
[ citizen-server-impl] Scanning resources.
[ citizen-server-impl] Found 33 resources.
[          svadhesive] Authenticating server license key...
[          svadhesive] Server license key authentication succeeded. Welcome!
[    c-scripting-core] Creating script environments for sessionmanager
[ citizen-server-impl] Started resource sessionmanager
[    c-scripting-core] Creating script environments for monitor
[      script:monitor] [txAdminClient] Version 4.11.0 starting...
[ citizen-server-impl] Started resource monitor
[    c-scripting-core] Creating script environments for mapmanager
[ citizen-server-impl] Started resource mapmanager
[    c-scripting-core] Creating script environments for yarn
[ citizen-server-impl] Started resource yarn
[    c-scripting-core] Creating script environments for webpack
[ citizen-server-impl] Started resource webpack
[    c-scripting-core] Creating script environments for chat
[ citizen-server-impl] Started resource chat
[ citizen-server-impl] Started resource spawnmanager
[   script:mapmanager] Started gametype Freeroam
[ citizen-server-impl] Started resource basic-gamemode
[    c-scripting-core] Creating script environments for hardcap
[ citizen-server-impl] Started resource hardcap
[    c-scripting-core] Creating script environments for rconlog
[ citizen-server-impl] Started resource rconlog
[ citizen-server-impl] Couldn't find resource mongodb.
[ citizen-server-impl] Started resource nb-spawn
[ citizen-server-impl] Started resource nb-coords
[ citizen-server-impl] Started resource nb-tp
[                 cmd] No such config file: database.cfg
[      script:monitor] [txAdminClient] Threads and commands set up. All Ready.
[   script:mapmanager] Started map fivem-map-hipster
[ citizen-server-impl] Started resource fivem-map-hipster
[ citizen-server-impl]         fff                          
[ citizen-server-impl]   cccc ff   xx  xx     rr rr    eee  
[ citizen-server-impl] cc     ffff   xx       rrr  r ee   e 
[ citizen-server-impl] cc     ff     xx   ... rr     eeeee  
[ citizen-server-impl]  ccccc ff   xx  xx ... rr      eeeee 
[ citizen-server-impl]                                      
[ citizen-server-impl] Authenticated with cfx.re Nucleus: https://nick-bottari-jb47mp.users.cfx.re/
[ citizen-server-impl] -- [server notice: tebex_not_set]
[ citizen-server-impl] ================
[ citizen-server-impl] Monetize your server using Tebex! Visit https://tebex.io/fivem for more info.
[ citizen-server-impl] ================
[ citizen-server-impl] 
> txaEvent "adminsUpdated" "[]"
[ citizen-server-impl] Server list query returned an error: System.Threading.Tasks.TaskCanceledException: The operation was canceled. <- System.TimeoutException: The operation was canceled. <- System.Threading.Tasks.TaskCanceledException: The request was canceled due to the configured HttpClient.Timeout of 30 seconds elapsing.
[ citizen-server-impl] A client has tried to authenticate using Steam, but `steam_webApiKey` is unset. Please set steam_webApiKey to a Steam Web API key as registered on Valve's https://steamcommunity.com/dev/apikey web page. Steam identifier information will be unavailable otherwise.
[ citizen-server-impl] To suppress this message, `set steam_webApiKey "none"`.
[      script:hardcap] Connecting: ComposedNebula2
[ citizen-server-impl] Server list query returned an error: System.Threading.Tasks.TaskCanceledException: The operation was canceled. <- System.TimeoutException: The operation was canceled. <- System.Threading.Tasks.TaskCanceledException: The request was canceled due to the configured HttpClient.Timeout of 30 seconds elapsing.
> txaEvent "announcement" "{＂author＂:＂Nick_Bottari＂,＂message＂:＂joe mom＂}"
[      script:monitor] handleAnnouncementEvent
[ citizen-server-impl] Server list query returned an error: System.Threading.Tasks.TaskCanceledException: The operation was canceled. <- System.TimeoutException: The operation was canceled. <- System.Threading.Tasks.TaskCanceledException: The request was canceled due to the configured HttpClient.Timeout of 30 seconds elapsing.
[ citizen-server-impl] Server list query returned an error: System.Threading.Tasks.TaskCanceledException: The operation was canceled. <- System.TimeoutException: The operation was canceled. <- System.Threading.Tasks.TaskCanceledException: The request was canceled due to the configured HttpClient.Timeout of 30 seconds elapsing.
[ citizen-server-impl] Server list query returned an error: System.Threading.Tasks.TaskCanceledException: The operation was canceled. <- System.TimeoutException: The operation was canceled. <- System.Threading.Tasks.TaskCanceledException: The request was canceled due to the configured HttpClient.Timeout of 30 seconds elapsing.
[ citizen-server-impl] Server list query returned an error: System.Threading.Tasks.TaskCanceledException: The operation was canceled. <- System.TimeoutException: The operation was canceled. <- System.Threading.Tasks.TaskCanceledException: The request was canceled due to the configured HttpClient.Timeout of 30 seconds elapsing.
[ citizen-server-impl] Server list query returned an error: System.Threading.Tasks.TaskCanceledException: The operation was canceled. <- System.TimeoutException: The operation was canceled. <- System.Threading.Tasks.TaskCanceledException: The request was canceled due to the configured HttpClient.Timeout of 30 seconds elapsing.
> txaReportResources
[      script:monitor] [txAdminClient] Sending resources list to txAdmin.
> refresh
[ citizen-server-impl] Scanning resources.
[ citizen-server-impl] Found 1 new resources, and refreshed 0/33 resources.
> txaReportResources
[      script:monitor] [txAdminClient] Sending resources list to txAdmin.
> ensure "nb-car_spawn"
[ citizen-server-impl] Started resource nb-car_spawn
[ citizen-server-impl] A client has tried to authenticate using Steam, but `steam_webApiKey` is unset. Please set steam_webApiKey to a Steam Web API key as registered on Valve's https://steamcommunity.com/dev/apikey web page. Steam identifier information will be unavailable otherwise.
[ citizen-server-impl] To suppress this message, `set steam_webApiKey "none"`.
[      script:hardcap] Connecting: ComposedNebula2
> txaReportResources
[      script:monitor] [txAdminClient] Sending resources list to txAdmin.
[ citizen-server-impl] Server list query returned an error: System.Threading.Tasks.TaskCanceledException: The operation was canceled. <- System.TimeoutException: The operation was canceled. <- System.Threading.Tasks.TaskCanceledException: The request was canceled due to the configured HttpClient.Timeout of 30 seconds elapsing.
[ citizen-server-impl] [0mServer list query returned an error: System.Threading.Tasks.TaskCanceledException: The operation was canceled. <- System.TimeoutException: The operation was canceled. <- System.Threading.Tasks.TaskCanceledException: The request was canceled due to the configured HttpClient.Timeout of 30 seconds elapsing.
[ citizen-server-impl] Server list query returned an error: System.Threading.Tasks.TaskCanceledException: The operation was canceled. <- System.TimeoutException: The operation was canceled. <- System.Threading.Tasks.TaskCanceledException: The request was canceled due to the configured HttpClient.Timeout of 30 seconds elapsing.
[ citizen-server-impl] [91mServer list query returned an error: System.Threading.Tasks.TaskCanceledException: The operation was canceled. <- System.TimeoutException: The operation was canceled. <- System.Threading.Tasks.TaskCanceledException: The request was canceled due to the configured HttpClient.Timeout of 30 seconds elapsing.
[ citizen-server-impl] Server list query returned an error: System.Threading.Tasks.TaskCanceledException: The operation was canceled. <- System.TimeoutException: The operation was canceled. <- System.Threading.Tasks.TaskCanceledException: The request was canceled due to the configured HttpClient.Timeout of 30 seconds elapsing.
[ citizen-server-impl] Server list query returned an error: System.Threading.Tasks.TaskCanceledException: The operation was canceled. <- System.TimeoutException: The operation was canceled. <- System.Threading.Tasks.TaskCanceledException: The request was canceled due to the configured HttpClient.Timeout of 30 seconds elapsing.
[ citizen-server-impl] Stopping resource nb-tp
[ citizen-server-impl] Started resource nb-tp
[ citizen-server-impl] Server list query returned an error: System.Threading.Tasks.TaskCanceledException: The operation was canceled. <- System.TimeoutException: The operation was canceled. <- System.Threading.Tasks.TaskCanceledException: The request was canceled due to the configured HttpClient.Timeout of 30 seconds elapsing.
[ citizen-server-impl] Stopping resource nb-tp
[ citizen-server-impl] Started resource nb-tp
[ citizen-server-impl] Stopping resource nb-car_spawn
[ citizen-server-impl] Started resource nb-car_spawn
[ citizen-server-impl] Stopping resource nb-car_spawn
[ citizen-server-impl] Started resource nb-car_spawn
[ citizen-server-impl] Server list query returned an error: System.Threading.Tasks.TaskCanceledException: The operation was canceled. <- System.TimeoutException: The operation was canceled. <- System.Threading.Tasks.TaskCanceledException: The request was canceled due to the configured HttpClient.Timeout of 30 seconds elapsing.
[ citizen-server-impl] Stopping resource nb-car_spawn
[ citizen-server-impl] Started resource nb-car_spawn
[ citizen-server-impl] Stopping resource nb-tp
[ citizen-server-impl] Started resource nb-tp
[ citizen-server-impl] Stopping resource nb-tp
[ citizen-server-impl] Started resource nb-tp
[ citizen-server-impl] Server list query returned an error: System.Threading.Tasks.TaskCanceledException: The operation was canceled. <- System.TimeoutException: The operation was canceled. <- System.Threading.Tasks.TaskCanceledException: The request was canceled due to the configured HttpClient.Timeout of 30 seconds elapsing.
[ citizen-server-impl] Stopping resource nb-tp
[ citizen-server-impl] Started resource nb-tp
[ citizen-server-impl] Stopping resource nb-tp
[ citizen-server-impl] Started resource nb-tp
[ citizen-server-impl] Stopping resource nb-tp
[ citizen-server-impl] Started resource nb-tp
[ citizen-server-impl] Stopping resource nb-tp
[ citizen-server-impl] Started resource nb-tp
[ citizen-server-impl] [91mServer list query returned an error: System.Threading.Tasks.TaskCanceledException: The operation was canceled. <- System.TimeoutException: The operation was canceled. <- System.Threading.Tasks.TaskCanceledException: The request was canceled due to the configured HttpClient.Timeout of 30 seconds elapsing.
[ citizen-server-impl] Stopping resource nb-tp
[ citizen-server-impl] Started resource nb-tp
[ citizen-server-impl] Stopping resource nb-tp
[ citizen-server-impl] Started resource nb-tp
[ citizen-server-impl] Server list query returned an error: System.Threading.Tasks.TaskCanceledException: The operation was canceled. <- System.TimeoutException: The operation was canceled. <- System.Threading.Tasks.TaskCanceledException: The request was canceled due to the configured HttpClient.Timeout of 30 seconds elapsing.
[ citizen-server-impl] [91mServer list query returned an error: System.Threading.Tasks.TaskCanceledException: The operation was canceled. <- System.TimeoutException: The operation was canceled. <- System.Threading.Tasks.TaskCanceledException: The request was canceled due to the configured HttpClient.Timeout of 30 seconds elapsing.
[ citizen-server-impl] Server list query returned an error: System.Threading.Tasks.TaskCanceledException: The operation was canceled. <- System.TimeoutException: The operation was canceled. <- System.Threading.Tasks.TaskCanceledException: The request was canceled due to the configured HttpClient.Timeout of 30 seconds elapsing.
[ citizen-server-impl] Stopping resource nb-car_spawn
[ citizen-server-impl] Started resource nb-car_spawn
[ citizen-server-impl] Stopping resource nb-car_spawn
[ citizen-server-impl] Started resource nb-car_spawn
[ citizen-server-impl] Stopping resource nb-car_spawn
[ citizen-server-impl] Started resource nb-car_spawn
[ citizen-server-impl] Stopping resource nb-car_spawn
[ citizen-server-impl] Started resource nb-car_spawn
[ citizen-server-impl] Stopping resource nb-car_spawn
[ citizen-server-impl] Started resource nb-car_spawn
[ citizen-server-impl] Server list query returned an error: System.Threading.Tasks.TaskCanceledException: The operation was canceled. <- System.TimeoutException: The operation was canceled. <- System.Threading.Tasks.TaskCanceledException: The request was canceled due to the configured HttpClient.Timeout of 30 seconds elapsing.
[ citizen-server-impl] Stopping resource nb-car_spawn
[ citizen-server-impl] Started resource nb-car_spawn
[ citizen-server-impl] Server list query returned an error: System.Threading.Tasks.TaskCanceledException: The operation was canceled. <- System.TimeoutException: The operation was canceled. <- System.Threading.Tasks.TaskCanceledException: The request was canceled due to the configured HttpClient.Timeout of 30 seconds elapsing.
[ citizen-server-impl] Stopping resource nb-car_spawn
[ citizen-server-impl] Started resource nb-car_spawn
[ citizen-server-impl] Stopping resource nb-car_spawn
[ citizen-server-impl] Started resource nb-car_spawn
[ citizen-server-impl] Stopping resource nb-car_spawn
[ citizen-server-impl] Started resource nb-car_spawn
[ citizen-server-impl] Server list query returned an error: System.Threading.Tasks.TaskCanceledException: The operation was canceled. <- System.TimeoutException: The operation was canceled. <- System.Threading.Tasks.TaskCanceledException: The request was canceled due to the configured HttpClient.Timeout of 30 seconds elapsing.
[ citizen-server-impl] Stopping resource nb-car_spawn
[ citizen-server-impl] Started resource nb-car_spawn
[ citizen-server-impl] Server list query returned an error: System.Threading.Tasks.TaskCanceledException: The operation was canceled. <- System.TimeoutException: The operation was canceled. <- System.Threading.Tasks.TaskCanceledException: The request was canceled due to the configured HttpClient.Timeout of 30 seconds elapsing.
[ citizen-server-impl] Server list query returned an error: System.Threading.Tasks.TaskCanceledException: The operation was canceled. <- System.TimeoutException: The operation was canceled. <- System.Threading.Tasks.TaskCanceledException: The request was canceled due to the configured HttpClient.Timeout of 30 seconds elapsing.
[ citizen-server-impl] Stopping resource nb-car_spawn
[ citizen-server-impl] Started resource nb-car_spawn
[ citizen-server-impl] Server list query returned an error: System.Threading.Tasks.TaskCanceledException: The operation was canceled. <- System.TimeoutException: The operation was canceled. <- System.Threading.Tasks.TaskCanceledException: The request was canceled due to the configured HttpClient.Timeout of 30 seconds elapsing.
[ citizen-server-impl] Stopping resource nb-car_spawn
[ citizen-server-impl] Started resource nb-car_spawn
[ citizen-server-impl] Stopping resource nb-car_spawn
[ citizen-server-impl] Started resource nb-car_spawn
[ citizen-server-impl] Stopping resource nb-car_spawn
[ citizen-server-impl] Started resource nb-car_spawn
[ citizen-server-impl] Server list query returned an error: System.Threading.Tasks.TaskCanceledException: The operation was canceled. <- System.TimeoutException: The operation was canceled. <- System.Threading.Tasks.TaskCanceledException: The request was canceled due to the configured HttpClient.Timeout of 30 seconds elapsing.
[ citizen-server-impl] Server list query returned an error: System.Threading.Tasks.TaskCanceledException: The operation was canceled. <- System.TimeoutException: The operation was canceled. <- System.Threading.Tasks.TaskCanceledException: The request was canceled due to the configured HttpClient.Timeout of 30 seconds elapsing.
[ citizen-server-impl] Scanning resources.
[ citizen-server-impl] Found 1 new resources, and refreshed 0/34 resources.
[ citizen-server-impl] Started resource nb-notification
[ citizen-server-impl] Server list query returned an error: System.Threading.Tasks.TaskCanceledException: The operation was canceled. <- System.TimeoutException: The operation was canceled. <- System.Threading.Tasks.TaskCanceledException: The request was canceled due to the configured HttpClient.Timeout of 30 seconds elapsing.
[ citizen-server-impl] Stopping resource nb-notification
[ citizen-server-impl] Started resource nb-notification
[ citizen-server-impl] Server list query returned an error: System.Threading.Tasks.TaskCanceledException: The operation was canceled. <- System.TimeoutException: The operation was canceled. <- System.Threading.Tasks.TaskCanceledException: The request was canceled due to the configured HttpClient.Timeout of 30 seconds elapsing.
