
================================================================
======== Log Rotated - 3/6/2022, 3:25:57 PM                     
================================================================

================================================================
======== FXServer Starting - 3/6/2022, 3:26:01 PM               
================================================================
[                 cmd] No such config file: database.cfg
[    c-scripting-core] Creating script environments for _cfx_internal
[ citizen-server-impl] Scanning resources.
[    c-resources-core] Resource loading for node_modules failed:
[    c-resources-core] Could not open resource metadata file - no such file.
[    c-resources-core] Resource loading for src failed:
[    c-resources-core] Could not open resource metadata file - no such file.
[ citizen-server-impl] Found 37 resources.
[          svadhesive] Authenticating server license key...
[          svadhesive] Server license key authentication succeeded. Welcome!
[    c-scripting-core] Creating script environments for sessionmanager
[ citizen-server-impl] Started resource sessionmanager
[    c-scripting-core] Creating script environments for monitor
[      script:monitor] [txAdminClient] Version 4.11.0 starting...
[ citizen-server-impl] Started resource monitor
[              cmdsys] No such command database=fivem.
[              cmdsys] No such command userid=root.
[              cmdsys] No such command '.
[    c-scripting-core] Creating script environments for mapmanager
[ citizen-server-impl] Started resource mapmanager
[    c-scripting-core] Creating script environments for yarn
[ citizen-server-impl] Started resource yarn
[    c-scripting-core] Creating script environments for webpack
[ citizen-server-impl] Started resource webpack
[    c-scripting-core] Creating script environments for chat
[ citizen-server-impl] Started resource chat
[ citizen-server-impl] Started resource spawnmanager
[   script:mapmanager] Started gametype Freeroam
[ citizen-server-impl] Started resource basic-gamemode
[    c-scripting-core] Creating script environments for hardcap
[ citizen-server-impl] Started resource hardcap
[    c-scripting-core] Creating script environments for rconlog
[ citizen-server-impl] Started resource rconlog
[    c-scripting-core] Creating script environments for mysql-async
[ citizen-server-impl] Started resource mysql-async
[ citizen-server-impl] Started resource nb-spawn
[ citizen-server-impl] Started resource nb-coords
[ citizen-server-impl] Started resource nb-tp
[ citizen-server-impl] Started resource nb-car_spawn
[ citizen-server-impl] Started resource nb-notification
[    c-scripting-core] Creating script environments for np-chat
[ citizen-server-impl] Started resource np-chat
[                 cmd] No such config file: database.cfg
[  script:mysql-async] [mysql-async] [ERROR] ER_ACCESS_DENIED_ERROR: Access denied for user 'root'@'localhost' (using password: NO)
[      script:monitor] [txAdminClient] Threads and commands set up. All Ready.
[   script:mapmanager] Started map fivem-map-skater
[ citizen-server-impl] Started resource fivem-map-skater
[ citizen-server-impl]         fff                          
[ citizen-server-impl]   cccc ff   xx  xx     rr rr    eee  
[ citizen-server-impl] cc     ffff   xx       rrr  r ee   e 
[ citizen-server-impl] cc     ff     xx   ... rr     eeeee  
[ citizen-server-impl]  ccccc ff   xx  xx ... rr      eeeee 
[ citizen-server-impl]                                      
[ citizen-server-impl] Authenticated with cfx.re Nucleus: https://nick-bottari-jb47mp.users.cfx.re/
[ citizen-server-impl] -- [server notice: tebex_not_set]
[ citizen-server-impl] ================
[ citizen-server-impl] Monetize your server using Tebex! Visit https://tebex.io/fivem for more info.
[ citizen-server-impl] ================
[ citizen-server-impl] 
[ citizen-server-impl] A client has tried to authenticate using Steam, but `steam_webApiKey` is unset. Please set steam_webApiKey to a Steam Web API key as registered on Valve's https://steamcommunity.com/dev/apikey web page. Steam identifier information will be unavailable otherwise.
[ citizen-server-impl] To suppress this message, `set steam_webApiKey "none"`.
[      script:hardcap] Connecting: ComposedNebula2
[ citizen-server-impl] Server list query returned an error: System.Threading.Tasks.TaskCanceledException: The operation was canceled. <- System.TimeoutException: The operation was canceled. <- System.Threading.Tasks.TaskCanceledException: The request was canceled due to the configured HttpClient.Timeout of 30 seconds elapsing.
[ citizen-server-impl] Stopping resource nb-tp
[ citizen-server-impl] Started resource nb-tp
[ citizen-server-impl] Stopping resource np-chat
[ citizen-server-impl] Server list query returned an error: System.Threading.Tasks.TaskCanceledException: The operation was canceled. <- System.TimeoutException: The operation was canceled. <- System.Threading.Tasks.TaskCanceledException: The request was canceled due to the configured HttpClient.Timeout of 30 seconds elapsing.
[ citizen-server-impl] Stopping resource nb-tp
[ citizen-server-impl] Started resource nb-tp
[ citizen-server-impl] Stopping resource nb-tp
[ citizen-server-impl] Started resource nb-tp
[ citizen-server-impl] Stopping resource nb-tp
[ citizen-server-impl] Started resource nb-tp
[ citizen-server-impl] Stopping resource nb-tp
[ citizen-server-impl] Started resource nb-tp
[ citizen-server-impl] Stopping resource nb-tp
[ citizen-server-impl] Started resource nb-tp
[ citizen-server-impl] Server list query returned an error: System.Threading.Tasks.TaskCanceledException: The operation was canceled. <- System.TimeoutException: The operation was canceled. <- System.Threading.Tasks.TaskCanceledException: The request was canceled due to the configured HttpClient.Timeout of 30 seconds elapsing.
[ citizen-server-impl] Stopping resource nb-tp
[ citizen-server-impl] Started resource nb-tp
[ citizen-server-impl] Stopping resource nb-tp
[ citizen-server-impl] Started resource nb-tp
[ citizen-server-impl] Stopping resource nb-tp
[ citizen-server-impl] Started resource nb-tp
[ citizen-server-impl] Server list query returned an error: System.Threading.Tasks.TaskCanceledException: The operation was canceled. <- System.TimeoutException: The operation was canceled. <- System.Threading.Tasks.TaskCanceledException: The request was canceled due to the configured HttpClient.Timeout of 30 seconds elapsing.
[ citizen-server-impl] Stopping resource nb-tp
[ citizen-server-impl] Started resource nb-tp
[ citizen-server-impl] Server list query returned an error: System.Threading.Tasks.TaskCanceledException: The operation was canceled. <- System.TimeoutException: The operation was canceled. <- System.Threading.Tasks.TaskCanceledException: The request was canceled due to the configured HttpClient.Timeout of 30 seconds elapsing.
[ citizen-server-impl] Server list query returned an error: System.Threading.Tasks.TaskCanceledException: The operation was canceled. <- System.TimeoutException: The operation was canceled. <- System.Threading.Tasks.TaskCanceledException: The request was canceled due to the configured HttpClient.Timeout of 30 seconds elapsing.
[ citizen-server-impl] Stopping resource nb-tp
[ citizen-server-impl] Started resource nb-tp
[ citizen-server-impl] Server list query returned an error: System.Threading.Tasks.TaskCanceledException: The operation was canceled. <- System.TimeoutException: The operation was canceled. <- System.Threading.Tasks.TaskCanceledException: The request was canceled due to the configured HttpClient.Timeout of 30 seconds elapsing.
[ citizen-server-impl] Server list query returned an error: System.Threading.Tasks.TaskCanceledException: The operation was canceled. <- System.TimeoutException: The operation was canceled. <- System.Threading.Tasks.TaskCanceledException: The request was canceled due to the configured HttpClient.Timeout of 30 seconds elapsing.
[ citizen-server-impl] Stopping resource nb-spawn
[ citizen-server-impl] Started resource nb-spawn
[ citizen-server-impl] Stopping resource nb-spawn
[ citizen-server-impl] Started resource nb-spawn
[ citizen-server-impl] Stopping resource nb-spawn
[ citizen-server-impl] Started resource nb-spawn
[    c-scripting-core] Creating script environments for runcode
[ citizen-server-impl] Started resource runcode
[ citizen-server-impl] Stopping resource nb-spawn
[ citizen-server-impl] Started resource nb-spawn
[ citizen-server-impl] Server list query returned an error: System.Threading.Tasks.TaskCanceledException: The operation was canceled. <- System.TimeoutException: The operation was canceled. <- System.Threading.Tasks.TaskCanceledException: The request was canceled due to the configured HttpClient.Timeout of 30 seconds elapsing.
[ citizen-server-impl] Stopping resource nb-spawn
[ citizen-server-impl] Started resource nb-spawn
[ citizen-server-impl] Stopping resource nb-spawn
[ citizen-server-impl] Started resource nb-spawn
[ citizen-server-impl] Stopping resource nb-spawn
[ citizen-server-impl] Started resource nb-spawn
[ citizen-server-impl] Stopping resource nb-spawn
[ citizen-server-impl] Started resource nb-spawn
[ citizen-server-impl] Stopping resource nb-spawn
[ citizen-server-impl] Started resource nb-spawn
[ citizen-server-impl] Server list query returned an error: System.Threading.Tasks.TaskCanceledException: The operation was canceled. <- System.TimeoutException: The operation was canceled. <- System.Threading.Tasks.TaskCanceledException: The request was canceled due to the configured HttpClient.Timeout of 30 seconds elapsing.
[ citizen-server-impl] Stopping resource nb-spawn
[ citizen-server-impl] Started resource nb-spawn
[ citizen-server-impl] Stopping resource nb-spawn
[ citizen-server-impl] Started resource nb-spawn
[ citizen-server-impl] Stopping resource nb-spawn
[ citizen-server-impl] Started resource nb-spawn
[ citizen-server-impl] Server list query returned an error: System.Threading.Tasks.TaskCanceledException: The operation was canceled. <- System.TimeoutException: The operation was canceled. <- System.Threading.Tasks.TaskCanceledException: The request was canceled due to the configured HttpClient.Timeout of 30 seconds elapsing.
[ citizen-server-impl] Stopping resource nb-spawn
[ citizen-server-impl] Started resource nb-spawn
[ citizen-server-impl] Stopping resource nb-spawn
[ citizen-server-impl] Started resource nb-spawn
[ citizen-server-impl] A client has tried to authenticate using Steam, but `steam_webApiKey` is unset. Please set steam_webApiKey to a Steam Web API key as registered on Valve's https://steamcommunity.com/dev/apikey web page. Steam identifier information will be unavailable otherwise.
[ citizen-server-impl] To suppress this message, `set steam_webApiKey "none"`.
[      script:hardcap] Connecting: ComposedNebula2
[ citizen-server-impl] Server list query returned an error: System.Threading.Tasks.TaskCanceledException: The operation was canceled. <- System.TimeoutException: The operation was canceled. <- System.Threading.Tasks.TaskCanceledException: The request was canceled due to the configured HttpClient.Timeout of 30 seconds elapsing.
[ citizen-server-impl] Server list query returned an error: System.Threading.Tasks.TaskCanceledException: The operation was canceled. <- System.TimeoutException: The operation was canceled. <- System.Threading.Tasks.TaskCanceledException: The request was canceled due to the configured HttpClient.Timeout of 30 seconds elapsing.
> txaEvent "adminsUpdated" "[]"
> txaReportResources
[      script:monitor] [txAdminClient] Sending resources list to txAdmin.
> ensure "nb-spawn"
[ citizen-server-impl] Stopping resource nb-spawn
[ citizen-server-impl] Started resource nb-spawn
> txaReportResources
[      script:monitor] [txAdminClient] Sending resources list to txAdmin.
[ citizen-server-impl] A client has tried to authenticate using Steam, but `steam_webApiKey` is unset. Please set steam_webApiKey to a Steam Web API key as registered on Valve's https://steamcommunity.com/dev/apikey web page. Steam identifier information will be unavailable otherwise.
[ citizen-server-impl] To suppress this message, `set steam_webApiKey "none"`.
[      script:hardcap] Connecting: ComposedNebula2
[ citizen-server-impl] Server list query returned an error: System.Threading.Tasks.TaskCanceledException: The operation was canceled. <- System.TimeoutException: The operation was canceled. <- System.Threading.Tasks.TaskCanceledException: The request was canceled due to the configured HttpClient.Timeout of 30 seconds elapsing.
[ citizen-server-impl] Stopping resource nb-spawn
[ citizen-server-impl] Started resource nb-spawn
[ citizen-server-impl] Stopping resource nb-spawn
[ citizen-server-impl] Started resource nb-spawn
[ citizen-server-impl] Stopping resource nb-spawn
[ citizen-server-impl] Started resource nb-spawn
[ citizen-server-impl] Stopping resource nb-spawn
[ citizen-server-impl] Started resource nb-spawn
[ citizen-server-impl] A client has tried to authenticate using Steam, but `steam_webApiKey` is unset. Please set steam_webApiKey to a Steam Web API key as registered on Valve's https://steamcommunity.com/dev/apikey web page. Steam identifier information will be unavailable otherwise.
[ citizen-server-impl] To suppress this message, `set steam_webApiKey "none"`.
[      script:hardcap] Connecting: ComposedNebula2
[ citizen-server-impl] Server list query returned an error: System.Threading.Tasks.TaskCanceledException: The operation was canceled. <- System.TimeoutException: The operation was canceled. <- System.Threading.Tasks.TaskCanceledException: The request was canceled due to the configured HttpClient.Timeout of 30 seconds elapsing.
[ citizen-server-impl] Stopping resource spawnmanager
[ citizen-server-impl] Started resource spawnmanager
[ citizen-server-impl] Stopping resource nb-spawn
[ citizen-server-impl] Started resource nb-spawn
[ citizen-server-impl] [91mServer list query returned an error: System.Threading.Tasks.TaskCanceledException: The operation was canceled. <- System.TimeoutException: The operation was canceled. <- System.Threading.Tasks.TaskCanceledException: The request was canceled due to the configured HttpClient.Timeout of 30 seconds elapsing.
[ citizen-server-impl] A client has tried to authenticate using Steam, but `steam_webApiKey` is unset. Please set steam_webApiKey to a Steam Web API key as registered on Valve's https://steamcommunity.com/dev/apikey web page. Steam identifier information will be unavailable otherwise.
[ citizen-server-impl] To suppress this message, `set steam_webApiKey "none"`.
[      script:hardcap] Connecting: ComposedNebula2
[ citizen-server-impl] Server list query returned an error: System.Threading.Tasks.TaskCanceledException: The operation was canceled. <- System.TimeoutException: The operation was canceled. <- System.Threading.Tasks.TaskCanceledException: The request was canceled due to the configured HttpClient.Timeout of 30 seconds elapsing.
[ citizen-server-impl] Server list query returned an error: System.Threading.Tasks.TaskCanceledException: The operation was canceled. <- System.TimeoutException: The operation was canceled. <- System.Threading.Tasks.TaskCanceledException: The request was canceled due to the configured HttpClient.Timeout of 30 seconds elapsing.
[ citizen-server-impl] Stopping resource nb-spawn
[ citizen-server-impl] Started resource nb-spawn
[ citizen-server-impl] Couldn't find resource np-vhat.
[    c-scripting-core] Creating script environments for np-chat
[ citizen-server-impl] Started resource np-chat
[ citizen-server-impl] Stopping resource np-chat
[    c-scripting-core] Creating script environments for np-chat
[ citizen-server-impl] Started resource np-chat
[ citizen-server-impl] Server list query returned an error: System.Threading.Tasks.TaskCanceledException: The operation was canceled. <- System.TimeoutException: The operation was canceled. <- System.Threading.Tasks.TaskCanceledException: The request was canceled due to the configured HttpClient.Timeout of 30 seconds elapsing.
[ citizen-server-impl] Stopping resource np-chat
[ citizen-server-impl] Server list query returned an error: System.Threading.Tasks.TaskCanceledException: The operation was canceled. <- System.TimeoutException: The operation was canceled. <- System.Threading.Tasks.TaskCanceledException: The request was canceled due to the configured HttpClient.Timeout of 30 seconds elapsing.
[ citizen-server-impl] Server list query returned an error: System.Threading.Tasks.TaskCanceledException: The operation was canceled. <- System.TimeoutException: The operation was canceled. <- System.Threading.Tasks.TaskCanceledException: The request was canceled due to the configured HttpClient.Timeout of 30 seconds elapsing.
[ citizen-server-main] -> Quitting: SIGINT received

================================================================
======== FXServer Starting - 3/6/2022, 4:58:50 PM               
================================================================
[                 cmd] No such config file: database.cfg
[    c-scripting-core] Creating script environments for _cfx_internal
[ citizen-server-impl] Scanning resources.
[    c-resources-core] Resource loading for node_modules failed:
[    c-resources-core] Could not open resource metadata file - no such file.
[ citizen-server-impl] Found 35 resources.
[          svadhesive] Authenticating server license key...
[          svadhesive] Server license key authentication succeeded. Welcome!
[    c-scripting-core] Creating script environments for sessionmanager
[ citizen-server-impl] Started resource sessionmanager
[    c-scripting-core] Creating script environments for monitor
[      script:monitor] [txAdminClient] Version 4.11.0 starting...
[ citizen-server-impl] Started resource monitor
[              cmdsys] No such command database=fivem.
[              cmdsys] No such command userid=root.
[              cmdsys] No such command '.
[    c-scripting-core] Creating script environments for mapmanager
[ citizen-server-impl] Started resource mapmanager
[    c-scripting-core] Creating script environments for yarn
[ citizen-server-impl] Started resource yarn
[    c-scripting-core] Creating script environments for webpack
[ citizen-server-impl] Started resource webpack
[    c-scripting-core] Creating script environments for chat
[ citizen-server-impl] Started resource chat
[ citizen-server-impl] Started resource spawnmanager
[   script:mapmanager] Started gametype Freeroam
[ citizen-server-impl] Started resource basic-gamemode
[    c-scripting-core] Creating script environments for hardcap
[ citizen-server-impl] Started resource hardcap
[    c-scripting-core] Creating script environments for rconlog
[ citizen-server-impl] Started resource rconlog
[    c-scripting-core] Creating script environments for mysql-async
[ citizen-server-impl] Started resource mysql-async
[ citizen-server-impl] Started resource nb-spawn
[ citizen-server-impl] Started resource nb-coords
[ citizen-server-impl] Started resource nb-tp
[ citizen-server-impl] Started resource nb-car_spawn
[ citizen-server-impl] Started resource nb-notification
[    c-scripting-core] Creating script environments for np-chat
[ citizen-server-impl] Started resource np-chat
[    c-scripting-core] Creating script environments for mysql-insert
[ citizen-server-impl] Started resource mysql-insert
[                 cmd] No such config file: database.cfg
[  script:mysql-async] [mysql-async] [SUCCESS] Database server connection established.
[      script:monitor] [txAdminClient] Threads and commands set up. All Ready.
[   script:mapmanager] Started map fivem-map-skater
[ citizen-server-impl] Started resource fivem-map-skater
[ citizen-server-impl]         fff                          
[ citizen-server-impl]   cccc ff   xx  xx     rr rr    eee  
[ citizen-server-impl] cc     ffff   xx       rrr  r ee   e 
[ citizen-server-impl] cc     ff     xx   ... rr     eeeee  
[ citizen-server-impl]  ccccc ff   xx  xx ... rr      eeeee 
[ citizen-server-impl]                                      
[ citizen-server-impl] Authenticated with cfx.re Nucleus: https://nick-bottari-jb47mp.users.cfx.re/
[ citizen-server-impl] -- [server notice: tebex_not_set]
[ citizen-server-impl] ================
[ citizen-server-impl] Monetize your server using Tebex! Visit https://tebex.io/fivem for more info.
[ citizen-server-impl] ================
[ citizen-server-impl] 
[ citizen-server-impl] A client has tried to authenticate using Steam, but `steam_webApiKey` is unset. Please set steam_webApiKey to a Steam Web API key as registered on Valve's https://steamcommunity.com/dev/apikey web page. Steam identifier information will be unavailable otherwise.
[ citizen-server-impl] To suppress this message, `set steam_webApiKey "none"`.
[      script:hardcap] Connecting: ComposedNebula2
[ citizen-server-impl] [0mStopping resource np-chat
[ citizen-server-impl]         fff                          
[38;5;73m[ citizen-server-impl]   cccc ff   xx  xx     rr rr    eee  
[ citizen-server-impl] cc     ffff   xx       rrr  r ee   e 
[ citizen-server-impl] cc     ff     xx   ... rr     eeeee  
[ citizen-server-impl]  ccccc ff   xx  xx ... rr      eeeee 
[ citizen-server-impl]                                      
[ citizen-server-impl] Authenticated with cfx.re Nucleus: https://nick-bottari-jb47mp.users.cfx.re/
[ citizen-server-impl] -- [server notice: tebex_not_set]
[ citizen-server-impl] ================
[ citizen-server-impl] Monetize your server using Tebex! Visit https://tebex.io/fivem for more info.
[ citizen-server-impl] ================
[ citizen-server-impl] 
[ citizen-server-impl] Server list query returned an error: System.Threading.Tasks.TaskCanceledException: The operation was canceled. <- System.TimeoutException: The operation was canceled. <- System.Threading.Tasks.TaskCanceledException: The request was canceled due to the configured HttpClient.Timeout of 30 seconds elapsing.
[  script:mysql-async] [MariaDB:10.4.22-MariaDB] [WARNING] [mysql-insert] [88670ms] INSERT INTO datatable (id, steamName, data) VALUES (?, ?, ?) : ["license:806902a93baccf1551e5e82d72b60b965ef45b57","ComposedNebula2","This is a test message"]
[  script:mysql-async] [MariaDB:10.4.22-MariaDB] [ERROR] [mysql-insert] An error happens for query "INSERT INTO datatable (id, steamName, data) VALUES (?, ?, ?) : ["license:806902a93baccf1551e5e82d72b60b965ef45b57","ComposedNebula2","This is a test message"]": read ECONNRESET
[ citizen-server-impl] Server list query returned an error: System.Threading.Tasks.TaskCanceledException: The operation was canceled. <- System.TimeoutException: The operation was canceled. <- System.Threading.Tasks.TaskCanceledException: The request was canceled due to the configured HttpClient.Timeout of 30 seconds elapsing.
[ citizen-server-impl] Stopping resource mysql-async
[    c-scripting-core] Creating script environments for mysql-async
[ citizen-server-impl] Started resource mysql-async
[  script:mysql-async] [mysql-async] [SUCCESS] Database server connection established.
[ citizen-server-impl] Stopping resource mysql-insert
[    c-scripting-core] Creating script environments for mysql-insert
[ citizen-server-impl] Started resource mysql-insert
[ citizen-server-impl] Server list query returned an error: System.Threading.Tasks.TaskCanceledException: The operation was canceled. <- System.TimeoutException: The operation was canceled. <- System.Threading.Tasks.TaskCanceledException: The request was canceled due to the configured HttpClient.Timeout of 30 seconds elapsing.
[ citizen-server-main] -> Quitting: SIGHUP received
