
================================================================
======== txAdmin Starting - 3/6/2022, 3:25:56 PM                
================================================================

================================================================
======== Log Rotated - 3/6/2022, 3:25:57 PM                     
================================================================
[3:26:08 PM] txAdmin: Logger started
[3:26:46 PM] [3ywcm#1] ComposedNebula2: joined with identifiers [license:806902a93baccf1551e5e82d72b60b965ef45b57; xbl:2535459259945443; live:1055521595021955; discord:311597948553134081; fivem:1153130]
[3:28:31 PM] [3ywcm#1] ComposedNebula2: said "/carspawn adder"
[3:28:31 PM] [3ywcm#1] ComposedNebula2: said "/carspawn adder"
[3:36:31 PM] [3ywcm#1] ComposedNebula2: said "/tp_saved casino"
[3:46:10 PM] [3ywcm#1] ComposedNebula2: said "/spawn\"
[3:49:38 PM] [3ywcm#1] ComposedNebula2: said "/crun DoScreenFadeOut(1000)"
[3:54:03 PM] [3ywcm#1] ComposedNebula2: said "/spawn\"
[3:55:43 PM] [3ywcm#1] ComposedNebula2: said "/spawm"
[3:58:34 PM] [3ywcm#1] ComposedNebula2: disconnected
[3:58:46 PM] [3ywcm#2] ComposedNebula2: joined with identifiers [license:806902a93baccf1551e5e82d72b60b965ef45b57; xbl:2535459259945443; live:1055521595021955; discord:311597948553134081; fivem:1153130]
[3:59:49 PM] [3ywcm#2] ComposedNebula2: disconnected
[4:00:23 PM] [3ywcm#3] ComposedNebula2: joined with identifiers [license:806902a93baccf1551e5e82d72b60b965ef45b57; xbl:2535459259945443; live:1055521595021955; discord:311597948553134081; fivem:1153130]
[4:03:12 PM] [3ywcm#3] ComposedNebula2: disconnected
[4:03:25 PM] [3ywcm#4] ComposedNebula2: joined with identifiers [license:806902a93baccf1551e5e82d72b60b965ef45b57; xbl:2535459259945443; live:1055521595021955; discord:311597948553134081; fivem:1153130]
[4:05:13 PM] [3ywcm#4] ComposedNebula2: disconnected
[4:05:39 PM] [3ywcm#5] ComposedNebula2: joined with identifiers [license:806902a93baccf1551e5e82d72b60b965ef45b57; xbl:2535459259945443; live:1055521595021955; discord:311597948553134081; fivem:1153130]
[4:20:48 PM] [3ywcm#5] ComposedNebula2: disconnected

================================================================
======== txAdmin Starting - 3/6/2022, 4:58:43 PM                
================================================================
[4:58:54 PM] txAdmin: Logger started
[4:59:13 PM] [b7Ynb#1] ComposedNebula2: joined with identifiers [license:806902a93baccf1551e5e82d72b60b965ef45b57; xbl:2535459259945443; live:1055521595021955; discord:311597948553134081; fivem:1153130]
[5:06:52 PM] [b7Ynb#1] ComposedNebula2: disconnected
