
================================================================
======== txAdmin Starting - 1/30/2022, 2:32:54 PM               
================================================================
[2:32:57 PM] txAdmin: Logger started
[2:33:29 PM] [giFqT#1] ComposedNebula2: joined with identifiers [license:806902a93baccf1551e5e82d72b60b965ef45b57; xbl:2535459259945443; live:1055521595021955; discord:311597948553134081; fivem:1153130]
[2:34:16 PM] [giFqT#1] ComposedNebula2: enabled noclip
[2:34:19 PM] [giFqT#1] ComposedNebula2: became mortal (standard mode)
[2:34:20 PM] [giFqT#1] ComposedNebula2: enabled noclip
[2:34:51 PM] [giFqT#1] ComposedNebula2: became mortal (standard mode)
[2:34:57 PM] [giFqT#1] ComposedNebula2: spawned a vehicle (model: adder)
[2:35:51 PM] [giFqT#1] ComposedNebula2: cleared an area with 200m radius
[2:36:18 PM] [giFqT#1] ComposedNebula2: repaired their vehicle
[2:37:18 PM] [giFqT#1] ComposedNebula2: disconnected
[2:37:51 PM] [giFqT#2] ComposedNebula2: joined with identifiers [license:806902a93baccf1551e5e82d72b60b965ef45b57; xbl:2535459259945443; live:1055521595021955; discord:311597948553134081; fivem:1153130]
[2:53:50 PM] [giFqT#2] ComposedNebula2: said "/tp"
[3:24:52 PM] [giFqT#2] ComposedNebula2: said "/t["
[3:43:44 PM] [giFqT#2] ComposedNebula2: said "/SetEntityCoords(-1,0,0,0,true,true,false,false)'"
[3:43:46 PM] [giFqT#2] ComposedNebula2: said "/SetEntityCoords(-1,0,0,0,true,true,false,false)"
[3:44:41 PM] [giFqT#2] ComposedNebula2: said "/SetEntityCoords(-1,0,0,0,true,true,false,false)"
[3:57:08 PM] [giFqT#2] ComposedNebula2: said "/tp"
[3:57:13 PM] [giFqT#2] ComposedNebula2: said "/tp 1 1 1"
[4:01:59 PM] [giFqT#2] ComposedNebula2: died from suicide (Falling)
[4:02:44 PM] [giFqT#2] ComposedNebula2: died from suicide (Falling)
[4:03:07 PM] [giFqT#2] ComposedNebula2: died from suicide (Falling)
[4:04:26 PM] [giFqT#2] ComposedNebula2: died from suicide (Falling)
[4:06:50 PM] [giFqT#2] ComposedNebula2: said "/tp"
[4:07:35 PM] [giFqT#2] ComposedNebula2: said "/tp 700 0 0"
[4:07:59 PM] [giFqT#2] ComposedNebula2: died from suicide (Falling)
[4:09:36 PM] [giFqT#2] ComposedNebula2: disconnected
[4:42:37 PM] [giFqT#3] ComposedNebula2: joined with identifiers [license:806902a93baccf1551e5e82d72b60b965ef45b57; xbl:2535459259945443; live:1055521595021955; discord:311597948553134081; fivem:1153130]
[4:43:15 PM] [giFqT#3] ComposedNebula2: died from suicide (Falling)
[4:43:29 PM] [giFqT#3] ComposedNebula2: died from suicide (Falling)
[4:45:24 PM] [giFqT#3] ComposedNebula2: spawned a vehicle (model: adder)
[4:46:33 PM] [giFqT#3] ComposedNebula2: spawned a vehicle (model: f620)
[4:46:35 PM] [giFqT#3] ComposedNebula2: spawned a vehicle (model: sc1)
[4:49:52 PM] [giFqT#3] ComposedNebula2: spawned a vehicle (model: police)
[4:51:19 PM] [giFqT#3] ComposedNebula2: disconnected
[4:52:11 PM] [giFqT#4] ComposedNebula2: joined with identifiers [license:806902a93baccf1551e5e82d72b60b965ef45b57; xbl:2535459259945443; live:1055521595021955; discord:311597948553134081; fivem:1153130]
[4:56:32 PM] [giFqT#4] ComposedNebula2: enabled noclip
[4:56:32 PM] [giFqT#4] ComposedNebula2: became mortal (standard mode)
[4:56:34 PM] [giFqT#4] ComposedNebula2: enabled noclip
[4:57:01 PM] [giFqT#4] ComposedNebula2: healed all players!
[4:57:02 PM] [giFqT#4] ComposedNebula2: healed themself
[4:57:11 PM] [giFqT#4] ComposedNebula2: cleared an area with 300m radius
[4:58:07 PM] txAdmin: Logger started
[4:58:51 PM] [TLNNt#1] ComposedNebula2: joined with identifiers [license:806902a93baccf1551e5e82d72b60b965ef45b57; xbl:2535459259945443; live:1055521595021955; discord:311597948553134081; fivem:1153130]
[4:59:44 PM] [TLNNt#1] ComposedNebula2: said "/tp"
[5:00:21 PM] [TLNNt#1] ComposedNebula2: enabled noclip
[5:00:40 PM] [TLNNt#1] ComposedNebula2: disconnected
[5:00:57 PM] [TLNNt#2] ComposedNebula2: joined with identifiers [license:806902a93baccf1551e5e82d72b60b965ef45b57; xbl:2535459259945443; live:1055521595021955; discord:311597948553134081; fivem:1153130]
[5:04:14 PM] [TLNNt#2] ComposedNebula2: spawned a vehicle (model: zentorno)
[5:08:01 PM] [TLNNt#2] ComposedNebula2: died from suicide (Ranover by Vehicle)
[5:18:59 PM] [TLNNt#2] ComposedNebula2: said "/print('hello')"
[5:24:30 PM] [TLNNt#2] ComposedNebula2: spawned a vehicle (model: bison)
[5:25:08 PM] [TLNNt#2] ComposedNebula2: spawned a vehicle (model: boxville)
[5:25:12 PM] [TLNNt#2] ComposedNebula2: spawned a vehicle (model: boxville)
[5:25:16 PM] [TLNNt#2] ComposedNebula2: spawned a vehicle (model: boxville)
[5:34:59 PM] [TLNNt#2] ComposedNebula2: died from suicide
[5:36:29 PM] [TLNNt#2] ComposedNebula2: died from suicide (Falling)
[5:40:41 PM] [TLNNt#2] ComposedNebula2: enabled noclip
[5:41:14 PM] [TLNNt#2] ComposedNebula2: became mortal (standard mode)
[5:52:13 PM] [TLNNt#2] ComposedNebula2: enabled noclip
[5:52:31 PM] [TLNNt#2] ComposedNebula2: became mortal (standard mode)
[6:34:10 PM] [TLNNt#2] ComposedNebula2: disconnected

================================================================
======== txAdmin Starting - 1/30/2022, 6:36:39 PM               
================================================================
[6:36:42 PM] txAdmin: Logger started
[6:40:59 PM] [Jra8J#1] ComposedNebula2: joined with identifiers [license:806902a93baccf1551e5e82d72b60b965ef45b57; xbl:2535459259945443; live:1055521595021955; discord:311597948553134081; fivem:1153130]
[6:41:47 PM] txAdmin: ((Broadcast) Nick_Bottari): said "joe mom"
[6:42:07 PM] [Jra8J#1] ComposedNebula2: said "/tsay hi"
[6:42:43 PM] [Jra8J#1] ComposedNebula2: said "/quir"
[6:42:44 PM] [Jra8J#1] ComposedNebula2: disconnected
[6:55:49 PM] [Jra8J#2] ComposedNebula2: joined with identifiers [license:806902a93baccf1551e5e82d72b60b965ef45b57; xbl:2535459259945443; live:1055521595021955; discord:311597948553134081; fivem:1153130]
[6:56:21 PM] [Jra8J#2] ComposedNebula2: said "/carspawn adder"
