
================================================================
======== txAdmin Starting - 3/12/2022, 5:24:51 PM               
================================================================

================================================================
======== Log Rotated - 3/12/2022, 5:24:51 PM                    
================================================================
[5:25:02 PM] txAdmin: Logger started
[5:25:47 PM] [g6YHm#1] ComposedNebula2: joined with identifiers [license:806902a93baccf1551e5e82d72b60b965ef45b57; xbl:2535459259945443; live:1055521595021955; discord:311597948553134081; fivem:1153130]
[5:30:00 PM] [g6YHm#1] ComposedNebula2: caused an explosion (PLANE)
[5:30:02 PM] [g6YHm#1] ComposedNebula2: died from suicide
[5:31:17 PM] [g6YHm#1] ComposedNebula2: died from suicide (Falling)
[5:35:01 PM] [g6YHm#1] ComposedNebula2: enabled noclip
[5:35:07 PM] [g6YHm#1] ComposedNebula2: became mortal (standard mode)
[5:35:20 PM] [g6YHm#1] ComposedNebula2: died from suicide (Falling)
[5:35:31 PM] [g6YHm#1] ComposedNebula2: died from suicide (Falling)
[5:46:17 PM] [g6YHm#1] ComposedNebula2: said "/txAdmin:noClipToggle"
[5:46:33 PM] [g6YHm#1] ComposedNebula2: enabled noclip
[5:47:11 PM] [g6YHm#1] ComposedNebula2: became mortal (standard mode)
[5:47:23 PM] [g6YHm#1] ComposedNebula2: died from suicide (Falling)
[6:43:58 PM] [g6YHm#1] ComposedNebula2: said "/txadmin\"
[6:45:03 PM] [g6YHm#1] ComposedNebula2: said "/ClearOverrideWeather()"
[6:51:38 PM] [g6YHm#1] ComposedNebula2: said "/SetOverrideWeather(0x36A83D84)"
[7:05:11 PM] [g6YHm#1] ComposedNebula2: caused an explosion (PLANE_ROCKET)
[7:05:12 PM] [g6YHm#1] ComposedNebula2: caused an explosion (PLANE_ROCKET)
[7:05:17 PM] [g6YHm#1] ComposedNebula2: caused an explosion (PLANE_ROCKET)
[7:05:17 PM] [g6YHm#1] ComposedNebula2: caused an explosion (PLANE)
[7:05:26 PM] [g6YHm#1] ComposedNebula2: caused an explosion (PLANE_ROCKET)
[7:05:29 PM] [g6YHm#1] ComposedNebula2: caused an explosion (PLANE_ROCKET)
[7:05:33 PM] [g6YHm#1] ComposedNebula2: caused an explosion (PLANE_ROCKET)
[7:05:33 PM] [g6YHm#1] ComposedNebula2: caused an explosion (PLANE_ROCKET)
[7:05:33 PM] [g6YHm#1] ComposedNebula2: caused an explosion (GRENADE)
[7:05:33 PM] [g6YHm#1] ComposedNebula2: caused an explosion (GRENADE)
[7:05:33 PM] [g6YHm#1] ComposedNebula2: caused an explosion (GRENADE)
[7:05:33 PM] [g6YHm#1] ComposedNebula2: caused an explosion (GRENADE)
[7:05:33 PM] [g6YHm#1] ComposedNebula2: caused an explosion (GRENADE)
[7:05:33 PM] [g6YHm#1] ComposedNebula2: caused an explosion (GRENADE)
[7:05:33 PM] [g6YHm#1] ComposedNebula2: caused an explosion (GRENADE)
[7:05:35 PM] [g6YHm#1] ComposedNebula2: caused an explosion (PLANE_ROCKET)
[7:05:37 PM] [g6YHm#1] ComposedNebula2: caused an explosion (PLANE_ROCKET)
[7:05:41 PM] [g6YHm#1] ComposedNebula2: caused an explosion (PLANE_ROCKET)
[7:05:45 PM] [g6YHm#1] ComposedNebula2: caused an explosion (PLANE_ROCKET)
[7:12:35 PM] [g6YHm#1] ComposedNebula2: died from suicide (Pump Shotgun)
[7:14:52 PM] [g6YHm#1] ComposedNebula2: caused an explosion (PLANE)
[7:16:01 PM] [g6YHm#1] ComposedNebula2: died from suicide (Carbine Rifle)
[7:20:18 PM] [g6YHm#1] ComposedNebula2: died from suicide (Pistol)
[7:20:59 PM] [g6YHm#1] ComposedNebula2: died from suicide (Pistol)
[7:22:46 PM] [g6YHm#1] ComposedNebula2: died from suicide (Pistol)
[7:25:12 PM] [g6YHm#1] ComposedNebula2: died from suicide (Pistol)
[7:26:36 PM] [g6YHm#1] ComposedNebula2: died from suicide (Pistol)
[7:26:46 PM] [g6YHm#1] ComposedNebula2: said "/CreateMobilePhone(1)"
[7:27:15 PM] [g6YHm#1] ComposedNebula2: disconnected
